{"/Users/kulmashev/agc-workspace/agc-mobile/src/components/Button.tsx": {"path":"/Users/kulmashev/agc-workspace/agc-mobile/src/components/Button.tsx","statementMap":{"0":{"start":{"line":23,"column":45},"end":{"line":67,"column":1}},"1":{"start":{"line":33,"column":22},"end":{"line":39,"column":3}},"2":{"start":{"line":41,"column":28},"end":{"line":46,"column":3}},"3":{"start":{"line":48,"column":2},"end":{"line":66,"column":4}},"4":{"start":{"line":69,"column":15},"end":{"line":131,"column":2}}},"fnMap":{"0":{"name":"(anonymous_0)","decl":{"start":{"line":23,"column":45},"end":{"line":23,"column":46}},"loc":{"start":{"line":32,"column":6},"end":{"line":67,"column":1}},"line":32}},"branchMap":{"0":{"loc":{"start":{"line":26,"column":2},"end":{"line":26,"column":21}},"type":"default-arg","locations":[{"start":{"line":26,"column":12},"end":{"line":26,"column":21}}],"line":26},"1":{"loc":{"start":{"line":27,"column":2},"end":{"line":27,"column":17}},"type":"default-arg","locations":[{"start":{"line":27,"column":9},"end":{"line":27,"column":17}}],"line":27},"2":{"loc":{"start":{"line":28,"column":2},"end":{"line":28,"column":17}},"type":"default-arg","locations":[{"start":{"line":28,"column":12},"end":{"line":28,"column":17}}],"line":28},"3":{"loc":{"start":{"line":29,"column":2},"end":{"line":29,"column":18}},"type":"default-arg","locations":[{"start":{"line":29,"column":13},"end":{"line":29,"column":18}}],"line":29},"4":{"loc":{"start":{"line":37,"column":4},"end":{"line":37,"column":44}},"type":"binary-expr","locations":[{"start":{"line":37,"column":5},"end":{"line":37,"column":13}},{"start":{"line":37,"column":17},"end":{"line":37,"column":24}},{"start":{"line":37,"column":29},"end":{"line":37,"column":44}}],"line":37},"5":{"loc":{"start":{"line":52,"column":16},"end":{"line":52,"column":35}},"type":"binary-expr","locations":[{"start":{"line":52,"column":16},"end":{"line":52,"column":24}},{"start":{"line":52,"column":28},"end":{"line":52,"column":35}}],"line":52},"6":{"loc":{"start":{"line":56,"column":38},"end":{"line":56,"column":57}},"type":"binary-expr","locations":[{"start":{"line":56,"column":38},"end":{"line":56,"column":46}},{"start":{"line":56,"column":50},"end":{"line":56,"column":57}}],"line":56},"7":{"loc":{"start":{"line":58,"column":7},"end":{"line":64,"column":7}},"type":"cond-expr","locations":[{"start":{"line":59,"column":8},"end":{"line":61,"column":10}},{"start":{"line":63,"column":8},"end":{"line":63,"column":54}}],"line":58},"8":{"loc":{"start":{"line":60,"column":17},"end":{"line":60,"column":83}},"type":"cond-expr","locations":[{"start":{"line":60,"column":41},"end":{"line":60,"column":61}},{"start":{"line":60,"column":64},"end":{"line":60,"column":83}}],"line":60}},"s":{"0":1,"1":4,"2":4,"3":4,"4":1},"f":{"0":4},"b":{"0":[4],"1":[4],"2":[3],"3":[3],"4":[4,3,2],"5":[4,3],"6":[4,3],"7":[1,3],"8":[1,0]},"_coverageSchema":"1a1c01bbd47fc00a2c39e90264f33305004495a9","hash":"3c5086a8e575d1dcf39e3943e403f0544ccaf4fb"}
,"/Users/kulmashev/agc-workspace/agc-mobile/src/components/CourseCard.tsx": {"path":"/Users/kulmashev/agc-workspace/agc-mobile/src/components/CourseCard.tsx","statementMap":{"0":{"start":{"line":20,"column":53},"end":{"line":99,"column":1}},"1":{"start":{"line":28,"column":23},"end":{"line":28,"column":47}},"2":{"start":{"line":29,"column":38},"end":{"line":29,"column":76}},"3":{"start":{"line":30,"column":38},"end":{"line":30,"column":53}},"4":{"start":{"line":32,"column":31},"end":{"line":50,"column":3}},"5":{"start":{"line":33,"column":4},"end":{"line":33,"column":27}},"6":{"start":{"line":33,"column":20},"end":{"line":33,"column":27}},"7":{"start":{"line":34,"column":4},"end":{"line":34,"column":24}},"8":{"start":{"line":36,"column":4},"end":{"line":49,"column":5}},"9":{"start":{"line":37,"column":6},"end":{"line":43,"column":7}},"10":{"start":{"line":38,"column":8},"end":{"line":38,"column":60}},"11":{"start":{"line":39,"column":8},"end":{"line":39,"column":29}},"12":{"start":{"line":41,"column":8},"end":{"line":41,"column":55}},"13":{"start":{"line":42,"column":8},"end":{"line":42,"column":28}},"14":{"start":{"line":44,"column":6},"end":{"line":44,"column":27}},"15":{"start":{"line":46,"column":6},"end":{"line":46,"column":56}},"16":{"start":{"line":48,"column":6},"end":{"line":48,"column":27}},"17":{"start":{"line":52,"column":2},"end":{"line":98,"column":4}},"18":{"start":{"line":55,"column":21},"end":{"line":55,"column":36}},"19":{"start":{"line":101,"column":15},"end":{"line":181,"column":2}}},"fnMap":{"0":{"name":"(anonymous_0)","decl":{"start":{"line":20,"column":53},"end":{"line":20,"column":54}},"loc":{"start":{"line":27,"column":6},"end":{"line":99,"column":1}},"line":27},"1":{"name":"(anonymous_1)","decl":{"start":{"line":32,"column":31},"end":{"line":32,"column":32}},"loc":{"start":{"line":32,"column":43},"end":{"line":50,"column":3}},"line":32},"2":{"name":"(anonymous_2)","decl":{"start":{"line":55,"column":15},"end":{"line":55,"column":16}},"loc":{"start":{"line":55,"column":21},"end":{"line":55,"column":36}},"line":55}},"branchMap":{"0":{"loc":{"start":{"line":23,"column":2},"end":{"line":23,"column":22}},"type":"default-arg","locations":[{"start":{"line":23,"column":12},"end":{"line":23,"column":22}}],"line":23},"1":{"loc":{"start":{"line":24,"column":2},"end":{"line":24,"column":21}},"type":"default-arg","locations":[{"start":{"line":24,"column":17},"end":{"line":24,"column":21}}],"line":24},"2":{"loc":{"start":{"line":29,"column":47},"end":{"line":29,"column":75}},"type":"binary-expr","locations":[{"start":{"line":29,"column":47},"end":{"line":29,"column":66}},{"start":{"line":29,"column":70},"end":{"line":29,"column":75}}],"line":29},"3":{"loc":{"start":{"line":33,"column":4},"end":{"line":33,"column":27}},"type":"if","locations":[{"start":{"line":33,"column":4},"end":{"line":33,"column":27}},{"start":{},"end":{}}],"line":33},"4":{"loc":{"start":{"line":37,"column":6},"end":{"line":43,"column":7}},"type":"if","locations":[{"start":{"line":37,"column":6},"end":{"line":43,"column":7}},{"start":{"line":40,"column":13},"end":{"line":43,"column":7}}],"line":37},"5":{"loc":{"start":{"line":54,"column":27},"end":{"line":54,"column":85}},"type":"cond-expr","locations":[{"start":{"line":54,"column":42},"end":{"line":54,"column":63}},{"start":{"line":54,"column":66},"end":{"line":54,"column":85}}],"line":54},"6":{"loc":{"start":{"line":62,"column":32},"end":{"line":62,"column":92}},"type":"cond-expr","locations":[{"start":{"line":62,"column":47},"end":{"line":62,"column":69}},{"start":{"line":62,"column":72},"end":{"line":62,"column":92}}],"line":62},"7":{"loc":{"start":{"line":65,"column":9},"end":{"line":78,"column":9}},"type":"binary-expr","locations":[{"start":{"line":65,"column":9},"end":{"line":65,"column":21}},{"start":{"line":66,"column":10},"end":{"line":77,"column":29}}],"line":65},"8":{"loc":{"start":{"line":73,"column":20},"end":{"line":73,"column":58}},"type":"cond-expr","locations":[{"start":{"line":73,"column":33},"end":{"line":73,"column":40}},{"start":{"line":73,"column":43},"end":{"line":73,"column":58}}],"line":73},"9":{"loc":{"start":{"line":75,"column":21},"end":{"line":75,"column":75}},"type":"cond-expr","locations":[{"start":{"line":75,"column":34},"end":{"line":75,"column":53}},{"start":{"line":75,"column":56},"end":{"line":75,"column":75}}],"line":75},"10":{"loc":{"start":{"line":81,"column":32},"end":{"line":81,"column":96}},"type":"cond-expr","locations":[{"start":{"line":81,"column":47},"end":{"line":81,"column":71}},{"start":{"line":81,"column":74},"end":{"line":81,"column":96}}],"line":81},"11":{"loc":{"start":{"line":84,"column":41},"end":{"line":84,"column":75}},"type":"binary-expr","locations":[{"start":{"line":84,"column":41},"end":{"line":84,"column":62}},{"start":{"line":84,"column":66},"end":{"line":84,"column":75}}],"line":84},"12":{"loc":{"start":{"line":92,"column":13},"end":{"line":92,"column":81}},"type":"cond-expr","locations":[{"start":{"line":92,"column":30},"end":{"line":92,"column":36}},{"start":{"line":92,"column":39},"end":{"line":92,"column":81}}],"line":92},"13":{"loc":{"start":{"line":92,"column":39},"end":{"line":92,"column":81}},"type":"cond-expr","locations":[{"start":{"line":92,"column":54},"end":{"line":92,"column":72}},{"start":{"line":92,"column":75},"end":{"line":92,"column":81}}],"line":92},"14":{"loc":{"start":{"line":94,"column":26},"end":{"line":94,"column":46}},"type":"binary-expr","locations":[{"start":{"line":94,"column":26},"end":{"line":94,"column":39}},{"start":{"line":94,"column":43},"end":{"line":94,"column":46}}],"line":94}},"s":{"0":0,"1":0,"2":0,"3":0,"4":0,"5":0,"6":0,"7":0,"8":0,"9":0,"10":0,"11":0,"12":0,"13":0,"14":0,"15":0,"16":0,"17":0,"18":0,"19":0},"f":{"0":0,"1":0,"2":0},"b":{"0":[0],"1":[0],"2":[0,0],"3":[0,0],"4":[0,0],"5":[0,0],"6":[0,0],"7":[0,0],"8":[0,0],"9":[0,0],"10":[0,0],"11":[0,0],"12":[0,0],"13":[0,0],"14":[0,0]}}
,"/Users/kulmashev/agc-workspace/agc-mobile/src/components/EmptyState.tsx": {"path":"/Users/kulmashev/agc-workspace/agc-mobile/src/components/EmptyState.tsx","statementMap":{"0":{"start":{"line":16,"column":53},"end":{"line":37,"column":1}},"1":{"start":{"line":24,"column":2},"end":{"line":36,"column":4}},"2":{"start":{"line":39,"column":15},"end":{"line":69,"column":2}}},"fnMap":{"0":{"name":"(anonymous_0)","decl":{"start":{"line":16,"column":53},"end":{"line":16,"column":54}},"loc":{"start":{"line":23,"column":6},"end":{"line":37,"column":1}},"line":23}},"branchMap":{"0":{"loc":{"start":{"line":17,"column":2},"end":{"line":17,"column":28}},"type":"default-arg","locations":[{"start":{"line":17,"column":9},"end":{"line":17,"column":28}}],"line":17},"1":{"loc":{"start":{"line":30,"column":7},"end":{"line":30,"column":63}},"type":"binary-expr","locations":[{"start":{"line":30,"column":7},"end":{"line":30,"column":14}},{"start":{"line":30,"column":18},"end":{"line":30,"column":63}}],"line":30},"2":{"loc":{"start":{"line":32,"column":7},"end":{"line":34,"column":7}},"type":"binary-expr","locations":[{"start":{"line":32,"column":7},"end":{"line":32,"column":18}},{"start":{"line":32,"column":22},"end":{"line":32,"column":30}},{"start":{"line":33,"column":8},"end":{"line":33,"column":79}}],"line":32}},"s":{"0":0,"1":0,"2":0},"f":{"0":0},"b":{"0":[0],"1":[0,0],"2":[0,0,0]}}
,"/Users/kulmashev/agc-workspace/agc-mobile/src/components/Input.tsx": {"path":"/Users/kulmashev/agc-workspace/agc-mobile/src/components/Input.tsx","statementMap":{"0":{"start":{"line":12,"column":43},"end":{"line":45,"column":1}},"1":{"start":{"line":20,"column":36},"end":{"line":20,"column":51}},"2":{"start":{"line":22,"column":21},"end":{"line":27,"column":3}},"3":{"start":{"line":29,"column":2},"end":{"line":44,"column":4}},"4":{"start":{"line":36,"column":23},"end":{"line":36,"column":41}},"5":{"start":{"line":37,"column":22},"end":{"line":37,"column":41}},"6":{"start":{"line":47,"column":15},"end":{"line":82,"column":2}}},"fnMap":{"0":{"name":"(anonymous_0)","decl":{"start":{"line":12,"column":43},"end":{"line":12,"column":44}},"loc":{"start":{"line":19,"column":6},"end":{"line":45,"column":1}},"line":19},"1":{"name":"(anonymous_1)","decl":{"start":{"line":36,"column":17},"end":{"line":36,"column":18}},"loc":{"start":{"line":36,"column":23},"end":{"line":36,"column":41}},"line":36},"2":{"name":"(anonymous_2)","decl":{"start":{"line":37,"column":16},"end":{"line":37,"column":17}},"loc":{"start":{"line":37,"column":22},"end":{"line":37,"column":41}},"line":37}},"branchMap":{"0":{"loc":{"start":{"line":24,"column":4},"end":{"line":24,"column":36}},"type":"binary-expr","locations":[{"start":{"line":24,"column":4},"end":{"line":24,"column":13}},{"start":{"line":24,"column":17},"end":{"line":24,"column":36}}],"line":24},"1":{"loc":{"start":{"line":25,"column":4},"end":{"line":25,"column":30}},"type":"binary-expr","locations":[{"start":{"line":25,"column":4},"end":{"line":25,"column":9}},{"start":{"line":25,"column":13},"end":{"line":25,"column":30}}],"line":25},"2":{"loc":{"start":{"line":31,"column":7},"end":{"line":31,"column":57}},"type":"binary-expr","locations":[{"start":{"line":31,"column":7},"end":{"line":31,"column":12}},{"start":{"line":31,"column":16},"end":{"line":31,"column":57}}],"line":31},"3":{"loc":{"start":{"line":41,"column":7},"end":{"line":41,"column":57}},"type":"binary-expr","locations":[{"start":{"line":41,"column":7},"end":{"line":41,"column":12}},{"start":{"line":41,"column":16},"end":{"line":41,"column":57}}],"line":41},"4":{"loc":{"start":{"line":42,"column":7},"end":{"line":42,"column":82}},"type":"binary-expr","locations":[{"start":{"line":42,"column":7},"end":{"line":42,"column":17}},{"start":{"line":42,"column":21},"end":{"line":42,"column":27}},{"start":{"line":42,"column":31},"end":{"line":42,"column":82}}],"line":42}},"s":{"0":0,"1":0,"2":0,"3":0,"4":0,"5":0,"6":0},"f":{"0":0,"1":0,"2":0},"b":{"0":[0,0],"1":[0,0],"2":[0,0],"3":[0,0],"4":[0,0,0]}}
,"/Users/kulmashev/agc-workspace/agc-mobile/src/components/Rating.tsx": {"path":"/Users/kulmashev/agc-workspace/agc-mobile/src/components/Rating.tsx","statementMap":{"0":{"start":{"line":13,"column":45},"end":{"line":25,"column":1}},"1":{"start":{"line":19,"column":2},"end":{"line":24,"column":4}},"2":{"start":{"line":27,"column":15},"end":{"line":38,"column":2}}},"fnMap":{"0":{"name":"(anonymous_0)","decl":{"start":{"line":13,"column":45},"end":{"line":13,"column":46}},"loc":{"start":{"line":18,"column":6},"end":{"line":25,"column":1}},"line":18}},"branchMap":{"0":{"loc":{"start":{"line":15,"column":2},"end":{"line":15,"column":11}},"type":"default-arg","locations":[{"start":{"line":15,"column":9},"end":{"line":15,"column":11}}],"line":15},"1":{"loc":{"start":{"line":16,"column":2},"end":{"line":16,"column":19}},"type":"default-arg","locations":[{"start":{"line":16,"column":10},"end":{"line":16,"column":19}}],"line":16},"2":{"loc":{"start":{"line":17,"column":2},"end":{"line":17,"column":17}},"type":"default-arg","locations":[{"start":{"line":17,"column":13},"end":{"line":17,"column":17}}],"line":17},"3":{"loc":{"start":{"line":22,"column":7},"end":{"line":22,"column":99}},"type":"binary-expr","locations":[{"start":{"line":22,"column":7},"end":{"line":22,"column":15}},{"start":{"line":22,"column":19},"end":{"line":22,"column":99}}],"line":22}},"s":{"0":0,"1":0,"2":0},"f":{"0":0},"b":{"0":[0],"1":[0],"2":[0],"3":[0,0]}}
,"/Users/kulmashev/agc-workspace/agc-mobile/src/components/index.ts": {"path":"/Users/kulmashev/agc-workspace/agc-mobile/src/components/index.ts","statementMap":{},"fnMap":{},"branchMap":{},"s":{},"f":{},"b":{}}
,"/Users/kulmashev/agc-workspace/agc-mobile/src/config/api.ts": {"path":"/Users/kulmashev/agc-workspace/agc-mobile/src/config/api.ts","statementMap":{"0":{"start":{"line":1,"column":28},"end":{"line":1,"column":60}},"1":{"start":{"line":3,"column":29},"end":{"line":75,"column":10}},"2":{"start":{"line":15,"column":30},"end":{"line":15,"column":45}},"3":{"start":{"line":20,"column":33},"end":{"line":20,"column":51}},"4":{"start":{"line":24,"column":32},"end":{"line":24,"column":57}},"5":{"start":{"line":26,"column":34},"end":{"line":26,"column":62}},"6":{"start":{"line":28,"column":32},"end":{"line":28,"column":57}},"7":{"start":{"line":29,"column":40},"end":{"line":29,"column":79}},"8":{"start":{"line":30,"column":33},"end":{"line":30,"column":65}},"9":{"start":{"line":31,"column":48},"end":{"line":31,"column":95}},"10":{"start":{"line":32,"column":49},"end":{"line":32,"column":97}},"11":{"start":{"line":34,"column":32},"end":{"line":34,"column":57}},"12":{"start":{"line":35,"column":39},"end":{"line":35,"column":77}},"13":{"start":{"line":38,"column":37},"end":{"line":38,"column":72}},"14":{"start":{"line":39,"column":42},"end":{"line":39,"column":79}},"15":{"start":{"line":40,"column":35},"end":{"line":40,"column":69}},"16":{"start":{"line":41,"column":31},"end":{"line":41,"column":68}},"17":{"start":{"line":42,"column":34},"end":{"line":42,"column":74}},"18":{"start":{"line":43,"column":35},"end":{"line":43,"column":69}},"19":{"start":{"line":49,"column":30},"end":{"line":49,"column":50}},"20":{"start":{"line":50,"column":36},"end":{"line":50,"column":68}},"21":{"start":{"line":52,"column":4},"end":{"line":52,"column":48}},"22":{"start":{"line":53,"column":38},"end":{"line":53,"column":73}},"23":{"start":{"line":54,"column":37},"end":{"line":54,"column":70}},"24":{"start":{"line":55,"column":33},"end":{"line":55,"column":62}},"25":{"start":{"line":56,"column":43},"end":{"line":56,"column":82}},"26":{"start":{"line":57,"column":35},"end":{"line":57,"column":66}},"27":{"start":{"line":58,"column":40},"end":{"line":58,"column":70}},"28":{"start":{"line":62,"column":38},"end":{"line":62,"column":75}},"29":{"start":{"line":63,"column":42},"end":{"line":63,"column":89}},"30":{"start":{"line":67,"column":46},"end":{"line":67,"column":91}}},"fnMap":{"0":{"name":"(anonymous_0)","decl":{"start":{"line":15,"column":14},"end":{"line":15,"column":15}},"loc":{"start":{"line":15,"column":30},"end":{"line":15,"column":45}},"line":15},"1":{"name":"(anonymous_1)","decl":{"start":{"line":20,"column":17},"end":{"line":20,"column":18}},"loc":{"start":{"line":20,"column":33},"end":{"line":20,"column":51}},"line":20},"2":{"name":"(anonymous_2)","decl":{"start":{"line":24,"column":16},"end":{"line":24,"column":17}},"loc":{"start":{"line":24,"column":32},"end":{"line":24,"column":57}},"line":24},"3":{"name":"(anonymous_3)","decl":{"start":{"line":26,"column":18},"end":{"line":26,"column":19}},"loc":{"start":{"line":26,"column":34},"end":{"line":26,"column":62}},"line":26},"4":{"name":"(anonymous_4)","decl":{"start":{"line":28,"column":16},"end":{"line":28,"column":17}},"loc":{"start":{"line":28,"column":32},"end":{"line":28,"column":57}},"line":28},"5":{"name":"(anonymous_5)","decl":{"start":{"line":29,"column":24},"end":{"line":29,"column":25}},"loc":{"start":{"line":29,"column":40},"end":{"line":29,"column":79}},"line":29},"6":{"name":"(anonymous_6)","decl":{"start":{"line":30,"column":17},"end":{"line":30,"column":18}},"loc":{"start":{"line":30,"column":33},"end":{"line":30,"column":65}},"line":30},"7":{"name":"(anonymous_7)","decl":{"start":{"line":31,"column":32},"end":{"line":31,"column":33}},"loc":{"start":{"line":31,"column":48},"end":{"line":31,"column":95}},"line":31},"8":{"name":"(anonymous_8)","decl":{"start":{"line":32,"column":33},"end":{"line":32,"column":34}},"loc":{"start":{"line":32,"column":49},"end":{"line":32,"column":97}},"line":32},"9":{"name":"(anonymous_9)","decl":{"start":{"line":34,"column":16},"end":{"line":34,"column":17}},"loc":{"start":{"line":34,"column":32},"end":{"line":34,"column":57}},"line":34},"10":{"name":"(anonymous_10)","decl":{"start":{"line":35,"column":23},"end":{"line":35,"column":24}},"loc":{"start":{"line":35,"column":39},"end":{"line":35,"column":77}},"line":35},"11":{"name":"(anonymous_11)","decl":{"start":{"line":38,"column":21},"end":{"line":38,"column":22}},"loc":{"start":{"line":38,"column":37},"end":{"line":38,"column":72}},"line":38},"12":{"name":"(anonymous_12)","decl":{"start":{"line":39,"column":26},"end":{"line":39,"column":27}},"loc":{"start":{"line":39,"column":42},"end":{"line":39,"column":79}},"line":39},"13":{"name":"(anonymous_13)","decl":{"start":{"line":40,"column":19},"end":{"line":40,"column":20}},"loc":{"start":{"line":40,"column":35},"end":{"line":40,"column":69}},"line":40},"14":{"name":"(anonymous_14)","decl":{"start":{"line":41,"column":15},"end":{"line":41,"column":16}},"loc":{"start":{"line":41,"column":31},"end":{"line":41,"column":68}},"line":41},"15":{"name":"(anonymous_15)","decl":{"start":{"line":42,"column":18},"end":{"line":42,"column":19}},"loc":{"start":{"line":42,"column":34},"end":{"line":42,"column":74}},"line":42},"16":{"name":"(anonymous_16)","decl":{"start":{"line":43,"column":19},"end":{"line":43,"column":20}},"loc":{"start":{"line":43,"column":35},"end":{"line":43,"column":69}},"line":43},"17":{"name":"(anonymous_17)","decl":{"start":{"line":49,"column":14},"end":{"line":49,"column":15}},"loc":{"start":{"line":49,"column":30},"end":{"line":49,"column":50}},"line":49},"18":{"name":"(anonymous_18)","decl":{"start":{"line":50,"column":16},"end":{"line":50,"column":17}},"loc":{"start":{"line":50,"column":36},"end":{"line":50,"column":68}},"line":50},"19":{"name":"(anonymous_19)","decl":{"start":{"line":51,"column":21},"end":{"line":51,"column":22}},"loc":{"start":{"line":52,"column":4},"end":{"line":52,"column":48}},"line":52},"20":{"name":"(anonymous_20)","decl":{"start":{"line":53,"column":18},"end":{"line":53,"column":19}},"loc":{"start":{"line":53,"column":38},"end":{"line":53,"column":73}},"line":53},"21":{"name":"(anonymous_21)","decl":{"start":{"line":54,"column":17},"end":{"line":54,"column":18}},"loc":{"start":{"line":54,"column":37},"end":{"line":54,"column":70}},"line":54},"22":{"name":"(anonymous_22)","decl":{"start":{"line":55,"column":13},"end":{"line":55,"column":14}},"loc":{"start":{"line":55,"column":33},"end":{"line":55,"column":62}},"line":55},"23":{"name":"(anonymous_23)","decl":{"start":{"line":56,"column":23},"end":{"line":56,"column":24}},"loc":{"start":{"line":56,"column":43},"end":{"line":56,"column":82}},"line":56},"24":{"name":"(anonymous_24)","decl":{"start":{"line":57,"column":15},"end":{"line":57,"column":16}},"loc":{"start":{"line":57,"column":35},"end":{"line":57,"column":66}},"line":57},"25":{"name":"(anonymous_25)","decl":{"start":{"line":58,"column":17},"end":{"line":58,"column":18}},"loc":{"start":{"line":58,"column":40},"end":{"line":58,"column":70}},"line":58},"26":{"name":"(anonymous_26)","decl":{"start":{"line":62,"column":22},"end":{"line":62,"column":23}},"loc":{"start":{"line":62,"column":38},"end":{"line":62,"column":75}},"line":62},"27":{"name":"(anonymous_27)","decl":{"start":{"line":63,"column":26},"end":{"line":63,"column":27}},"loc":{"start":{"line":63,"column":42},"end":{"line":63,"column":89}},"line":63},"28":{"name":"(anonymous_28)","decl":{"start":{"line":67,"column":30},"end":{"line":67,"column":31}},"loc":{"start":{"line":67,"column":46},"end":{"line":67,"column":91}},"line":67}},"branchMap":{},"s":{"0":1,"1":1,"2":1,"3":1,"4":1,"5":1,"6":1,"7":1,"8":1,"9":1,"10":1,"11":1,"12":1,"13":1,"14":1,"15":1,"16":1,"17":1,"18":1,"19":1,"20":1,"21":1,"22":1,"23":1,"24":1,"25":1,"26":1,"27":1,"28":1,"29":1,"30":1},"f":{"0":1,"1":1,"2":1,"3":1,"4":1,"5":1,"6":1,"7":1,"8":1,"9":1,"10":1,"11":1,"12":1,"13":1,"14":1,"15":1,"16":1,"17":1,"18":1,"19":1,"20":1,"21":1,"22":1,"23":1,"24":1,"25":1,"26":1,"27":1,"28":1},"b":{},"_coverageSchema":"1a1c01bbd47fc00a2c39e90264f33305004495a9","hash":"d11b7559d28ae23c5b90b9402af77529a9024078"}
,"/Users/kulmashev/agc-workspace/agc-mobile/src/config/apiSpecEndpoints.ts": {"path":"/Users/kulmashev/agc-workspace/agc-mobile/src/config/apiSpecEndpoints.ts","statementMap":{"0":{"start":{"line":6,"column":38},"end":{"line":84,"column":10}},"1":{"start":{"line":86,"column":36},"end":{"line":86,"column":65}},"2":{"start":{"line":91,"column":35},"end":{"line":102,"column":10}},"3":{"start":{"line":92,"column":45},"end":{"line":92,"column":71}},"4":{"start":{"line":93,"column":48},"end":{"line":93,"column":76}},"5":{"start":{"line":94,"column":45},"end":{"line":94,"column":71}},"6":{"start":{"line":95,"column":48},"end":{"line":95,"column":77}},"7":{"start":{"line":96,"column":46},"end":{"line":96,"column":80}},"8":{"start":{"line":97,"column":54},"end":{"line":97,"column":89}},"9":{"start":{"line":98,"column":49},"end":{"line":98,"column":79}},"10":{"start":{"line":99,"column":49},"end":{"line":99,"column":79}},"11":{"start":{"line":100,"column":47},"end":{"line":100,"column":75}},"12":{"start":{"line":101,"column":46},"end":{"line":101,"column":73}}},"fnMap":{"0":{"name":"(anonymous_0)","decl":{"start":{"line":92,"column":38},"end":{"line":92,"column":39}},"loc":{"start":{"line":92,"column":45},"end":{"line":92,"column":71}},"line":92},"1":{"name":"(anonymous_1)","decl":{"start":{"line":93,"column":41},"end":{"line":93,"column":42}},"loc":{"start":{"line":93,"column":48},"end":{"line":93,"column":76}},"line":93},"2":{"name":"(anonymous_2)","decl":{"start":{"line":94,"column":38},"end":{"line":94,"column":39}},"loc":{"start":{"line":94,"column":45},"end":{"line":94,"column":71}},"line":94},"3":{"name":"(anonymous_3)","decl":{"start":{"line":95,"column":41},"end":{"line":95,"column":42}},"loc":{"start":{"line":95,"column":48},"end":{"line":95,"column":77}},"line":95},"4":{"name":"(anonymous_4)","decl":{"start":{"line":96,"column":39},"end":{"line":96,"column":40}},"loc":{"start":{"line":96,"column":46},"end":{"line":96,"column":80}},"line":96},"5":{"name":"(anonymous_5)","decl":{"start":{"line":97,"column":47},"end":{"line":97,"column":48}},"loc":{"start":{"line":97,"column":54},"end":{"line":97,"column":89}},"line":97},"6":{"name":"(anonymous_6)","decl":{"start":{"line":98,"column":42},"end":{"line":98,"column":43}},"loc":{"start":{"line":98,"column":49},"end":{"line":98,"column":79}},"line":98},"7":{"name":"(anonymous_7)","decl":{"start":{"line":99,"column":42},"end":{"line":99,"column":43}},"loc":{"start":{"line":99,"column":49},"end":{"line":99,"column":79}},"line":99},"8":{"name":"(anonymous_8)","decl":{"start":{"line":100,"column":40},"end":{"line":100,"column":41}},"loc":{"start":{"line":100,"column":47},"end":{"line":100,"column":75}},"line":100},"9":{"name":"(anonymous_9)","decl":{"start":{"line":101,"column":39},"end":{"line":101,"column":40}},"loc":{"start":{"line":101,"column":46},"end":{"line":101,"column":73}},"line":101}},"branchMap":{},"s":{"0":1,"1":1,"2":1,"3":52,"4":52,"5":52,"6":52,"7":52,"8":52,"9":52,"10":52,"11":52,"12":52},"f":{"0":52,"1":52,"2":52,"3":52,"4":52,"5":52,"6":52,"7":52,"8":52,"9":52},"b":{},"_coverageSchema":"1a1c01bbd47fc00a2c39e90264f33305004495a9","hash":"06640bb866dc4c1681b960e3f4571f7d9bbf3ba1"}
,"/Users/kulmashev/agc-workspace/agc-mobile/src/contexts/AuthContext.tsx": {"path":"/Users/kulmashev/agc-workspace/agc-mobile/src/contexts/AuthContext.tsx","statementMap":{"0":{"start":{"line":26,"column":20},"end":{"line":26,"column":73}},"1":{"start":{"line":28,"column":63},"end":{"line":139,"column":1}},"2":{"start":{"line":29,"column":26},"end":{"line":29,"column":53}},"3":{"start":{"line":30,"column":32},"end":{"line":30,"column":62}},"4":{"start":{"line":31,"column":36},"end":{"line":31,"column":50}},"5":{"start":{"line":33,"column":23},"end":{"line":60,"column":8}},"6":{"start":{"line":34,"column":4},"end":{"line":59,"column":5}},"7":{"start":{"line":35,"column":23},"end":{"line":35,"column":57}},"8":{"start":{"line":36,"column":6},"end":{"line":36,"column":24}},"9":{"start":{"line":38,"column":6},"end":{"line":50,"column":7}},"10":{"start":{"line":39,"column":28},"end":{"line":39,"column":63}},"11":{"start":{"line":40,"column":8},"end":{"line":40,"column":32}},"12":{"start":{"line":43,"column":8},"end":{"line":49,"column":9}},"13":{"start":{"line":44,"column":10},"end":{"line":44,"column":68}},"14":{"start":{"line":45,"column":29},"end":{"line":45,"column":67}},"15":{"start":{"line":46,"column":10},"end":{"line":46,"column":33}},"16":{"start":{"line":48,"column":10},"end":{"line":48,"column":29}},"17":{"start":{"line":52,"column":6},"end":{"line":56,"column":7}},"18":{"start":{"line":53,"column":8},"end":{"line":53,"column":56}},"19":{"start":{"line":55,"column":8},"end":{"line":55,"column":57}},"20":{"start":{"line":57,"column":6},"end":{"line":57,"column":20}},"21":{"start":{"line":58,"column":6},"end":{"line":58,"column":23}},"22":{"start":{"line":62,"column":2},"end":{"line":86,"column":21}},"23":{"start":{"line":63,"column":22},"end":{"line":84,"column":5}},"24":{"start":{"line":65,"column":29},"end":{"line":67,"column":7}},"25":{"start":{"line":66,"column":8},"end":{"line":66,"column":71}},"26":{"start":{"line":66,"column":25},"end":{"line":66,"column":64}},"27":{"start":{"line":69,"column":6},"end":{"line":83,"column":7}},"28":{"start":{"line":70,"column":8},"end":{"line":78,"column":11}},"29":{"start":{"line":72,"column":27},"end":{"line":72,"column":62}},"30":{"start":{"line":73,"column":12},"end":{"line":75,"column":13}},"31":{"start":{"line":74,"column":14},"end":{"line":74,"column":35}},"32":{"start":{"line":80,"column":8},"end":{"line":80,"column":50}},"33":{"start":{"line":82,"column":8},"end":{"line":82,"column":28}},"34":{"start":{"line":85,"column":4},"end":{"line":85,"column":16}},"35":{"start":{"line":88,"column":19},"end":{"line":90,"column":3}},"36":{"start":{"line":89,"column":4},"end":{"line":89,"column":48}},"37":{"start":{"line":92,"column":21},"end":{"line":102,"column":3}},"38":{"start":{"line":97,"column":4},"end":{"line":97,"column":56}},"39":{"start":{"line":99,"column":4},"end":{"line":101,"column":5}},"40":{"start":{"line":100,"column":6},"end":{"line":100,"column":27}},"41":{"start":{"line":104,"column":17},"end":{"line":108,"column":3}},"42":{"start":{"line":105,"column":4},"end":{"line":105,"column":31}},"43":{"start":{"line":106,"column":4},"end":{"line":106,"column":18}},"44":{"start":{"line":107,"column":4},"end":{"line":107,"column":21}},"45":{"start":{"line":110,"column":22},"end":{"line":112,"column":3}},"46":{"start":{"line":111,"column":4},"end":{"line":111,"column":25}},"47":{"start":{"line":114,"column":24},"end":{"line":120,"column":3}},"48":{"start":{"line":115,"column":4},"end":{"line":117,"column":5}},"49":{"start":{"line":116,"column":6},"end":{"line":116,"column":46}},"50":{"start":{"line":118,"column":4},"end":{"line":118,"column":57}},"51":{"start":{"line":119,"column":4},"end":{"line":119,"column":25}},"52":{"start":{"line":122,"column":2},"end":{"line":138,"column":4}},"53":{"start":{"line":141,"column":23},"end":{"line":147,"column":1}},"54":{"start":{"line":142,"column":18},"end":{"line":142,"column":41}},"55":{"start":{"line":143,"column":2},"end":{"line":145,"column":3}},"56":{"start":{"line":144,"column":4},"end":{"line":144,"column":67}},"57":{"start":{"line":146,"column":2},"end":{"line":146,"column":17}}},"fnMap":{"0":{"name":"(anonymous_0)","decl":{"start":{"line":28,"column":63},"end":{"line":28,"column":64}},"loc":{"start":{"line":28,"column":81},"end":{"line":139,"column":1}},"line":28},"1":{"name":"(anonymous_1)","decl":{"start":{"line":33,"column":35},"end":{"line":33,"column":36}},"loc":{"start":{"line":33,"column":47},"end":{"line":60,"column":3}},"line":33},"2":{"name":"(anonymous_2)","decl":{"start":{"line":62,"column":12},"end":{"line":62,"column":13}},"loc":{"start":{"line":62,"column":18},"end":{"line":86,"column":3}},"line":62},"3":{"name":"(anonymous_3)","decl":{"start":{"line":63,"column":22},"end":{"line":63,"column":23}},"loc":{"start":{"line":63,"column":34},"end":{"line":84,"column":5}},"line":63},"4":{"name":"(anonymous_4)","decl":{"start":{"line":65,"column":41},"end":{"line":65,"column":42}},"loc":{"start":{"line":66,"column":8},"end":{"line":66,"column":71}},"line":66},"5":{"name":"(anonymous_5)","decl":{"start":{"line":66,"column":19},"end":{"line":66,"column":20}},"loc":{"start":{"line":66,"column":25},"end":{"line":66,"column":64}},"line":66},"6":{"name":"(anonymous_6)","decl":{"start":{"line":71,"column":11},"end":{"line":71,"column":12}},"loc":{"start":{"line":71,"column":23},"end":{"line":76,"column":11}},"line":71},"7":{"name":"(anonymous_7)","decl":{"start":{"line":88,"column":19},"end":{"line":88,"column":20}},"loc":{"start":{"line":88,"column":84},"end":{"line":90,"column":3}},"line":88},"8":{"name":"(anonymous_8)","decl":{"start":{"line":92,"column":21},"end":{"line":92,"column":22}},"loc":{"start":{"line":96,"column":7},"end":{"line":102,"column":3}},"line":96},"9":{"name":"(anonymous_9)","decl":{"start":{"line":104,"column":17},"end":{"line":104,"column":18}},"loc":{"start":{"line":104,"column":29},"end":{"line":108,"column":3}},"line":104},"10":{"name":"(anonymous_10)","decl":{"start":{"line":110,"column":22},"end":{"line":110,"column":23}},"loc":{"start":{"line":110,"column":34},"end":{"line":112,"column":3}},"line":110},"11":{"name":"(anonymous_11)","decl":{"start":{"line":114,"column":24},"end":{"line":114,"column":25}},"loc":{"start":{"line":114,"column":58},"end":{"line":120,"column":3}},"line":114},"12":{"name":"(anonymous_12)","decl":{"start":{"line":141,"column":23},"end":{"line":141,"column":24}},"loc":{"start":{"line":141,"column":29},"end":{"line":147,"column":1}},"line":141}},"branchMap":{"0":{"loc":{"start":{"line":43,"column":8},"end":{"line":49,"column":9}},"type":"if","locations":[{"start":{"line":43,"column":8},"end":{"line":49,"column":9}},{"start":{"line":47,"column":15},"end":{"line":49,"column":9}}],"line":43},"1":{"loc":{"start":{"line":52,"column":6},"end":{"line":56,"column":7}},"type":"if","locations":[{"start":{"line":52,"column":6},"end":{"line":56,"column":7}},{"start":{"line":54,"column":13},"end":{"line":56,"column":7}}],"line":52},"2":{"loc":{"start":{"line":73,"column":12},"end":{"line":75,"column":13}},"type":"if","locations":[{"start":{"line":73,"column":12},"end":{"line":75,"column":13}},{"start":{},"end":{}}],"line":73},"3":{"loc":{"start":{"line":88,"column":41},"end":{"line":88,"column":79}},"type":"default-arg","locations":[{"start":{"line":88,"column":72},"end":{"line":88,"column":79}}],"line":88},"4":{"loc":{"start":{"line":95,"column":4},"end":{"line":95,"column":42}},"type":"default-arg","locations":[{"start":{"line":95,"column":35},"end":{"line":95,"column":42}}],"line":95},"5":{"loc":{"start":{"line":99,"column":4},"end":{"line":101,"column":5}},"type":"if","locations":[{"start":{"line":99,"column":4},"end":{"line":101,"column":5}},{"start":{},"end":{}}],"line":99},"6":{"loc":{"start":{"line":115,"column":4},"end":{"line":117,"column":5}},"type":"if","locations":[{"start":{"line":115,"column":4},"end":{"line":117,"column":5}},{"start":{},"end":{}}],"line":115},"7":{"loc":{"start":{"line":143,"column":2},"end":{"line":145,"column":3}},"type":"if","locations":[{"start":{"line":143,"column":2},"end":{"line":145,"column":3}},{"start":{},"end":{}}],"line":143}},"s":{"0":0,"1":0,"2":0,"3":0,"4":0,"5":0,"6":0,"7":0,"8":0,"9":0,"10":0,"11":0,"12":0,"13":0,"14":0,"15":0,"16":0,"17":0,"18":0,"19":0,"20":0,"21":0,"22":0,"23":0,"24":0,"25":0,"26":0,"27":0,"28":0,"29":0,"30":0,"31":0,"32":0,"33":0,"34":0,"35":0,"36":0,"37":0,"38":0,"39":0,"40":0,"41":0,"42":0,"43":0,"44":0,"45":0,"46":0,"47":0,"48":0,"49":0,"50":0,"51":0,"52":0,"53":0,"54":0,"55":0,"56":0,"57":0},"f":{"0":0,"1":0,"2":0,"3":0,"4":0,"5":0,"6":0,"7":0,"8":0,"9":0,"10":0,"11":0,"12":0},"b":{"0":[0,0],"1":[0,0],"2":[0,0],"3":[0],"4":[0],"5":[0,0],"6":[0,0],"7":[0,0]}}
,"/Users/kulmashev/agc-workspace/agc-mobile/src/screens/auth/EmailInputScreen.tsx": {"path":"/Users/kulmashev/agc-workspace/agc-mobile/src/screens/auth/EmailInputScreen.tsx","statementMap":{"0":{"start":{"line":33,"column":49},"end":{"line":162,"column":1}},"1":{"start":{"line":34,"column":19},"end":{"line":34,"column":31}},"2":{"start":{"line":35,"column":28},"end":{"line":35,"column":40}},"3":{"start":{"line":36,"column":36},"end":{"line":36,"column":51}},"4":{"start":{"line":37,"column":23},"end":{"line":37,"column":32}},"5":{"start":{"line":39,"column":19},"end":{"line":39,"column":36}},"6":{"start":{"line":41,"column":25},"end":{"line":91,"column":3}},"7":{"start":{"line":42,"column":31},"end":{"line":42,"column":51}},"8":{"start":{"line":43,"column":4},"end":{"line":46,"column":5}},"9":{"start":{"line":44,"column":6},"end":{"line":44,"column":42}},"10":{"start":{"line":45,"column":6},"end":{"line":45,"column":13}},"11":{"start":{"line":48,"column":4},"end":{"line":48,"column":23}},"12":{"start":{"line":49,"column":4},"end":{"line":90,"column":5}},"13":{"start":{"line":50,"column":6},"end":{"line":50,"column":59}},"14":{"start":{"line":51,"column":6},"end":{"line":51,"column":59}},"15":{"start":{"line":53,"column":6},"end":{"line":53,"column":63}},"16":{"start":{"line":55,"column":6},"end":{"line":87,"column":7}},"17":{"start":{"line":56,"column":8},"end":{"line":59,"column":10}},"18":{"start":{"line":60,"column":13},"end":{"line":87,"column":7}},"19":{"start":{"line":61,"column":8},"end":{"line":71,"column":10}},"20":{"start":{"line":68,"column":29},"end":{"line":68,"column":81}},"21":{"start":{"line":72,"column":13},"end":{"line":87,"column":7}},"22":{"start":{"line":73,"column":8},"end":{"line":80,"column":10}},"23":{"start":{"line":78,"column":45},"end":{"line":78,"column":96}},"24":{"start":{"line":82,"column":8},"end":{"line":86,"column":10}},"25":{"start":{"line":89,"column":6},"end":{"line":89,"column":26}},"26":{"start":{"line":93,"column":2},"end":{"line":161,"column":4}},"27":{"start":{"line":103,"column":47},"end":{"line":103,"column":66}},"28":{"start":{"line":148,"column":18},"end":{"line":148,"column":91}},"29":{"start":{"line":164,"column":15},"end":{"line":251,"column":2}}},"fnMap":{"0":{"name":"(anonymous_0)","decl":{"start":{"line":33,"column":49},"end":{"line":33,"column":50}},"loc":{"start":{"line":33,"column":76},"end":{"line":162,"column":1}},"line":33},"1":{"name":"(anonymous_1)","decl":{"start":{"line":41,"column":25},"end":{"line":41,"column":26}},"loc":{"start":{"line":41,"column":37},"end":{"line":91,"column":3}},"line":41},"2":{"name":"(anonymous_2)","decl":{"start":{"line":68,"column":23},"end":{"line":68,"column":24}},"loc":{"start":{"line":68,"column":29},"end":{"line":68,"column":81}},"line":68},"3":{"name":"(anonymous_3)","decl":{"start":{"line":78,"column":39},"end":{"line":78,"column":40}},"loc":{"start":{"line":78,"column":45},"end":{"line":78,"column":96}},"line":78},"4":{"name":"(anonymous_4)","decl":{"start":{"line":103,"column":41},"end":{"line":103,"column":42}},"loc":{"start":{"line":103,"column":47},"end":{"line":103,"column":66}},"line":103},"5":{"name":"(anonymous_5)","decl":{"start":{"line":147,"column":25},"end":{"line":147,"column":26}},"loc":{"start":{"line":148,"column":18},"end":{"line":148,"column":91}},"line":148}},"branchMap":{"0":{"loc":{"start":{"line":43,"column":4},"end":{"line":46,"column":5}},"type":"if","locations":[{"start":{"line":43,"column":4},"end":{"line":46,"column":5}},{"start":{},"end":{}}],"line":43},"1":{"loc":{"start":{"line":50,"column":28},"end":{"line":50,"column":57}},"type":"cond-expr","locations":[{"start":{"line":50,"column":39},"end":{"line":50,"column":47}},{"start":{"line":50,"column":50},"end":{"line":50,"column":57}}],"line":50},"2":{"loc":{"start":{"line":55,"column":6},"end":{"line":87,"column":7}},"type":"if","locations":[{"start":{"line":55,"column":6},"end":{"line":87,"column":7}},{"start":{"line":60,"column":13},"end":{"line":87,"column":7}}],"line":55},"3":{"loc":{"start":{"line":60,"column":13},"end":{"line":87,"column":7}},"type":"if","locations":[{"start":{"line":60,"column":13},"end":{"line":87,"column":7}},{"start":{"line":72,"column":13},"end":{"line":87,"column":7}}],"line":60},"4":{"loc":{"start":{"line":60,"column":17},"end":{"line":60,"column":60}},"type":"binary-expr","locations":[{"start":{"line":60,"column":17},"end":{"line":60,"column":47}},{"start":{"line":60,"column":51},"end":{"line":60,"column":60}}],"line":60},"5":{"loc":{"start":{"line":72,"column":13},"end":{"line":87,"column":7}},"type":"if","locations":[{"start":{"line":72,"column":13},"end":{"line":87,"column":7}},{"start":{"line":81,"column":13},"end":{"line":87,"column":7}}],"line":72},"6":{"loc":{"start":{"line":72,"column":17},"end":{"line":72,"column":59}},"type":"binary-expr","locations":[{"start":{"line":72,"column":17},"end":{"line":72,"column":47}},{"start":{"line":72,"column":51},"end":{"line":72,"column":59}}],"line":72},"7":{"loc":{"start":{"line":84,"column":10},"end":{"line":85,"column":86}},"type":"binary-expr","locations":[{"start":{"line":84,"column":10},"end":{"line":84,"column":23}},{"start":{"line":85,"column":12},"end":{"line":85,"column":86}}],"line":84},"8":{"loc":{"start":{"line":96,"column":18},"end":{"line":96,"column":62}},"type":"cond-expr","locations":[{"start":{"line":96,"column":42},"end":{"line":96,"column":51}},{"start":{"line":96,"column":54},"end":{"line":96,"column":62}}],"line":96},"9":{"loc":{"start":{"line":106,"column":42},"end":{"line":106,"column":92}},"type":"cond-expr","locations":[{"start":{"line":106,"column":53},"end":{"line":106,"column":74}},{"start":{"line":106,"column":77},"end":{"line":106,"column":92}}],"line":106},"10":{"loc":{"start":{"line":108,"column":17},"end":{"line":110,"column":66}},"type":"cond-expr","locations":[{"start":{"line":109,"column":20},"end":{"line":109,"column":63}},{"start":{"line":110,"column":20},"end":{"line":110,"column":66}}],"line":108},"11":{"loc":{"start":{"line":134,"column":39},"end":{"line":134,"column":73}},"type":"binary-expr","locations":[{"start":{"line":134,"column":39},"end":{"line":134,"column":48}},{"start":{"line":134,"column":52},"end":{"line":134,"column":73}}],"line":134},"12":{"loc":{"start":{"line":138,"column":17},"end":{"line":142,"column":17}},"type":"cond-expr","locations":[{"start":{"line":139,"column":18},"end":{"line":139,"column":67}},{"start":{"line":141,"column":18},"end":{"line":141,"column":65}}],"line":138},"13":{"loc":{"start":{"line":148,"column":59},"end":{"line":148,"column":88}},"type":"cond-expr","locations":[{"start":{"line":148,"column":70},"end":{"line":148,"column":77}},{"start":{"line":148,"column":80},"end":{"line":148,"column":88}}],"line":148},"14":{"loc":{"start":{"line":152,"column":19},"end":{"line":152,"column":85}},"type":"cond-expr","locations":[{"start":{"line":152,"column":30},"end":{"line":152,"column":57}},{"start":{"line":152,"column":60},"end":{"line":152,"column":85}}],"line":152},"15":{"loc":{"start":{"line":153,"column":51},"end":{"line":153,"column":82}},"type":"cond-expr","locations":[{"start":{"line":153,"column":62},"end":{"line":153,"column":70}},{"start":{"line":153,"column":73},"end":{"line":153,"column":82}}],"line":153}},"s":{"0":0,"1":0,"2":0,"3":0,"4":0,"5":0,"6":0,"7":0,"8":0,"9":0,"10":0,"11":0,"12":0,"13":0,"14":0,"15":0,"16":0,"17":0,"18":0,"19":0,"20":0,"21":0,"22":0,"23":0,"24":0,"25":0,"26":0,"27":0,"28":0,"29":0},"f":{"0":0,"1":0,"2":0,"3":0,"4":0,"5":0},"b":{"0":[0,0],"1":[0,0],"2":[0,0],"3":[0,0],"4":[0,0],"5":[0,0],"6":[0,0],"7":[0,0],"8":[0,0],"9":[0,0],"10":[0,0],"11":[0,0],"12":[0,0],"13":[0,0],"14":[0,0],"15":[0,0]}}
,"/Users/kulmashev/agc-workspace/agc-mobile/src/screens/auth/InformationScreen.tsx": {"path":"/Users/kulmashev/agc-workspace/agc-mobile/src/screens/auth/InformationScreen.tsx","statementMap":{"0":{"start":{"line":28,"column":22},"end":{"line":153,"column":52}},"1":{"start":{"line":153,"column":17},"end":{"line":153,"column":51}},"2":{"start":{"line":163,"column":50},"end":{"line":425,"column":1}},"3":{"start":{"line":165,"column":26},"end":{"line":165,"column":35}},"4":{"start":{"line":167,"column":36},"end":{"line":167,"column":48}},"5":{"start":{"line":168,"column":34},"end":{"line":168,"column":46}},"6":{"start":{"line":169,"column":40},"end":{"line":169,"column":67}},"7":{"start":{"line":170,"column":40},"end":{"line":170,"column":52}},"8":{"start":{"line":171,"column":46},"end":{"line":171,"column":61}},"9":{"start":{"line":172,"column":36},"end":{"line":172,"column":51}},"10":{"start":{"line":173,"column":46},"end":{"line":173,"column":61}},"11":{"start":{"line":174,"column":58},"end":{"line":174,"column":69}},"12":{"start":{"line":175,"column":52},"end":{"line":175,"column":67}},"13":{"start":{"line":176,"column":44},"end":{"line":176,"column":56}},"14":{"start":{"line":178,"column":28},"end":{"line":184,"column":21}},"15":{"start":{"line":179,"column":4},"end":{"line":179,"column":52}},"16":{"start":{"line":179,"column":31},"end":{"line":179,"column":52}},"17":{"start":{"line":180,"column":19},"end":{"line":180,"column":46}},"18":{"start":{"line":181,"column":4},"end":{"line":183,"column":6}},"19":{"start":{"line":182,"column":13},"end":{"line":182,"column":80}},"20":{"start":{"line":186,"column":25},"end":{"line":226,"column":3}},"21":{"start":{"line":187,"column":4},"end":{"line":190,"column":5}},"22":{"start":{"line":188,"column":6},"end":{"line":188,"column":62}},"23":{"start":{"line":189,"column":6},"end":{"line":189,"column":13}},"24":{"start":{"line":191,"column":4},"end":{"line":194,"column":5}},"25":{"start":{"line":192,"column":6},"end":{"line":192,"column":61}},"26":{"start":{"line":193,"column":6},"end":{"line":193,"column":13}},"27":{"start":{"line":195,"column":4},"end":{"line":198,"column":5}},"28":{"start":{"line":196,"column":6},"end":{"line":196,"column":86}},"29":{"start":{"line":197,"column":6},"end":{"line":197,"column":13}},"30":{"start":{"line":200,"column":4},"end":{"line":200,"column":23}},"31":{"start":{"line":201,"column":4},"end":{"line":225,"column":5}},"32":{"start":{"line":202,"column":26},"end":{"line":209,"column":7}},"33":{"start":{"line":210,"column":6},"end":{"line":210,"column":84}},"34":{"start":{"line":211,"column":6},"end":{"line":211,"column":54}},"35":{"start":{"line":212,"column":6},"end":{"line":212,"column":26}},"36":{"start":{"line":215,"column":6},"end":{"line":215,"column":51}},"37":{"start":{"line":216,"column":6},"end":{"line":216,"column":54}},"38":{"start":{"line":217,"column":6},"end":{"line":217,"column":65}},"39":{"start":{"line":218,"column":27},"end":{"line":218,"column":98}},"40":{"start":{"line":219,"column":6},"end":{"line":222,"column":8}},"41":{"start":{"line":224,"column":6},"end":{"line":224,"column":26}},"42":{"start":{"line":228,"column":21},"end":{"line":233,"column":3}},"43":{"start":{"line":229,"column":16},"end":{"line":229,"column":55}},"44":{"start":{"line":230,"column":18},"end":{"line":230,"column":62}},"45":{"start":{"line":231,"column":17},"end":{"line":231,"column":35}},"46":{"start":{"line":232,"column":4},"end":{"line":232,"column":37}},"47":{"start":{"line":235,"column":2},"end":{"line":424,"column":4}},"48":{"start":{"line":246,"column":45},"end":{"line":246,"column":64}},"49":{"start":{"line":288,"column":68},"end":{"line":288,"column":91}},"50":{"start":{"line":300,"column":20},"end":{"line":300,"column":61}},"51":{"start":{"line":301,"column":20},"end":{"line":301,"column":51}},"52":{"start":{"line":301,"column":30},"end":{"line":301,"column":51}},"53":{"start":{"line":314,"column":33},"end":{"line":314,"column":59}},"54":{"start":{"line":332,"column":38},"end":{"line":332,"column":65}},"55":{"start":{"line":339,"column":24},"end":{"line":339,"column":52}},"56":{"start":{"line":340,"column":24},"end":{"line":340,"column":45}},"57":{"start":{"line":357,"column":55},"end":{"line":357,"column":75}},"58":{"start":{"line":364,"column":44},"end":{"line":364,"column":81}},"59":{"start":{"line":366,"column":22},"end":{"line":384,"column":41}},"60":{"start":{"line":373,"column":48},"end":{"line":375,"column":27}},"61":{"start":{"line":374,"column":35},"end":{"line":374,"column":69}},"62":{"start":{"line":376,"column":26},"end":{"line":376,"column":65}},"63":{"start":{"line":377,"column":26},"end":{"line":377,"column":54}},"64":{"start":{"line":378,"column":26},"end":{"line":378,"column":47}},"65":{"start":{"line":386,"column":50},"end":{"line":386,"column":94}},"66":{"start":{"line":394,"column":29},"end":{"line":394,"column":63}},"67":{"start":{"line":427,"column":15},"end":{"line":627,"column":2}}},"fnMap":{"0":{"name":"(anonymous_0)","decl":{"start":{"line":153,"column":7},"end":{"line":153,"column":8}},"loc":{"start":{"line":153,"column":17},"end":{"line":153,"column":51}},"line":153},"1":{"name":"(anonymous_1)","decl":{"start":{"line":163,"column":50},"end":{"line":163,"column":51}},"loc":{"start":{"line":163,"column":77},"end":{"line":425,"column":1}},"line":163},"2":{"name":"(anonymous_2)","decl":{"start":{"line":178,"column":36},"end":{"line":178,"column":37}},"loc":{"start":{"line":178,"column":42},"end":{"line":184,"column":3}},"line":178},"3":{"name":"(anonymous_3)","decl":{"start":{"line":182,"column":6},"end":{"line":182,"column":7}},"loc":{"start":{"line":182,"column":13},"end":{"line":182,"column":80}},"line":182},"4":{"name":"(anonymous_4)","decl":{"start":{"line":186,"column":25},"end":{"line":186,"column":26}},"loc":{"start":{"line":186,"column":37},"end":{"line":226,"column":3}},"line":186},"5":{"name":"(anonymous_5)","decl":{"start":{"line":228,"column":21},"end":{"line":228,"column":22}},"loc":{"start":{"line":228,"column":37},"end":{"line":233,"column":3}},"line":228},"6":{"name":"(anonymous_6)","decl":{"start":{"line":246,"column":39},"end":{"line":246,"column":40}},"loc":{"start":{"line":246,"column":45},"end":{"line":246,"column":64}},"line":246},"7":{"name":"(anonymous_7)","decl":{"start":{"line":288,"column":62},"end":{"line":288,"column":63}},"loc":{"start":{"line":288,"column":68},"end":{"line":288,"column":91}},"line":288},"8":{"name":"(anonymous_8)","decl":{"start":{"line":299,"column":28},"end":{"line":299,"column":29}},"loc":{"start":{"line":299,"column":45},"end":{"line":302,"column":19}},"line":299},"9":{"name":"(anonymous_9)","decl":{"start":{"line":314,"column":27},"end":{"line":314,"column":28}},"loc":{"start":{"line":314,"column":33},"end":{"line":314,"column":59}},"line":314},"10":{"name":"(anonymous_10)","decl":{"start":{"line":332,"column":32},"end":{"line":332,"column":33}},"loc":{"start":{"line":332,"column":38},"end":{"line":332,"column":65}},"line":332},"11":{"name":"(anonymous_11)","decl":{"start":{"line":338,"column":31},"end":{"line":338,"column":32}},"loc":{"start":{"line":338,"column":37},"end":{"line":341,"column":23}},"line":338},"12":{"name":"(anonymous_12)","decl":{"start":{"line":357,"column":49},"end":{"line":357,"column":50}},"loc":{"start":{"line":357,"column":55},"end":{"line":357,"column":75}},"line":357},"13":{"name":"(anonymous_13)","decl":{"start":{"line":364,"column":34},"end":{"line":364,"column":35}},"loc":{"start":{"line":364,"column":44},"end":{"line":364,"column":81}},"line":364},"14":{"name":"(anonymous_14)","decl":{"start":{"line":365,"column":32},"end":{"line":365,"column":33}},"loc":{"start":{"line":366,"column":22},"end":{"line":384,"column":41}},"line":366},"15":{"name":"(anonymous_15)","decl":{"start":{"line":372,"column":33},"end":{"line":372,"column":34}},"loc":{"start":{"line":372,"column":39},"end":{"line":379,"column":25}},"line":372},"16":{"name":"(anonymous_16)","decl":{"start":{"line":374,"column":28},"end":{"line":374,"column":29}},"loc":{"start":{"line":374,"column":35},"end":{"line":374,"column":69}},"line":374},"17":{"name":"(anonymous_17)","decl":{"start":{"line":386,"column":44},"end":{"line":386,"column":45}},"loc":{"start":{"line":386,"column":50},"end":{"line":386,"column":94}},"line":386},"18":{"name":"(anonymous_18)","decl":{"start":{"line":394,"column":23},"end":{"line":394,"column":24}},"loc":{"start":{"line":394,"column":29},"end":{"line":394,"column":63}},"line":394}},"branchMap":{"0":{"loc":{"start":{"line":179,"column":4},"end":{"line":179,"column":52}},"type":"if","locations":[{"start":{"line":179,"column":4},"end":{"line":179,"column":52}},{"start":{},"end":{}}],"line":179},"1":{"loc":{"start":{"line":182,"column":13},"end":{"line":182,"column":80}},"type":"binary-expr","locations":[{"start":{"line":182,"column":13},"end":{"line":182,"column":53}},{"start":{"line":182,"column":57},"end":{"line":182,"column":80}}],"line":182},"2":{"loc":{"start":{"line":187,"column":4},"end":{"line":190,"column":5}},"type":"if","locations":[{"start":{"line":187,"column":4},"end":{"line":190,"column":5}},{"start":{},"end":{}}],"line":187},"3":{"loc":{"start":{"line":191,"column":4},"end":{"line":194,"column":5}},"type":"if","locations":[{"start":{"line":191,"column":4},"end":{"line":194,"column":5}},{"start":{},"end":{}}],"line":191},"4":{"loc":{"start":{"line":195,"column":4},"end":{"line":198,"column":5}},"type":"if","locations":[{"start":{"line":195,"column":4},"end":{"line":198,"column":5}},{"start":{},"end":{}}],"line":195},"5":{"loc":{"start":{"line":205,"column":23},"end":{"line":205,"column":83}},"type":"cond-expr","locations":[{"start":{"line":205,"column":37},"end":{"line":205,"column":76}},{"start":{"line":205,"column":79},"end":{"line":205,"column":83}}],"line":205},"6":{"loc":{"start":{"line":206,"column":22},"end":{"line":208,"column":16}},"type":"cond-expr","locations":[{"start":{"line":207,"column":12},"end":{"line":207,"column":78}},{"start":{"line":208,"column":12},"end":{"line":208,"column":16}}],"line":206},"7":{"loc":{"start":{"line":218,"column":42},"end":{"line":218,"column":88}},"type":"binary-expr","locations":[{"start":{"line":218,"column":42},"end":{"line":218,"column":62}},{"start":{"line":218,"column":66},"end":{"line":218,"column":79}},{"start":{"line":218,"column":83},"end":{"line":218,"column":88}}],"line":218},"8":{"loc":{"start":{"line":221,"column":11},"end":{"line":221,"column":95}},"type":"binary-expr","locations":[{"start":{"line":221,"column":11},"end":{"line":221,"column":39}},{"start":{"line":221,"column":43},"end":{"line":221,"column":95}}],"line":221},"9":{"loc":{"start":{"line":238,"column":18},"end":{"line":238,"column":62}},"type":"cond-expr","locations":[{"start":{"line":238,"column":42},"end":{"line":238,"column":51}},{"start":{"line":238,"column":54},"end":{"line":238,"column":62}}],"line":238},"10":{"loc":{"start":{"line":289,"column":29},"end":{"line":289,"column":84}},"type":"cond-expr","locations":[{"start":{"line":289,"column":43},"end":{"line":289,"column":59}},{"start":{"line":289,"column":62},"end":{"line":289,"column":84}}],"line":289},"11":{"loc":{"start":{"line":290,"column":19},"end":{"line":290,"column":71}},"type":"cond-expr","locations":[{"start":{"line":290,"column":33},"end":{"line":290,"column":56}},{"start":{"line":290,"column":59},"end":{"line":290,"column":71}}],"line":290},"12":{"loc":{"start":{"line":293,"column":15},"end":{"line":304,"column":15}},"type":"binary-expr","locations":[{"start":{"line":293,"column":15},"end":{"line":293,"column":29}},{"start":{"line":294,"column":16},"end":{"line":303,"column":18}}],"line":293},"13":{"loc":{"start":{"line":295,"column":25},"end":{"line":295,"column":60}},"type":"binary-expr","locations":[{"start":{"line":295,"column":25},"end":{"line":295,"column":36}},{"start":{"line":295,"column":40},"end":{"line":295,"column":60}}],"line":295},"14":{"loc":{"start":{"line":301,"column":20},"end":{"line":301,"column":51}},"type":"if","locations":[{"start":{"line":301,"column":20},"end":{"line":301,"column":51}},{"start":{},"end":{}}],"line":301},"15":{"loc":{"start":{"line":356,"column":21},"end":{"line":360,"column":21}},"type":"binary-expr","locations":[{"start":{"line":356,"column":21},"end":{"line":356,"column":45}},{"start":{"line":357,"column":22},"end":{"line":359,"column":41}}],"line":356},"16":{"loc":{"start":{"line":369,"column":26},"end":{"line":370,"column":54}},"type":"binary-expr","locations":[{"start":{"line":369,"column":26},"end":{"line":369,"column":95}},{"start":{"line":370,"column":28},"end":{"line":370,"column":54}}],"line":369},"17":{"loc":{"start":{"line":397,"column":45},"end":{"line":397,"column":85}},"type":"binary-expr","locations":[{"start":{"line":397,"column":45},"end":{"line":397,"column":59}},{"start":{"line":397,"column":63},"end":{"line":397,"column":85}}],"line":397},"18":{"loc":{"start":{"line":398,"column":17},"end":{"line":400,"column":17}},"type":"binary-expr","locations":[{"start":{"line":398,"column":17},"end":{"line":398,"column":31}},{"start":{"line":399,"column":18},"end":{"line":399,"column":85}}],"line":398},"19":{"loc":{"start":{"line":410,"column":37},"end":{"line":410,"column":71}},"type":"binary-expr","locations":[{"start":{"line":410,"column":37},"end":{"line":410,"column":46}},{"start":{"line":410,"column":50},"end":{"line":410,"column":71}}],"line":410},"20":{"loc":{"start":{"line":414,"column":15},"end":{"line":418,"column":15}},"type":"cond-expr","locations":[{"start":{"line":415,"column":16},"end":{"line":415,"column":65}},{"start":{"line":417,"column":16},"end":{"line":417,"column":63}}],"line":414}},"s":{"0":0,"1":0,"2":0,"3":0,"4":0,"5":0,"6":0,"7":0,"8":0,"9":0,"10":0,"11":0,"12":0,"13":0,"14":0,"15":0,"16":0,"17":0,"18":0,"19":0,"20":0,"21":0,"22":0,"23":0,"24":0,"25":0,"26":0,"27":0,"28":0,"29":0,"30":0,"31":0,"32":0,"33":0,"34":0,"35":0,"36":0,"37":0,"38":0,"39":0,"40":0,"41":0,"42":0,"43":0,"44":0,"45":0,"46":0,"47":0,"48":0,"49":0,"50":0,"51":0,"52":0,"53":0,"54":0,"55":0,"56":0,"57":0,"58":0,"59":0,"60":0,"61":0,"62":0,"63":0,"64":0,"65":0,"66":0,"67":0},"f":{"0":0,"1":0,"2":0,"3":0,"4":0,"5":0,"6":0,"7":0,"8":0,"9":0,"10":0,"11":0,"12":0,"13":0,"14":0,"15":0,"16":0,"17":0,"18":0},"b":{"0":[0,0],"1":[0,0],"2":[0,0],"3":[0,0],"4":[0,0],"5":[0,0],"6":[0,0],"7":[0,0,0],"8":[0,0],"9":[0,0],"10":[0,0],"11":[0,0],"12":[0,0],"13":[0,0],"14":[0,0],"15":[0,0],"16":[0,0],"17":[0,0],"18":[0,0],"19":[0,0],"20":[0,0]}}
,"/Users/kulmashev/agc-workspace/agc-mobile/src/screens/auth/VerificationScreen.tsx": {"path":"/Users/kulmashev/agc-workspace/agc-mobile/src/screens/auth/VerificationScreen.tsx","statementMap":{"0":{"start":{"line":32,"column":51},"end":{"line":112,"column":1}},"1":{"start":{"line":33,"column":26},"end":{"line":33,"column":38}},"2":{"start":{"line":34,"column":26},"end":{"line":34,"column":38}},"3":{"start":{"line":35,"column":36},"end":{"line":35,"column":51}},"4":{"start":{"line":36,"column":25},"end":{"line":36,"column":34}},"5":{"start":{"line":38,"column":23},"end":{"line":58,"column":3}},"6":{"start":{"line":39,"column":4},"end":{"line":42,"column":5}},"7":{"start":{"line":40,"column":6},"end":{"line":40,"column":64}},"8":{"start":{"line":41,"column":6},"end":{"line":41,"column":13}},"9":{"start":{"line":44,"column":4},"end":{"line":44,"column":23}},"10":{"start":{"line":45,"column":4},"end":{"line":57,"column":5}},"11":{"start":{"line":46,"column":6},"end":{"line":46,"column":42}},"12":{"start":{"line":48,"column":6},"end":{"line":50,"column":7}},"13":{"start":{"line":49,"column":8},"end":{"line":49,"column":54}},"14":{"start":{"line":53,"column":6},"end":{"line":53,"column":49}},"15":{"start":{"line":54,"column":6},"end":{"line":54,"column":79}},"16":{"start":{"line":56,"column":6},"end":{"line":56,"column":26}},"17":{"start":{"line":60,"column":2},"end":{"line":111,"column":4}},"18":{"start":{"line":69,"column":47},"end":{"line":69,"column":66}},"19":{"start":{"line":114,"column":15},"end":{"line":195,"column":2}}},"fnMap":{"0":{"name":"(anonymous_0)","decl":{"start":{"line":32,"column":51},"end":{"line":32,"column":52}},"loc":{"start":{"line":32,"column":78},"end":{"line":112,"column":1}},"line":32},"1":{"name":"(anonymous_1)","decl":{"start":{"line":38,"column":23},"end":{"line":38,"column":24}},"loc":{"start":{"line":38,"column":35},"end":{"line":58,"column":3}},"line":38},"2":{"name":"(anonymous_2)","decl":{"start":{"line":69,"column":41},"end":{"line":69,"column":42}},"loc":{"start":{"line":69,"column":47},"end":{"line":69,"column":66}},"line":69}},"branchMap":{"0":{"loc":{"start":{"line":39,"column":4},"end":{"line":42,"column":5}},"type":"if","locations":[{"start":{"line":39,"column":4},"end":{"line":42,"column":5}},{"start":{},"end":{}}],"line":39},"1":{"loc":{"start":{"line":48,"column":6},"end":{"line":50,"column":7}},"type":"if","locations":[{"start":{"line":48,"column":6},"end":{"line":50,"column":7}},{"start":{},"end":{}}],"line":48},"2":{"loc":{"start":{"line":54,"column":27},"end":{"line":54,"column":77}},"type":"binary-expr","locations":[{"start":{"line":54,"column":27},"end":{"line":54,"column":40}},{"start":{"line":54,"column":44},"end":{"line":54,"column":77}}],"line":54},"3":{"loc":{"start":{"line":63,"column":18},"end":{"line":63,"column":62}},"type":"cond-expr","locations":[{"start":{"line":63,"column":42},"end":{"line":63,"column":51}},{"start":{"line":63,"column":54},"end":{"line":63,"column":62}}],"line":63},"4":{"loc":{"start":{"line":96,"column":39},"end":{"line":96,"column":73}},"type":"binary-expr","locations":[{"start":{"line":96,"column":39},"end":{"line":96,"column":48}},{"start":{"line":96,"column":52},"end":{"line":96,"column":73}}],"line":96},"5":{"loc":{"start":{"line":100,"column":17},"end":{"line":104,"column":17}},"type":"cond-expr","locations":[{"start":{"line":101,"column":18},"end":{"line":101,"column":67}},{"start":{"line":103,"column":18},"end":{"line":103,"column":63}}],"line":100}},"s":{"0":0,"1":0,"2":0,"3":0,"4":0,"5":0,"6":0,"7":0,"8":0,"9":0,"10":0,"11":0,"12":0,"13":0,"14":0,"15":0,"16":0,"17":0,"18":0,"19":0},"f":{"0":0,"1":0,"2":0},"b":{"0":[0,0],"1":[0,0],"2":[0,0],"3":[0,0],"4":[0,0],"5":[0,0]}}
,"/Users/kulmashev/agc-workspace/agc-mobile/src/screens/auth/WelcomeScreen.tsx": {"path":"/Users/kulmashev/agc-workspace/agc-mobile/src/screens/auth/WelcomeScreen.tsx","statementMap":{"0":{"start":{"line":14,"column":46},"end":{"line":58,"column":1}},"1":{"start":{"line":15,"column":2},"end":{"line":57,"column":4}},"2":{"start":{"line":40,"column":27},"end":{"line":40,"column":79}},"3":{"start":{"line":49,"column":27},"end":{"line":49,"column":80}},"4":{"start":{"line":60,"column":15},"end":{"line":127,"column":2}}},"fnMap":{"0":{"name":"(anonymous_0)","decl":{"start":{"line":14,"column":46},"end":{"line":14,"column":47}},"loc":{"start":{"line":14,"column":66},"end":{"line":58,"column":1}},"line":14},"1":{"name":"(anonymous_1)","decl":{"start":{"line":40,"column":21},"end":{"line":40,"column":22}},"loc":{"start":{"line":40,"column":27},"end":{"line":40,"column":79}},"line":40},"2":{"name":"(anonymous_2)","decl":{"start":{"line":49,"column":21},"end":{"line":49,"column":22}},"loc":{"start":{"line":49,"column":27},"end":{"line":49,"column":80}},"line":49}},"branchMap":{},"s":{"0":0,"1":0,"2":0,"3":0,"4":0},"f":{"0":0,"1":0,"2":0},"b":{}}
,"/Users/kulmashev/agc-workspace/agc-mobile/src/screens/main/ChatDetailScreen.tsx": {"path":"/Users/kulmashev/agc-workspace/agc-mobile/src/screens/main/ChatDetailScreen.tsx","statementMap":{"0":{"start":{"line":28,"column":42},"end":{"line":298,"column":1}},"1":{"start":{"line":29,"column":21},"end":{"line":29,"column":36}},"2":{"start":{"line":30,"column":16},"end":{"line":30,"column":31}},"3":{"start":{"line":31,"column":17},"end":{"line":31,"column":37}},"4":{"start":{"line":32,"column":19},"end":{"line":32,"column":28}},"5":{"start":{"line":34,"column":26},"end":{"line":34,"column":53}},"6":{"start":{"line":35,"column":34},"end":{"line":35,"column":57}},"7":{"start":{"line":36,"column":32},"end":{"line":36,"column":44}},"8":{"start":{"line":37,"column":36},"end":{"line":37,"column":50}},"9":{"start":{"line":38,"column":36},"end":{"line":38,"column":51}},"10":{"start":{"line":39,"column":22},"end":{"line":39,"column":44}},"11":{"start":{"line":42,"column":50},"end":{"line":42,"column":65}},"12":{"start":{"line":43,"column":32},"end":{"line":43,"column":58}},"13":{"start":{"line":44,"column":50},"end":{"line":44,"column":65}},"14":{"start":{"line":46,"column":24},"end":{"line":59,"column":14}},"15":{"start":{"line":47,"column":4},"end":{"line":58,"column":5}},"16":{"start":{"line":48,"column":39},"end":{"line":51,"column":8}},"17":{"start":{"line":52,"column":6},"end":{"line":52,"column":24}},"18":{"start":{"line":53,"column":6},"end":{"line":53,"column":32}},"19":{"start":{"line":55,"column":6},"end":{"line":55,"column":58}},"20":{"start":{"line":57,"column":6},"end":{"line":57,"column":26}},"21":{"start":{"line":61,"column":2},"end":{"line":63,"column":22}},"22":{"start":{"line":62,"column":4},"end":{"line":62,"column":20}},"23":{"start":{"line":65,"column":23},"end":{"line":96,"column":3}},"24":{"start":{"line":66,"column":4},"end":{"line":66,"column":30}},"25":{"start":{"line":67,"column":4},"end":{"line":95,"column":5}},"26":{"start":{"line":68,"column":26},"end":{"line":68,"column":66}},"27":{"start":{"line":71,"column":23},"end":{"line":71,"column":54}},"28":{"start":{"line":72,"column":23},"end":{"line":72,"column":67}},"29":{"start":{"line":72,"column":56},"end":{"line":72,"column":65}},"30":{"start":{"line":74,"column":34},"end":{"line":87,"column":8}},"31":{"start":{"line":75,"column":25},"end":{"line":75,"column":50}},"32":{"start":{"line":76,"column":8},"end":{"line":86,"column":10}},"33":{"start":{"line":89,"column":6},"end":{"line":89,"column":38}},"34":{"start":{"line":91,"column":6},"end":{"line":91,"column":53}},"35":{"start":{"line":92,"column":6},"end":{"line":92,"column":53}},"36":{"start":{"line":94,"column":6},"end":{"line":94,"column":33}},"37":{"start":{"line":98,"column":28},"end":{"line":101,"column":3}},"38":{"start":{"line":99,"column":4},"end":{"line":99,"column":25}},"39":{"start":{"line":100,"column":4},"end":{"line":100,"column":30}},"40":{"start":{"line":103,"column":28},"end":{"line":138,"column":3}},"41":{"start":{"line":104,"column":4},"end":{"line":104,"column":45}},"42":{"start":{"line":104,"column":38},"end":{"line":104,"column":45}},"43":{"start":{"line":106,"column":4},"end":{"line":106,"column":23}},"44":{"start":{"line":107,"column":19},"end":{"line":107,"column":29}},"45":{"start":{"line":108,"column":4},"end":{"line":137,"column":5}},"46":{"start":{"line":109,"column":35},"end":{"line":117,"column":7}},"47":{"start":{"line":120,"column":6},"end":{"line":120,"column":52}},"48":{"start":{"line":120,"column":28},"end":{"line":120,"column":50}},"49":{"start":{"line":121,"column":6},"end":{"line":121,"column":21}},"50":{"start":{"line":123,"column":6},"end":{"line":123,"column":87}},"51":{"start":{"line":124,"column":25},"end":{"line":124,"column":83}},"52":{"start":{"line":125,"column":6},"end":{"line":125,"column":60}},"53":{"start":{"line":127,"column":6},"end":{"line":127,"column":81}},"54":{"start":{"line":127,"column":28},"end":{"line":127,"column":79}},"55":{"start":{"line":127,"column":45},"end":{"line":127,"column":77}},"56":{"start":{"line":129,"column":6},"end":{"line":129,"column":52}},"57":{"start":{"line":130,"column":6},"end":{"line":130,"column":76}},"58":{"start":{"line":131,"column":6},"end":{"line":131,"column":60}},"59":{"start":{"line":133,"column":6},"end":{"line":133,"column":65}},"60":{"start":{"line":133,"column":28},"end":{"line":133,"column":63}},"61":{"start":{"line":133,"column":47},"end":{"line":133,"column":62}},"62":{"start":{"line":134,"column":6},"end":{"line":134,"column":94}},"63":{"start":{"line":136,"column":6},"end":{"line":136,"column":26}},"64":{"start":{"line":140,"column":28},"end":{"line":173,"column":3}},"65":{"start":{"line":141,"column":24},"end":{"line":141,"column":48}},"66":{"start":{"line":143,"column":4},"end":{"line":172,"column":6}},"67":{"start":{"line":175,"column":2},"end":{"line":297,"column":4}},"68":{"start":{"line":178,"column":41},"end":{"line":178,"column":60}},"69":{"start":{"line":206,"column":41},"end":{"line":206,"column":78}},"70":{"start":{"line":251,"column":30},"end":{"line":251,"column":56}},"71":{"start":{"line":257,"column":47},"end":{"line":257,"column":73}},"72":{"start":{"line":270,"column":18},"end":{"line":289,"column":25}},"73":{"start":{"line":300,"column":15},"end":{"line":496,"column":2}}},"fnMap":{"0":{"name":"(anonymous_0)","decl":{"start":{"line":28,"column":42},"end":{"line":28,"column":43}},"loc":{"start":{"line":28,"column":48},"end":{"line":298,"column":1}},"line":28},"1":{"name":"(anonymous_1)","decl":{"start":{"line":46,"column":36},"end":{"line":46,"column":37}},"loc":{"start":{"line":46,"column":48},"end":{"line":59,"column":3}},"line":46},"2":{"name":"(anonymous_2)","decl":{"start":{"line":61,"column":12},"end":{"line":61,"column":13}},"loc":{"start":{"line":61,"column":18},"end":{"line":63,"column":3}},"line":61},"3":{"name":"(anonymous_3)","decl":{"start":{"line":65,"column":23},"end":{"line":65,"column":24}},"loc":{"start":{"line":65,"column":35},"end":{"line":96,"column":3}},"line":65},"4":{"name":"(anonymous_4)","decl":{"start":{"line":72,"column":44},"end":{"line":72,"column":45}},"loc":{"start":{"line":72,"column":56},"end":{"line":72,"column":65}},"line":72},"5":{"name":"(anonymous_5)","decl":{"start":{"line":74,"column":50},"end":{"line":74,"column":51}},"loc":{"start":{"line":74,"column":67},"end":{"line":87,"column":7}},"line":74},"6":{"name":"(anonymous_6)","decl":{"start":{"line":98,"column":28},"end":{"line":98,"column":29}},"loc":{"start":{"line":98,"column":40},"end":{"line":101,"column":3}},"line":98},"7":{"name":"(anonymous_7)","decl":{"start":{"line":103,"column":28},"end":{"line":103,"column":29}},"loc":{"start":{"line":103,"column":40},"end":{"line":138,"column":3}},"line":103},"8":{"name":"(anonymous_8)","decl":{"start":{"line":120,"column":18},"end":{"line":120,"column":19}},"loc":{"start":{"line":120,"column":28},"end":{"line":120,"column":50}},"line":120},"9":{"name":"(anonymous_9)","decl":{"start":{"line":127,"column":18},"end":{"line":127,"column":19}},"loc":{"start":{"line":127,"column":28},"end":{"line":127,"column":79}},"line":127},"10":{"name":"(anonymous_10)","decl":{"start":{"line":127,"column":37},"end":{"line":127,"column":38}},"loc":{"start":{"line":127,"column":45},"end":{"line":127,"column":77}},"line":127},"11":{"name":"(anonymous_11)","decl":{"start":{"line":133,"column":18},"end":{"line":133,"column":19}},"loc":{"start":{"line":133,"column":28},"end":{"line":133,"column":63}},"line":133},"12":{"name":"(anonymous_12)","decl":{"start":{"line":133,"column":40},"end":{"line":133,"column":41}},"loc":{"start":{"line":133,"column":47},"end":{"line":133,"column":62}},"line":133},"13":{"name":"(anonymous_13)","decl":{"start":{"line":140,"column":28},"end":{"line":140,"column":29}},"loc":{"start":{"line":140,"column":61},"end":{"line":173,"column":3}},"line":140},"14":{"name":"(anonymous_14)","decl":{"start":{"line":178,"column":35},"end":{"line":178,"column":36}},"loc":{"start":{"line":178,"column":41},"end":{"line":178,"column":60}},"line":178},"15":{"name":"(anonymous_15)","decl":{"start":{"line":206,"column":24},"end":{"line":206,"column":25}},"loc":{"start":{"line":206,"column":41},"end":{"line":206,"column":78}},"line":206},"16":{"name":"(anonymous_16)","decl":{"start":{"line":251,"column":24},"end":{"line":251,"column":25}},"loc":{"start":{"line":251,"column":30},"end":{"line":251,"column":56}},"line":251},"17":{"name":"(anonymous_17)","decl":{"start":{"line":257,"column":41},"end":{"line":257,"column":42}},"loc":{"start":{"line":257,"column":47},"end":{"line":257,"column":73}},"line":257},"18":{"name":"(anonymous_18)","decl":{"start":{"line":269,"column":29},"end":{"line":269,"column":30}},"loc":{"start":{"line":270,"column":18},"end":{"line":289,"column":25}},"line":270}},"branchMap":{"0":{"loc":{"start":{"line":78,"column":16},"end":{"line":78,"column":62}},"type":"binary-expr","locations":[{"start":{"line":78,"column":16},"end":{"line":78,"column":35}},{"start":{"line":78,"column":39},"end":{"line":78,"column":50}},{"start":{"line":78,"column":54},"end":{"line":78,"column":62}}],"line":78},"1":{"loc":{"start":{"line":79,"column":24},"end":{"line":85,"column":18}},"type":"cond-expr","locations":[{"start":{"line":80,"column":14},"end":{"line":84,"column":15}},{"start":{"line":85,"column":14},"end":{"line":85,"column":18}}],"line":79},"2":{"loc":{"start":{"line":81,"column":28},"end":{"line":81,"column":87}},"type":"binary-expr","locations":[{"start":{"line":81,"column":28},"end":{"line":81,"column":47}},{"start":{"line":81,"column":51},"end":{"line":81,"column":79}},{"start":{"line":81,"column":83},"end":{"line":81,"column":87}}],"line":81},"3":{"loc":{"start":{"line":82,"column":27},"end":{"line":82,"column":53}},"type":"binary-expr","locations":[{"start":{"line":82,"column":27},"end":{"line":82,"column":45}},{"start":{"line":82,"column":49},"end":{"line":82,"column":53}}],"line":82},"4":{"loc":{"start":{"line":83,"column":24},"end":{"line":83,"column":47}},"type":"binary-expr","locations":[{"start":{"line":83,"column":24},"end":{"line":83,"column":39}},{"start":{"line":83,"column":43},"end":{"line":83,"column":47}}],"line":83},"5":{"loc":{"start":{"line":104,"column":4},"end":{"line":104,"column":45}},"type":"if","locations":[{"start":{"line":104,"column":4},"end":{"line":104,"column":45}},{"start":{},"end":{}}],"line":104},"6":{"loc":{"start":{"line":104,"column":8},"end":{"line":104,"column":36}},"type":"binary-expr","locations":[{"start":{"line":104,"column":8},"end":{"line":104,"column":23}},{"start":{"line":104,"column":27},"end":{"line":104,"column":36}}],"line":104},"7":{"loc":{"start":{"line":112,"column":16},"end":{"line":112,"column":30}},"type":"binary-expr","locations":[{"start":{"line":112,"column":16},"end":{"line":112,"column":24}},{"start":{"line":112,"column":28},"end":{"line":112,"column":30}}],"line":112},"8":{"loc":{"start":{"line":127,"column":45},"end":{"line":127,"column":77}},"type":"cond-expr","locations":[{"start":{"line":127,"column":63},"end":{"line":127,"column":73}},{"start":{"line":127,"column":76},"end":{"line":127,"column":77}}],"line":127},"9":{"loc":{"start":{"line":134,"column":28},"end":{"line":134,"column":92}},"type":"binary-expr","locations":[{"start":{"line":134,"column":28},"end":{"line":134,"column":56}},{"start":{"line":134,"column":60},"end":{"line":134,"column":92}}],"line":134},"10":{"loc":{"start":{"line":147,"column":10},"end":{"line":147,"column":80}},"type":"cond-expr","locations":[{"start":{"line":147,"column":24},"end":{"line":147,"column":49}},{"start":{"line":147,"column":52},"end":{"line":147,"column":80}}],"line":147},"11":{"loc":{"start":{"line":150,"column":9},"end":{"line":152,"column":9}},"type":"binary-expr","locations":[{"start":{"line":150,"column":9},"end":{"line":150,"column":21}},{"start":{"line":151,"column":10},"end":{"line":151,"column":92}}],"line":150},"12":{"loc":{"start":{"line":151,"column":43},"end":{"line":151,"column":84}},"type":"binary-expr","locations":[{"start":{"line":151,"column":43},"end":{"line":151,"column":74}},{"start":{"line":151,"column":78},"end":{"line":151,"column":84}}],"line":151},"13":{"loc":{"start":{"line":156,"column":12},"end":{"line":156,"column":76}},"type":"cond-expr","locations":[{"start":{"line":156,"column":26},"end":{"line":156,"column":48}},{"start":{"line":156,"column":51},"end":{"line":156,"column":76}}],"line":156},"14":{"loc":{"start":{"line":162,"column":14},"end":{"line":162,"column":74}},"type":"cond-expr","locations":[{"start":{"line":162,"column":28},"end":{"line":162,"column":48}},{"start":{"line":162,"column":51},"end":{"line":162,"column":74}}],"line":162},"15":{"loc":{"start":{"line":183,"column":13},"end":{"line":183,"column":52}},"type":"binary-expr","locations":[{"start":{"line":183,"column":13},"end":{"line":183,"column":32}},{"start":{"line":183,"column":36},"end":{"line":183,"column":52}}],"line":183},"16":{"loc":{"start":{"line":185,"column":11},"end":{"line":187,"column":11}},"type":"binary-expr","locations":[{"start":{"line":185,"column":11},"end":{"line":185,"column":33}},{"start":{"line":186,"column":12},"end":{"line":186,"column":99}}],"line":185},"17":{"loc":{"start":{"line":186,"column":49},"end":{"line":186,"column":83}},"type":"binary-expr","locations":[{"start":{"line":186,"column":49},"end":{"line":186,"column":77}},{"start":{"line":186,"column":81},"end":{"line":186,"column":83}}],"line":186},"18":{"loc":{"start":{"line":189,"column":9},"end":{"line":193,"column":9}},"type":"binary-expr","locations":[{"start":{"line":189,"column":9},"end":{"line":189,"column":31}},{"start":{"line":190,"column":10},"end":{"line":192,"column":29}}],"line":189},"19":{"loc":{"start":{"line":196,"column":7},"end":{"line":215,"column":7}},"type":"cond-expr","locations":[{"start":{"line":197,"column":8},"end":{"line":199,"column":15}},{"start":{"line":201,"column":8},"end":{"line":214,"column":10}}],"line":196},"20":{"loc":{"start":{"line":206,"column":41},"end":{"line":206,"column":78}},"type":"binary-expr","locations":[{"start":{"line":206,"column":41},"end":{"line":206,"column":60}},{"start":{"line":206,"column":64},"end":{"line":206,"column":78}}],"line":206},"21":{"loc":{"start":{"line":218,"column":18},"end":{"line":218,"column":62}},"type":"cond-expr","locations":[{"start":{"line":218,"column":42},"end":{"line":218,"column":51}},{"start":{"line":218,"column":54},"end":{"line":218,"column":62}}],"line":218},"22":{"loc":{"start":{"line":219,"column":32},"end":{"line":219,"column":61}},"type":"cond-expr","locations":[{"start":{"line":219,"column":56},"end":{"line":219,"column":57}},{"start":{"line":219,"column":60},"end":{"line":219,"column":61}}],"line":219},"23":{"loc":{"start":{"line":233,"column":39},"end":{"line":233,"column":98}},"type":"binary-expr","locations":[{"start":{"line":233,"column":40},"end":{"line":233,"column":55}},{"start":{"line":233,"column":59},"end":{"line":233,"column":68}},{"start":{"line":233,"column":73},"end":{"line":233,"column":98}}],"line":233},"24":{"loc":{"start":{"line":235,"column":22},"end":{"line":235,"column":50}},"type":"binary-expr","locations":[{"start":{"line":235,"column":22},"end":{"line":235,"column":37}},{"start":{"line":235,"column":41},"end":{"line":235,"column":50}}],"line":235},"25":{"loc":{"start":{"line":237,"column":13},"end":{"line":241,"column":13}},"type":"cond-expr","locations":[{"start":{"line":238,"column":14},"end":{"line":238,"column":76}},{"start":{"line":240,"column":14},"end":{"line":240,"column":76}}],"line":237},"26":{"loc":{"start":{"line":261,"column":13},"end":{"line":292,"column":13}},"type":"cond-expr","locations":[{"start":{"line":262,"column":14},"end":{"line":266,"column":16}},{"start":{"line":268,"column":14},"end":{"line":291,"column":27}}],"line":261},"27":{"loc":{"start":{"line":272,"column":23},"end":{"line":280,"column":23}},"type":"cond-expr","locations":[{"start":{"line":273,"column":24},"end":{"line":277,"column":26}},{"start":{"line":279,"column":24},"end":{"line":279,"column":89}}],"line":272},"28":{"loc":{"start":{"line":284,"column":25},"end":{"line":284,"column":66}},"type":"binary-expr","locations":[{"start":{"line":284,"column":25},"end":{"line":284,"column":56}},{"start":{"line":284,"column":60},"end":{"line":284,"column":66}}],"line":284},"29":{"loc":{"start":{"line":285,"column":25},"end":{"line":285,"column":61}},"type":"binary-expr","locations":[{"start":{"line":285,"column":25},"end":{"line":285,"column":55}},{"start":{"line":285,"column":59},"end":{"line":285,"column":61}}],"line":285}},"s":{"0":0,"1":0,"2":0,"3":0,"4":0,"5":0,"6":0,"7":0,"8":0,"9":0,"10":0,"11":0,"12":0,"13":0,"14":0,"15":0,"16":0,"17":0,"18":0,"19":0,"20":0,"21":0,"22":0,"23":0,"24":0,"25":0,"26":0,"27":0,"28":0,"29":0,"30":0,"31":0,"32":0,"33":0,"34":0,"35":0,"36":0,"37":0,"38":0,"39":0,"40":0,"41":0,"42":0,"43":0,"44":0,"45":0,"46":0,"47":0,"48":0,"49":0,"50":0,"51":0,"52":0,"53":0,"54":0,"55":0,"56":0,"57":0,"58":0,"59":0,"60":0,"61":0,"62":0,"63":0,"64":0,"65":0,"66":0,"67":0,"68":0,"69":0,"70":0,"71":0,"72":0,"73":0},"f":{"0":0,"1":0,"2":0,"3":0,"4":0,"5":0,"6":0,"7":0,"8":0,"9":0,"10":0,"11":0,"12":0,"13":0,"14":0,"15":0,"16":0,"17":0,"18":0},"b":{"0":[0,0,0],"1":[0,0],"2":[0,0,0],"3":[0,0],"4":[0,0],"5":[0,0],"6":[0,0],"7":[0,0],"8":[0,0],"9":[0,0],"10":[0,0],"11":[0,0],"12":[0,0],"13":[0,0],"14":[0,0],"15":[0,0],"16":[0,0],"17":[0,0],"18":[0,0],"19":[0,0],"20":[0,0],"21":[0,0],"22":[0,0],"23":[0,0,0],"24":[0,0],"25":[0,0],"26":[0,0],"27":[0,0],"28":[0,0],"29":[0,0]}}
[...]
ne":51,"column":64},"end":{"line":61,"column":1}},"line":51}},"branchMap":{"0":{"loc":{"start":{"line":7,"column":2},"end":{"line":19,"column":3}},"type":"if","locations":[{"start":{"line":7,"column":2},"end":{"line":19,"column":3}},{"start":{},"end":{}}],"line":7},"1":{"loc":{"start":{"line":9,"column":4},"end":{"line":11,"column":5}},"type":"if","locations":[{"start":{"line":9,"column":4},"end":{"line":11,"column":5}},{"start":{},"end":{}}],"line":9},"2":{"loc":{"start":{"line":12,"column":4},"end":{"line":14,"column":5}},"type":"if","locations":[{"start":{"line":12,"column":4},"end":{"line":14,"column":5}},{"start":{},"end":{}}],"line":12},"3":{"loc":{"start":{"line":16,"column":4},"end":{"line":18,"column":5}},"type":"if","locations":[{"start":{"line":16,"column":4},"end":{"line":18,"column":5}},{"start":{},"end":{}}],"line":16},"4":{"loc":{"start":{"line":21,"column":2},"end":{"line":23,"column":3}},"type":"if","locations":[{"start":{"line":21,"column":2},"end":{"line":23,"column":3}},{"start":{},"end":{}}],"line":21},"5":{"loc":{"start":{"line":32,"column":2},"end":{"line":34,"column":3}},"type":"if","locations":[{"start":{"line":32,"column":2},"end":{"line":34,"column":3}},{"start":{},"end":{}}],"line":32},"6":{"loc":{"start":{"line":33,"column":11},"end":{"line":33,"column":58}},"type":"binary-expr","locations":[{"start":{"line":33,"column":11},"end":{"line":33,"column":26}},{"start":{"line":33,"column":30},"end":{"line":33,"column":58}}],"line":33},"7":{"loc":{"start":{"line":42,"column":2},"end":{"line":44,"column":3}},"type":"if","locations":[{"start":{"line":42,"column":2},"end":{"line":44,"column":3}},{"start":{},"end":{}}],"line":42},"8":{"loc":{"start":{"line":52,"column":2},"end":{"line":54,"column":3}},"type":"if","locations":[{"start":{"line":52,"column":2},"end":{"line":54,"column":3}},{"start":{},"end":{}}],"line":52},"9":{"loc":{"start":{"line":56,"column":2},"end":{"line":58,"column":3}},"type":"if","locations":[{"start":{"line":56,"column":2},"end":{"line":58,"column":3}},{"start":{},"end":{}}],"line":56}},"s":{"0":0,"1":0,"2":0,"3":0,"4":0,"5":0,"6":0,"7":0,"8":0,"9":0,"10":0,"11":0,"12":0,"13":0,"14":0,"15":0,"16":0,"17":0,"18":0,"19":0,"20":0,"21":0,"22":0,"23":0,"24":0},"f":{"0":0,"1":0,"2":0,"3":0},"b":{"0":[0,0],"1":[0,0],"2":[0,0],"3":[0,0],"4":[0,0],"5":[0,0],"6":[0,0],"7":[0,0],"8":[0,0],"9":[0,0]}}
,"/Users/kulmashev/agc-workspace/agc-mobile/src/utils/errorUtils.ts": {"path":"/Users/kulmashev/agc-workspace/agc-mobile/src/utils/errorUtils.ts","statementMap":{"0":{"start":{"line":4,"column":35},"end":{"line":21,"column":1}},"1":{"start":{"line":5,"column":2},"end":{"line":7,"column":3}},"2":{"start":{"line":6,"column":4},"end":{"line":6,"column":17}},"3":{"start":{"line":9,"column":2},"end":{"line":11,"column":3}},"4":{"start":{"line":10,"column":4},"end":{"line":10,"column":58}},"5":{"start":{"line":13,"column":2},"end":{"line":18,"column":3}},"6":{"start":{"line":14,"column":26},"end":{"line":14,"column":80}},"7":{"start":{"line":15,"column":4},"end":{"line":17,"column":5}},"8":{"start":{"line":16,"column":6},"end":{"line":16,"column":42}},"9":{"start":{"line":20,"column":2},"end":{"line":20,"column":15}},"10":{"start":{"line":23,"column":27},"end":{"line":30,"column":1}},"11":{"start":{"line":24,"column":2},"end":{"line":27,"column":3}},"12":{"start":{"line":25,"column":4},"end":{"line":25,"column":62}},"13":{"start":{"line":26,"column":4},"end":{"line":26,"column":11}},"14":{"start":{"line":29,"column":2},"end":{"line":29,"column":37}}},"fnMap":{"0":{"name":"(anonymous_0)","decl":{"start":{"line":4,"column":35},"end":{"line":4,"column":36}},"loc":{"start":{"line":4,"column":64},"end":{"line":21,"column":1}},"line":4},"1":{"name":"(anonymous_1)","decl":{"start":{"line":23,"column":27},"end":{"line":23,"column":28}},"loc":{"start":{"line":23,"column":64},"end":{"line":30,"column":1}},"line":23}},"branchMap":{"0":{"loc":{"start":{"line":5,"column":2},"end":{"line":7,"column":3}},"type":"if","locations":[{"start":{"line":5,"column":2},"end":{"line":7,"column":3}},{"start":{},"end":{}}],"line":5},"1":{"loc":{"start":{"line":9,"column":2},"end":{"line":11,"column":3}},"type":"if","locations":[{"start":{"line":9,"column":2},"end":{"line":11,"column":3}},{"start":{},"end":{}}],"line":9},"2":{"loc":{"start":{"line":13,"column":2},"end":{"line":18,"column":3}},"type":"if","locations":[{"start":{"line":13,"column":2},"end":{"line":18,"column":3}},{"start":{},"end":{}}],"line":13},"3":{"loc":{"start":{"line":15,"column":4},"end":{"line":17,"column":5}},"type":"if","locations":[{"start":{"line":15,"column":4},"end":{"line":17,"column":5}},{"start":{},"end":{}}],"line":15},"4":{"loc":{"start":{"line":24,"column":2},"end":{"line":27,"column":3}},"type":"if","locations":[{"start":{"line":24,"column":2},"end":{"line":27,"column":3}},{"start":{},"end":{}}],"line":24}},"s":{"0":0,"1":0,"2":0,"3":0,"4":0,"5":0,"6":0,"7":0,"8":0,"9":0,"10":0,"11":0,"12":0,"13":0,"14":0},"f":{"0":0,"1":0},"b":{"0":[0,0],"1":[0,0],"2":[0,0],"3":[0,0],"4":[0,0]}}
,"/Users/kulmashev/agc-workspace/agc-mobile/src/utils/extractResults.ts": {"path":"/Users/kulmashev/agc-workspace/agc-mobile/src/utils/extractResults.ts","statementMap":{"0":{"start":{"line":5,"column":30},"end":{"line":13,"column":1}},"1":{"start":{"line":6,"column":2},"end":{"line":8,"column":3}},"2":{"start":{"line":7,"column":4},"end":{"line":7,"column":16}},"3":{"start":{"line":9,"column":2},"end":{"line":11,"column":3}},"4":{"start":{"line":10,"column":4},"end":{"line":10,"column":24}},"5":{"start":{"line":12,"column":2},"end":{"line":12,"column":12}}},"fnMap":{"0":{"name":"(anonymous_0)","decl":{"start":{"line":5,"column":30},"end":{"line":5,"column":31}},"loc":{"start":{"line":5,"column":53},"end":{"line":13,"column":1}},"line":5}},"branchMap":{"0":{"loc":{"start":{"line":6,"column":2},"end":{"line":8,"column":3}},"type":"if","locations":[{"start":{"line":6,"column":2},"end":{"line":8,"column":3}},{"start":{},"end":{}}],"line":6},"1":{"loc":{"start":{"line":9,"column":2},"end":{"line":11,"column":3}},"type":"if","locations":[{"start":{"line":9,"column":2},"end":{"line":11,"column":3}},{"start":{},"end":{}}],"line":9},"2":{"loc":{"start":{"line":9,"column":6},"end":{"line":9,"column":90}},"type":"binary-expr","locations":[{"start":{"line":9,"column":6},"end":{"line":9,"column":10}},{"start":{"line":9,"column":14},"end":{"line":9,"column":38}},{"start":{"line":9,"column":42},"end":{"line":9,"column":59}},{"start":{"line":9,"column":63},"end":{"line":9,"column":90}}],"line":9}},"s":{"0":0,"1":0,"2":0,"3":0,"4":0,"5":0},"f":{"0":0},"b":{"0":[0,0],"1":[0,0],"2":[0,0,0,0]}}
,"/Users/kulmashev/agc-workspace/agc-mobile/src/utils/logger.ts": {"path":"/Users/kulmashev/agc-workspace/agc-mobile/src/utils/logger.ts","statementMap":{"0":{"start":{"line":7,"column":15},"end":{"line":7,"column":22}},"1":{"start":{"line":9,"column":22},"end":{"line":60,"column":1}},"2":{"start":{"line":14,"column":4},"end":{"line":16,"column":5}},"3":{"start":{"line":15,"column":6},"end":{"line":15,"column":36}},"4":{"start":{"line":23,"column":4},"end":{"line":25,"column":5}},"5":{"start":{"line":24,"column":6},"end":{"line":24,"column":40}},"6":{"start":{"line":32,"column":4},"end":{"line":34,"column":5}},"7":{"start":{"line":33,"column":6},"end":{"line":33,"column":38}},"8":{"start":{"line":41,"column":4},"end":{"line":46,"column":5}},"9":{"start":{"line":42,"column":6},"end":{"line":42,"column":38}},"10":{"start":{"line":53,"column":4},"end":{"line":58,"column":5}},"11":{"start":{"line":54,"column":6},"end":{"line":54,"column":40}}},"fnMap":{"0":{"name":"(anonymous_0)","decl":{"start":{"line":13,"column":7},"end":{"line":13,"column":8}},"loc":{"start":{"line":13,"column":33},"end":{"line":17,"column":3}},"line":13},"1":{"name":"(anonymous_1)","decl":{"start":{"line":22,"column":9},"end":{"line":22,"column":10}},"loc":{"start":{"line":22,"column":35},"end":{"line":26,"column":3}},"line":22},"2":{"name":"(anonymous_2)","decl":{"start":{"line":31,"column":8},"end":{"line":31,"column":9}},"loc":{"start":{"line":31,"column":34},"end":{"line":35,"column":3}},"line":31},"3":{"name":"(anonymous_3)","decl":{"start":{"line":40,"column":8},"end":{"line":40,"column":9}},"loc":{"start":{"line":40,"column":34},"end":{"line":47,"column":3}},"line":40},"4":{"name":"(anonymous_4)","decl":{"start":{"line":52,"column":9},"end":{"line":52,"column":10}},"loc":{"start":{"line":52,"column":35},"end":{"line":59,"column":3}},"line":52}},"branchMap":{"0":{"loc":{"start":{"line":14,"column":4},"end":{"line":16,"column":5}},"type":"if","locations":[{"start":{"line":14,"column":4},"end":{"line":16,"column":5}},{"start":{},"end":{}}],"line":14},"1":{"loc":{"start":{"line":23,"column":4},"end":{"line":25,"column":5}},"type":"if","locations":[{"start":{"line":23,"column":4},"end":{"line":25,"column":5}},{"start":{},"end":{}}],"line":23},"2":{"loc":{"start":{"line":32,"column":4},"end":{"line":34,"column":5}},"type":"if","locations":[{"start":{"line":32,"column":4},"end":{"line":34,"column":5}},{"start":{},"end":{}}],"line":32},"3":{"loc":{"start":{"line":41,"column":4},"end":{"line":46,"column":5}},"type":"if","locations":[{"start":{"line":41,"column":4},"end":{"line":46,"column":5}},{"start":{"line":43,"column":11},"end":{"line":46,"column":5}}],"line":41},"4":{"loc":{"start":{"line":53,"column":4},"end":{"line":58,"column":5}},"type":"if","locations":[{"start":{"line":53,"column":4},"end":{"line":58,"column":5}},{"start":{"line":55,"column":11},"end":{"line":58,"column":5}}],"line":53}},"s":{"0":0,"1":0,"2":0,"3":0,"4":0,"5":0,"6":0,"7":0,"8":0,"9":0,"10":0,"11":0},"f":{"0":0,"1":0,"2":0,"3":0,"4":0},"b":{"0":[0,0],"1":[0,0],"2":[0,0],"3":[0,0],"4":[0,0]}}
,"/Users/kulmashev/agc-workspace/agc-mobile/src/utils/secureUrl.ts": {"path":"/Users/kulmashev/agc-workspace/agc-mobile/src/utils/secureUrl.ts","statementMap":{"0":{"start":{"line":7,"column":23},"end":{"line":7,"column":51}},"1":{"start":{"line":16,"column":30},"end":{"line":31,"column":1}},"2":{"start":{"line":17,"column":2},"end":{"line":17,"column":29}},"3":{"start":{"line":17,"column":12},"end":{"line":17,"column":29}},"4":{"start":{"line":20,"column":2},"end":{"line":22,"column":3}},"5":{"start":{"line":21,"column":4},"end":{"line":21,"column":37}},"6":{"start":{"line":25,"column":2},"end":{"line":27,"column":3}},"7":{"start":{"line":26,"column":4},"end":{"line":26,"column":46}},"8":{"start":{"line":30,"column":2},"end":{"line":30,"column":13}}},"fnMap":{"0":{"name":"(anonymous_0)","decl":{"start":{"line":16,"column":30},"end":{"line":16,"column":31}},"loc":{"start":{"line":16,"column":86},"end":{"line":31,"column":1}},"line":16}},"branchMap":{"0":{"loc":{"start":{"line":17,"column":2},"end":{"line":17,"column":29}},"type":"if","locations":[{"start":{"line":17,"column":2},"end":{"line":17,"column":29}},{"start":{},"end":{}}],"line":17},"1":{"loc":{"start":{"line":20,"column":2},"end":{"line":22,"column":3}},"type":"if","locations":[{"start":{"line":20,"column":2},"end":{"line":22,"column":3}},{"start":{},"end":{}}],"line":20},"2":{"loc":{"start":{"line":25,"column":2},"end":{"line":27,"column":3}},"type":"if","locations":[{"start":{"line":25,"column":2},"end":{"line":27,"column":3}},{"start":{},"end":{}}],"line":25}},"s":{"0":0,"1":0,"2":0,"3":0,"4":0,"5":0,"6":0,"7":0,"8":0},"f":{"0":0},"b":{"0":[0,0],"1":[0,0],"2":[0,0]}}
,"/Users/kulmashev/agc-workspace/agc-mobile/src/utils/validation.ts": {"path":"/Users/kulmashev/agc-workspace/agc-mobile/src/utils/validation.ts","statementMap":{"0":{"start":{"line":9,"column":29},"end":{"line":28,"column":1}},"1":{"start":{"line":10,"column":2},"end":{"line":12,"column":3}},"2":{"start":{"line":11,"column":4},"end":{"line":11,"column":65}},"3":{"start":{"line":15,"column":21},"end":{"line":15,"column":45}},"4":{"start":{"line":18,"column":2},"end":{"line":20,"column":3}},"5":{"start":{"line":19,"column":4},"end":{"line":19,"column":80}},"6":{"start":{"line":23,"column":2},"end":{"line":25,"column":3}},"7":{"start":{"line":24,"column":4},"end":{"line":24,"column":65}},"8":{"start":{"line":27,"column":2},"end":{"line":27,"column":27}},"9":{"start":{"line":33,"column":40},"end":{"line":51,"column":1}},"10":{"start":{"line":37,"column":2},"end":{"line":39,"column":3}},"11":{"start":{"line":38,"column":4},"end":{"line":38,"column":70}},"12":{"start":{"line":41,"column":2},"end":{"line":43,"column":3}},"13":{"start":{"line":42,"column":4},"end":{"line":42,"column":86}},"14":{"start":{"line":46,"column":2},"end":{"line":48,"column":3}},"15":{"start":{"line":47,"column":4},"end":{"line":47,"column":71}},"16":{"start":{"line":50,"column":2},"end":{"line":50,"column":27}},"17":{"start":{"line":56,"column":29},"end":{"line":67,"column":1}},"18":{"start":{"line":57,"column":2},"end":{"line":59,"column":3}},"19":{"start":{"line":58,"column":4},"end":{"line":58,"column":58}},"20":{"start":{"line":61,"column":21},"end":{"line":61,"column":49}},"21":{"start":{"line":62,"column":2},"end":{"line":64,"column":3}},"22":{"start":{"line":63,"column":4},"end":{"line":63,"column":61}},"23":{"start":{"line":66,"column":2},"end":{"line":66,"column":27}},"24":{"start":{"line":72,"column":32},"end":{"line":83,"column":1}},"25":{"start":{"line":76,"column":23},"end":{"line":76,"column":46}},"26":{"start":{"line":78,"column":2},"end":{"line":80,"column":3}},"27":{"start":{"line":79,"column":4},"end":{"line":79,"column":83}},"28":{"start":{"line":82,"column":2},"end":{"line":82,"column":27}},"29":{"start":{"line":88,"column":32},"end":{"line":98,"column":1}},"30":{"start":{"line":92,"column":2},"end":{"line":95,"column":3}},"31":{"start":{"line":93,"column":21},"end":{"line":93,"column":72}},"32":{"start":{"line":93,"column":45},"end":{"line":93,"column":60}},"33":{"start":{"line":94,"column":4},"end":{"line":94,"column":75}},"34":{"start":{"line":97,"column":2},"end":{"line":97,"column":27}},"35":{"start":{"line":103,"column":32},"end":{"line":112,"column":1}},"36":{"start":{"line":107,"column":2},"end":{"line":109,"column":3}},"37":{"start":{"line":108,"column":4},"end":{"line":108,"column":65}},"38":{"start":{"line":111,"column":2},"end":{"line":111,"column":27}}},"fnMap":{"0":{"name":"(anonymous_0)","decl":{"start":{"line":9,"column":29},"end":{"line":9,"column":30}},"loc":{"start":{"line":9,"column":86},"end":{"line":28,"column":1}},"line":9},"1":{"name":"(anonymous_1)","decl":{"start":{"line":33,"column":40},"end":{"line":33,"column":41}},"loc":{"start":{"line":36,"column":43},"end":{"line":51,"column":1}},"line":36},"2":{"name":"(anonymous_2)","decl":{"start":{"line":56,"column":29},"end":{"line":56,"column":30}},"loc":{"start":{"line":56,"column":86},"end":{"line":67,"column":1}},"line":56},"3":{"name":"(anonymous_3)","decl":{"start":{"line":72,"column":32},"end":{"line":72,"column":33}},"loc":{"start":{"line":75,"column":43},"end":{"line":83,"column":1}},"line":75},"4":{"name":"(anonymous_4)","decl":{"start":{"line":88,"column":32},"end":{"line":88,"column":33}},"loc":{"start":{"line":91,"column":43},"end":{"line":98,"column":1}},"line":91},"5":{"name":"(anonymous_5)","decl":{"start":{"line":93,"column":38},"end":{"line":93,"column":39}},"loc":{"start":{"line":93,"column":45},"end":{"line":93,"column":60}},"line":93},"6":{"name":"(anonymous_6)","decl":{"start":{"line":103,"column":32},"end":{"line":103,"column":33}},"loc":{"start":{"line":106,"column":43},"end":{"line":112,"column":1}},"line":106}},"branchMap":{"0":{"loc":{"start":{"line":10,"column":2},"end":{"line":12,"column":3}},"type":"if","locations":[{"start":{"line":10,"column":2},"end":{"line":12,"column":3}},{"start":{},"end":{}}],"line":10},"1":{"loc":{"start":{"line":10,"column":6},"end":{"line":10,"column":29}},"type":"binary-expr","locations":[{"start":{"line":10,"column":6},"end":{"line":10,"column":12}},{"start":{"line":10,"column":16},"end":{"line":10,"column":29}}],"line":10},"2":{"loc":{"start":{"line":18,"column":2},"end":{"line":20,"column":3}},"type":"if","locations":[{"start":{"line":18,"column":2},"end":{"line":20,"column":3}},{"start":{},"end":{}}],"line":18},"3":{"loc":{"start":{"line":23,"column":2},"end":{"line":25,"column":3}},"type":"if","locations":[{"start":{"line":23,"column":2},"end":{"line":25,"column":3}},{"start":{},"end":{}}],"line":23},"4":{"loc":{"start":{"line":35,"column":2},"end":{"line":35,"column":23}},"type":"default-arg","locations":[{"start":{"line":35,"column":22},"end":{"line":35,"column":23}}],"line":35},"5":{"loc":{"start":{"line":37,"column":2},"end":{"line":39,"column":3}},"type":"if","locations":[{"start":{"line":37,"column":2},"end":{"line":39,"column":3}},{"start":{},"end":{}}],"line":37},"6":{"loc":{"start":{"line":37,"column":6},"end":{"line":37,"column":27}},"type":"binary-expr","locations":[{"start":{"line":37,"column":6},"end":{"line":37,"column":11}},{"start":{"line":37,"column":15},"end":{"line":37,"column":27}}],"line":37},"7":{"loc":{"start":{"line":41,"column":2},"end":{"line":43,"column":3}},"type":"if","locations":[{"start":{"line":41,"column":2},"end":{"line":43,"column":3}},{"start":{},"end":{}}],"line":41},"8":{"loc":{"start":{"line":46,"column":2},"end":{"line":48,"column":3}},"type":"if","locations":[{"start":{"line":46,"column":2},"end":{"line":48,"column":3}},{"start":{},"end":{}}],"line":46},"9":{"loc":{"start":{"line":57,"column":2},"end":{"line":59,"column":3}},"type":"if","locations":[{"start":{"line":57,"column":2},"end":{"line":59,"column":3}},{"start":{},"end":{}}],"line":57},"10":{"loc":{"start":{"line":57,"column":6},"end":{"line":57,"column":29}},"type":"binary-expr","locations":[{"start":{"line":57,"column":6},"end":{"line":57,"column":12}},{"start":{"line":57,"column":16},"end":{"line":57,"column":29}}],"line":57},"11":{"loc":{"start":{"line":62,"column":2},"end":{"line":64,"column":3}},"type":"if","locations":[{"start":{"line":62,"column":2},"end":{"line":64,"column":3}},{"start":{},"end":{}}],"line":62},"12":{"loc":{"start":{"line":74,"column":2},"end":{"line":74,"column":23}},"type":"default-arg","locations":[{"start":{"line":74,"column":22},"end":{"line":74,"column":23}}],"line":74},"13":{"loc":{"start":{"line":78,"column":2},"end":{"line":80,"column":3}},"type":"if","locations":[{"start":{"line":78,"column":2},"end":{"line":80,"column":3}},{"start":{},"end":{}}],"line":78},"14":{"loc":{"start":{"line":90,"column":2},"end":{"line":90,"column":68}},"type":"default-arg","locations":[{"start":{"line":90,"column":27},"end":{"line":90,"column":68}}],"line":90},"15":{"loc":{"start":{"line":92,"column":2},"end":{"line":95,"column":3}},"type":"if","locations":[{"start":{"line":92,"column":2},"end":{"line":95,"column":3}},{"start":{},"end":{}}],"line":92},"16":{"loc":{"start":{"line":105,"column":2},"end":{"line":105,"column":29}},"type":"default-arg","locations":[{"start":{"line":105,"column":22},"end":{"line":105,"column":29}}],"line":105},"17":{"loc":{"start":{"line":107,"column":2},"end":{"line":109,"column":3}},"type":"if","locations":[{"start":{"line":107,"column":2},"end":{"line":109,"column":3}},{"start":{},"end":{}}],"line":107},"18":{"loc":{"start":{"line":107,"column":6},"end":{"line":107,"column":29}},"type":"binary-expr","locations":[{"start":{"line":107,"column":6},"end":{"line":107,"column":12}},{"start":{"line":107,"column":16},"end":{"line":107,"column":29}}],"line":107}},"s":{"0":1,"1":3,"2":0,"3":3,"4":3,"5":1,"6":2,"7":0,"8":2,"9":1,"10":0,"11":0,"12":0,"13":0,"14":0,"15":0,"16":0,"17":1,"18":2,"19":0,"20":2,"21":2,"22":1,"23":1,"24":1,"25":0,"26":0,"27":0,"28":0,"29":1,"30":0,"31":0,"32":0,"33":0,"34":0,"35":1,"36":3,"37":2,"38":1},"f":{"0":3,"1":0,"2":2,"3":0,"4":0,"5":0,"6":3},"b":{"0":[0,3],"1":[3,3],"2":[1,2],"3":[0,2],"4":[0],"5":[0,0],"6":[0,0],"7":[0,0],"8":[0,0],"9":[0,2],"10":[2,2],"11":[1,1],"12":[0],"13":[0,0],"14":[0],"15":[0,0],"16":[3],"17":[2,1],"18":[3,2]},"_coverageSchema":"1a1c01bbd47fc00a2c39e90264f33305004495a9","hash":"260f9c1e0a955309052530389f2f7671f42ff3b8"}
}
