{"/Users/kulmashev/AGCMobileFrontend/src/components/Button.tsx": {"path":"/Users/kulmashev/AGCMobileFrontend/src/components/Button.tsx","statementMap":{"0":{"start":{"line":23,"column":45},"end":{"line":64,"column":1}},"1":{"start":{"line":33,"column":22},"end":{"line":39,"column":3}},"2":{"start":{"line":41,"column":28},"end":{"line":46,"column":3}},"3":{"start":{"line":48,"column":2},"end":{"line":63,"column":4}},"4":{"start":{"line":66,"column":15},"end":{"line":128,"column":2}}},"fnMap":{"0":{"name":"(anonymous_0)","decl":{"start":{"line":23,"column":45},"end":{"line":23,"column":46}},"loc":{"start":{"line":32,"column":6},"end":{"line":64,"column":1}},"line":32}},"branchMap":{"0":{"loc":{"start":{"line":26,"column":2},"end":{"line":26,"column":21}},"type":"default-arg","locations":[{"start":{"line":26,"column":12},"end":{"line":26,"column":21}}],"line":26},"1":{"loc":{"start":{"line":27,"column":2},"end":{"line":27,"column":17}},"type":"default-arg","locations":[{"start":{"line":27,"column":9},"end":{"line":27,"column":17}}],"line":27},"2":{"loc":{"start":{"line":28,"column":2},"end":{"line":28,"column":17}},"type":"default-arg","locations":[{"start":{"line":28,"column":12},"end":{"line":28,"column":17}}],"line":28},"3":{"loc":{"start":{"line":29,"column":2},"end":{"line":29,"column":18}},"type":"default-arg","locations":[{"start":{"line":29,"column":13},"end":{"line":29,"column":18}}],"line":29},"4":{"loc":{"start":{"line":37,"column":4},"end":{"line":37,"column":44}},"type":"binary-expr","locations":[{"start":{"line":37,"column":5},"end":{"line":37,"column":13}},{"start":{"line":37,"column":17},"end":{"line":37,"column":24}},{"start":{"line":37,"column":29},"end":{"line":37,"column":44}}],"line":37},"5":{"loc":{"start":{"line":52,"column":16},"end":{"line":52,"column":35}},"type":"binary-expr","locations":[{"start":{"line":52,"column":16},"end":{"line":52,"column":24}},{"start":{"line":52,"column":28},"end":{"line":52,"column":35}}],"line":52},"6":{"loc":{"start":{"line":55,"column":7},"end":{"line":61,"column":7}},"type":"cond-expr","locations":[{"start":{"line":56,"column":8},"end":{"line":58,"column":10}},{"start":{"line":60,"column":8},"end":{"line":60,"column":54}}],"line":55},"7":{"loc":{"start":{"line":57,"column":17},"end":{"line":57,"column":83}},"type":"cond-expr","locations":[{"start":{"line":57,"column":41},"end":{"line":57,"column":61}},{"start":{"line":57,"column":64},"end":{"line":57,"column":83}}],"line":57}},"s":{"0":1,"1":4,"2":4,"3":4,"4":1},"f":{"0":4},"b":{"0":[4],"1":[4],"2":[3],"3":[3],"4":[4,3,2],"5":[4,3],"6":[1,3],"7":[1,0]},"_coverageSchema":"1a1c01bbd47fc00a2c39e90264f33305004495a9","hash":"b42e80b94ccbe5dc0c0b1ebb076b1e31762b697f"}
,"/Users/kulmashev/AGCMobileFrontend/src/components/CourseCard.tsx": {"path":"/Users/kulmashev/AGCMobileFrontend/src/components/CourseCard.tsx","statementMap":{"0":{"start":{"line":19,"column":53},"end":{"line":95,"column":1}},"1":{"start":{"line":26,"column":23},"end":{"line":26,"column":47}},"2":{"start":{"line":27,"column":38},"end":{"line":27,"column":76}},"3":{"start":{"line":28,"column":38},"end":{"line":28,"column":53}},"4":{"start":{"line":30,"column":31},"end":{"line":48,"column":3}},"5":{"start":{"line":31,"column":4},"end":{"line":31,"column":27}},"6":{"start":{"line":31,"column":20},"end":{"line":31,"column":27}},"7":{"start":{"line":32,"column":4},"end":{"line":32,"column":24}},"8":{"start":{"line":34,"column":4},"end":{"line":47,"column":5}},"9":{"start":{"line":35,"column":6},"end":{"line":41,"column":7}},"10":{"start":{"line":36,"column":8},"end":{"line":36,"column":60}},"11":{"start":{"line":37,"column":8},"end":{"line":37,"column":29}},"12":{"start":{"line":39,"column":8},"end":{"line":39,"column":55}},"13":{"start":{"line":40,"column":8},"end":{"line":40,"column":28}},"14":{"start":{"line":42,"column":6},"end":{"line":42,"column":27}},"15":{"start":{"line":44,"column":6},"end":{"line":44,"column":56}},"16":{"start":{"line":46,"column":6},"end":{"line":46,"column":27}},"17":{"start":{"line":50,"column":2},"end":{"line":94,"column":4}},"18":{"start":{"line":53,"column":21},"end":{"line":53,"column":36}},"19":{"start":{"line":97,"column":15},"end":{"line":177,"column":2}}},"fnMap":{"0":{"name":"(anonymous_0)","decl":{"start":{"line":19,"column":53},"end":{"line":19,"column":54}},"loc":{"start":{"line":25,"column":6},"end":{"line":95,"column":1}},"line":25},"1":{"name":"(anonymous_1)","decl":{"start":{"line":30,"column":31},"end":{"line":30,"column":32}},"loc":{"start":{"line":30,"column":43},"end":{"line":48,"column":3}},"line":30},"2":{"name":"(anonymous_2)","decl":{"start":{"line":53,"column":15},"end":{"line":53,"column":16}},"loc":{"start":{"line":53,"column":21},"end":{"line":53,"column":36}},"line":53}},"branchMap":{"0":{"loc":{"start":{"line":22,"column":2},"end":{"line":22,"column":22}},"type":"default-arg","locations":[{"start":{"line":22,"column":12},"end":{"line":22,"column":22}}],"line":22},"1":{"loc":{"start":{"line":23,"column":2},"end":{"line":23,"column":21}},"type":"default-arg","locations":[{"start":{"line":23,"column":17},"end":{"line":23,"column":21}}],"line":23},"2":{"loc":{"start":{"line":27,"column":47},"end":{"line":27,"column":75}},"type":"binary-expr","locations":[{"start":{"line":27,"column":47},"end":{"line":27,"column":66}},{"start":{"line":27,"column":70},"end":{"line":27,"column":75}}],"line":27},"3":{"loc":{"start":{"line":31,"column":4},"end":{"line":31,"column":27}},"type":"if","locations":[{"start":{"line":31,"column":4},"end":{"line":31,"column":27}},{"start":{},"end":{}}],"line":31},"4":{"loc":{"start":{"line":35,"column":6},"end":{"line":41,"column":7}},"type":"if","locations":[{"start":{"line":35,"column":6},"end":{"line":41,"column":7}},{"start":{"line":38,"column":13},"end":{"line":41,"column":7}}],"line":35},"5":{"loc":{"start":{"line":52,"column":27},"end":{"line":52,"column":85}},"type":"cond-expr","locations":[{"start":{"line":52,"column":42},"end":{"line":52,"column":63}},{"start":{"line":52,"column":66},"end":{"line":52,"column":85}}],"line":52},"6":{"loc":{"start":{"line":59,"column":32},"end":{"line":59,"column":92}},"type":"cond-expr","locations":[{"start":{"line":59,"column":47},"end":{"line":59,"column":69}},{"start":{"line":59,"column":72},"end":{"line":59,"column":92}}],"line":59},"7":{"loc":{"start":{"line":62,"column":9},"end":{"line":74,"column":9}},"type":"binary-expr","locations":[{"start":{"line":62,"column":9},"end":{"line":62,"column":21}},{"start":{"line":63,"column":10},"end":{"line":73,"column":29}}],"line":62},"8":{"loc":{"start":{"line":69,"column":20},"end":{"line":69,"column":58}},"type":"cond-expr","locations":[{"start":{"line":69,"column":33},"end":{"line":69,"column":40}},{"start":{"line":69,"column":43},"end":{"line":69,"column":58}}],"line":69},"9":{"loc":{"start":{"line":71,"column":21},"end":{"line":71,"column":75}},"type":"cond-expr","locations":[{"start":{"line":71,"column":34},"end":{"line":71,"column":53}},{"start":{"line":71,"column":56},"end":{"line":71,"column":75}}],"line":71},"10":{"loc":{"start":{"line":77,"column":32},"end":{"line":77,"column":96}},"type":"cond-expr","locations":[{"start":{"line":77,"column":47},"end":{"line":77,"column":71}},{"start":{"line":77,"column":74},"end":{"line":77,"column":96}}],"line":77},"11":{"loc":{"start":{"line":80,"column":41},"end":{"line":80,"column":75}},"type":"binary-expr","locations":[{"start":{"line":80,"column":41},"end":{"line":80,"column":62}},{"start":{"line":80,"column":66},"end":{"line":80,"column":75}}],"line":80},"12":{"loc":{"start":{"line":88,"column":13},"end":{"line":88,"column":81}},"type":"cond-expr","locations":[{"start":{"line":88,"column":30},"end":{"line":88,"column":36}},{"start":{"line":88,"column":39},"end":{"line":88,"column":81}}],"line":88},"13":{"loc":{"start":{"line":88,"column":39},"end":{"line":88,"column":81}},"type":"cond-expr","locations":[{"start":{"line":88,"column":54},"end":{"line":88,"column":72}},{"start":{"line":88,"column":75},"end":{"line":88,"column":81}}],"line":88},"14":{"loc":{"start":{"line":90,"column":26},"end":{"line":90,"column":46}},"type":"binary-expr","locations":[{"start":{"line":90,"column":26},"end":{"line":90,"column":39}},{"start":{"line":90,"column":43},"end":{"line":90,"column":46}}],"line":90}},"s":{"0":0,"1":0,"2":0,"3":0,"4":0,"5":0,"6":0,"7":0,"8":0,"9":0,"10":0,"11":0,"12":0,"13":0,"14":0,"15":0,"16":0,"17":0,"18":0,"19":0},"f":{"0":0,"1":0,"2":0},"b":{"0":[0],"1":[0],"2":[0,0],"3":[0,0],"4":[0,0],"5":[0,0],"6":[0,0],"7":[0,0],"8":[0,0],"9":[0,0],"10":[0,0],"11":[0,0],"12":[0,0],"13":[0,0],"14":[0,0]}}
,"/Users/kulmashev/AGCMobileFrontend/src/components/EmptyState.tsx": {"path":"/Users/kulmashev/AGCMobileFrontend/src/components/EmptyState.tsx","statementMap":{"0":{"start":{"line":16,"column":53},"end":{"line":37,"column":1}},"1":{"start":{"line":24,"column":2},"end":{"line":36,"column":4}},"2":{"start":{"line":39,"column":15},"end":{"line":69,"column":2}}},"fnMap":{"0":{"name":"(anonymous_0)","decl":{"start":{"line":16,"column":53},"end":{"line":16,"column":54}},"loc":{"start":{"line":23,"column":6},"end":{"line":37,"column":1}},"line":23}},"branchMap":{"0":{"loc":{"start":{"line":17,"column":2},"end":{"line":17,"column":28}},"type":"default-arg","locations":[{"start":{"line":17,"column":9},"end":{"line":17,"column":28}}],"line":17},"1":{"loc":{"start":{"line":30,"column":7},"end":{"line":30,"column":63}},"type":"binary-expr","locations":[{"start":{"line":30,"column":7},"end":{"line":30,"column":14}},{"start":{"line":30,"column":18},"end":{"line":30,"column":63}}],"line":30},"2":{"loc":{"start":{"line":32,"column":7},"end":{"line":34,"column":7}},"type":"binary-expr","locations":[{"start":{"line":32,"column":7},"end":{"line":32,"column":18}},{"start":{"line":32,"column":22},"end":{"line":32,"column":30}},{"start":{"line":33,"column":8},"end":{"line":33,"column":79}}],"line":32}},"s":{"0":0,"1":0,"2":0},"f":{"0":0},"b":{"0":[0],"1":[0,0],"2":[0,0,0]}}
,"/Users/kulmashev/AGCMobileFrontend/src/components/Input.tsx": {"path":"/Users/kulmashev/AGCMobileFrontend/src/components/Input.tsx","statementMap":{"0":{"start":{"line":12,"column":43},"end":{"line":45,"column":1}},"1":{"start":{"line":20,"column":36},"end":{"line":20,"column":51}},"2":{"start":{"line":22,"column":21},"end":{"line":27,"column":3}},"3":{"start":{"line":29,"column":2},"end":{"line":44,"column":4}},"4":{"start":{"line":36,"column":23},"end":{"line":36,"column":41}},"5":{"start":{"line":37,"column":22},"end":{"line":37,"column":41}},"6":{"start":{"line":47,"column":15},"end":{"line":82,"column":2}}},"fnMap":{"0":{"name":"(anonymous_0)","decl":{"start":{"line":12,"column":43},"end":{"line":12,"column":44}},"loc":{"start":{"line":19,"column":6},"end":{"line":45,"column":1}},"line":19},"1":{"name":"(anonymous_1)","decl":{"start":{"line":36,"column":17},"end":{"line":36,"column":18}},"loc":{"start":{"line":36,"column":23},"end":{"line":36,"column":41}},"line":36},"2":{"name":"(anonymous_2)","decl":{"start":{"line":37,"column":16},"end":{"line":37,"column":17}},"loc":{"start":{"line":37,"column":22},"end":{"line":37,"column":41}},"line":37}},"branchMap":{"0":{"loc":{"start":{"line":24,"column":4},"end":{"line":24,"column":36}},"type":"binary-expr","locations":[{"start":{"line":24,"column":4},"end":{"line":24,"column":13}},{"start":{"line":24,"column":17},"end":{"line":24,"column":36}}],"line":24},"1":{"loc":{"start":{"line":25,"column":4},"end":{"line":25,"column":30}},"type":"binary-expr","locations":[{"start":{"line":25,"column":4},"end":{"line":25,"column":9}},{"start":{"line":25,"column":13},"end":{"line":25,"column":30}}],"line":25},"2":{"loc":{"start":{"line":31,"column":7},"end":{"line":31,"column":57}},"type":"binary-expr","locations":[{"start":{"line":31,"column":7},"end":{"line":31,"column":12}},{"start":{"line":31,"column":16},"end":{"line":31,"column":57}}],"line":31},"3":{"loc":{"start":{"line":41,"column":7},"end":{"line":41,"column":57}},"type":"binary-expr","locations":[{"start":{"line":41,"column":7},"end":{"line":41,"column":12}},{"start":{"line":41,"column":16},"end":{"line":41,"column":57}}],"line":41},"4":{"loc":{"start":{"line":42,"column":7},"end":{"line":42,"column":82}},"type":"binary-expr","locations":[{"start":{"line":42,"column":7},"end":{"line":42,"column":17}},{"start":{"line":42,"column":21},"end":{"line":42,"column":27}},{"start":{"line":42,"column":31},"end":{"line":42,"column":82}}],"line":42}},"s":{"0":0,"1":0,"2":0,"3":0,"4":0,"5":0,"6":0},"f":{"0":0,"1":0,"2":0},"b":{"0":[0,0],"1":[0,0],"2":[0,0],"3":[0,0],"4":[0,0,0]}}
,"/Users/kulmashev/AGCMobileFrontend/src/components/Rating.tsx": {"path":"/Users/kulmashev/AGCMobileFrontend/src/components/Rating.tsx","statementMap":{"0":{"start":{"line":13,"column":45},"end":{"line":25,"column":1}},"1":{"start":{"line":19,"column":2},"end":{"line":24,"column":4}},"2":{"start":{"line":27,"column":15},"end":{"line":38,"column":2}}},"fnMap":{"0":{"name":"(anonymous_0)","decl":{"start":{"line":13,"column":45},"end":{"line":13,"column":46}},"loc":{"start":{"line":18,"column":6},"end":{"line":25,"column":1}},"line":18}},"branchMap":{"0":{"loc":{"start":{"line":15,"column":2},"end":{"line":15,"column":11}},"type":"default-arg","locations":[{"start":{"line":15,"column":9},"end":{"line":15,"column":11}}],"line":15},"1":{"loc":{"start":{"line":16,"column":2},"end":{"line":16,"column":19}},"type":"default-arg","locations":[{"start":{"line":16,"column":10},"end":{"line":16,"column":19}}],"line":16},"2":{"loc":{"start":{"line":17,"column":2},"end":{"line":17,"column":17}},"type":"default-arg","locations":[{"start":{"line":17,"column":13},"end":{"line":17,"column":17}}],"line":17},"3":{"loc":{"start":{"line":22,"column":7},"end":{"line":22,"column":99}},"type":"binary-expr","locations":[{"start":{"line":22,"column":7},"end":{"line":22,"column":15}},{"start":{"line":22,"column":19},"end":{"line":22,"column":99}}],"line":22}},"s":{"0":0,"1":0,"2":0},"f":{"0":0},"b":{"0":[0],"1":[0],"2":[0],"3":[0,0]}}
,"/Users/kulmashev/AGCMobileFrontend/src/components/index.ts": {"path":"/Users/kulmashev/AGCMobileFrontend/src/components/index.ts","statementMap":{},"fnMap":{},"branchMap":{},"s":{},"f":{},"b":{}}
,"/Users/kulmashev/AGCMobileFrontend/src/config/api.ts": {"path":"/Users/kulmashev/AGCMobileFrontend/src/config/api.ts","statementMap":{"0":{"start":{"line":1,"column":28},"end":{"line":1,"column":60}},"1":{"start":{"line":3,"column":29},"end":{"line":73,"column":10}},"2":{"start":{"line":15,"column":30},"end":{"line":15,"column":45}},"3":{"start":{"line":20,"column":33},"end":{"line":20,"column":51}},"4":{"start":{"line":24,"column":32},"end":{"line":24,"column":57}},"5":{"start":{"line":26,"column":34},"end":{"line":26,"column":62}},"6":{"start":{"line":28,"column":32},"end":{"line":28,"column":57}},"7":{"start":{"line":29,"column":40},"end":{"line":29,"column":79}},"8":{"start":{"line":30,"column":33},"end":{"line":30,"column":65}},"9":{"start":{"line":31,"column":48},"end":{"line":31,"column":95}},"10":{"start":{"line":33,"column":32},"end":{"line":33,"column":57}},"11":{"start":{"line":34,"column":39},"end":{"line":34,"column":77}},"12":{"start":{"line":37,"column":37},"end":{"line":37,"column":72}},"13":{"start":{"line":38,"column":42},"end":{"line":38,"column":79}},"14":{"start":{"line":39,"column":35},"end":{"line":39,"column":69}},"15":{"start":{"line":40,"column":31},"end":{"line":40,"column":68}},"16":{"start":{"line":41,"column":34},"end":{"line":41,"column":74}},"17":{"start":{"line":42,"column":35},"end":{"line":42,"column":69}},"18":{"start":{"line":47,"column":30},"end":{"line":47,"column":50}},"19":{"start":{"line":48,"column":36},"end":{"line":48,"column":68}},"20":{"start":{"line":50,"column":4},"end":{"line":50,"column":48}},"21":{"start":{"line":51,"column":38},"end":{"line":51,"column":73}},"22":{"start":{"line":52,"column":37},"end":{"line":52,"column":70}},"23":{"start":{"line":53,"column":33},"end":{"line":53,"column":62}},"24":{"start":{"line":54,"column":43},"end":{"line":54,"column":82}},"25":{"start":{"line":55,"column":35},"end":{"line":55,"column":66}},"26":{"start":{"line":56,"column":40},"end":{"line":56,"column":70}},"27":{"start":{"line":60,"column":38},"end":{"line":60,"column":75}},"28":{"start":{"line":61,"column":42},"end":{"line":61,"column":89}},"29":{"start":{"line":65,"column":46},"end":{"line":65,"column":91}}},"fnMap":{"0":{"name":"(anonymous_0)","decl":{"start":{"line":15,"column":14},"end":{"line":15,"column":15}},"loc":{"start":{"line":15,"column":30},"end":{"line":15,"column":45}},"line":15},"1":{"name":"(anonymous_1)","decl":{"start":{"line":20,"column":17},"end":{"line":20,"column":18}},"loc":{"start":{"line":20,"column":33},"end":{"line":20,"column":51}},"line":20},"2":{"name":"(anonymous_2)","decl":{"start":{"line":24,"column":16},"end":{"line":24,"column":17}},"loc":{"start":{"line":24,"column":32},"end":{"line":24,"column":57}},"line":24},"3":{"name":"(anonymous_3)","decl":{"start":{"line":26,"column":18},"end":{"line":26,"column":19}},"loc":{"start":{"line":26,"column":34},"end":{"line":26,"column":62}},"line":26},"4":{"name":"(anonymous_4)","decl":{"start":{"line":28,"column":16},"end":{"line":28,"column":17}},"loc":{"start":{"line":28,"column":32},"end":{"line":28,"column":57}},"line":28},"5":{"name":"(anonymous_5)","decl":{"start":{"line":29,"column":24},"end":{"line":29,"column":25}},"loc":{"start":{"line":29,"column":40},"end":{"line":29,"column":79}},"line":29},"6":{"name":"(anonymous_6)","decl":{"start":{"line":30,"column":17},"end":{"line":30,"column":18}},"loc":{"start":{"line":30,"column":33},"end":{"line":30,"column":65}},"line":30},"7":{"name":"(anonymous_7)","decl":{"start":{"line":31,"column":32},"end":{"line":31,"column":33}},"loc":{"start":{"line":31,"column":48},"end":{"line":31,"column":95}},"line":31},"8":{"name":"(anonymous_8)","decl":{"start":{"line":33,"column":16},"end":{"line":33,"column":17}},"loc":{"start":{"line":33,"column":32},"end":{"line":33,"column":57}},"line":33},"9":{"name":"(anonymous_9)","decl":{"start":{"line":34,"column":23},"end":{"line":34,"column":24}},"loc":{"start":{"line":34,"column":39},"end":{"line":34,"column":77}},"line":34},"10":{"name":"(anonymous_10)","decl":{"start":{"line":37,"column":21},"end":{"line":37,"column":22}},"loc":{"start":{"line":37,"column":37},"end":{"line":37,"column":72}},"line":37},"11":{"name":"(anonymous_11)","decl":{"start":{"line":38,"column":26},"end":{"line":38,"column":27}},"loc":{"start":{"line":38,"column":42},"end":{"line":38,"column":79}},"line":38},"12":{"name":"(anonymous_12)","decl":{"start":{"line":39,"column":19},"end":{"line":39,"column":20}},"loc":{"start":{"line":39,"column":35},"end":{"line":39,"column":69}},"line":39},"13":{"name":"(anonymous_13)","decl":{"start":{"line":40,"column":15},"end":{"line":40,"column":16}},"loc":{"start":{"line":40,"column":31},"end":{"line":40,"column":68}},"line":40},"14":{"name":"(anonymous_14)","decl":{"start":{"line":41,"column":18},"end":{"line":41,"column":19}},"loc":{"start":{"line":41,"column":34},"end":{"line":41,"column":74}},"line":41},"15":{"name":"(anonymous_15)","decl":{"start":{"line":42,"column":19},"end":{"line":42,"column":20}},"loc":{"start":{"line":42,"column":35},"end":{"line":42,"column":69}},"line":42},"16":{"name":"(anonymous_16)","decl":{"start":{"line":47,"column":14},"end":{"line":47,"column":15}},"loc":{"start":{"line":47,"column":30},"end":{"line":47,"column":50}},"line":47},"17":{"name":"(anonymous_17)","decl":{"start":{"line":48,"column":16},"end":{"line":48,"column":17}},"loc":{"start":{"line":48,"column":36},"end":{"line":48,"column":68}},"line":48},"18":{"name":"(anonymous_18)","decl":{"start":{"line":49,"column":21},"end":{"line":49,"column":22}},"loc":{"start":{"line":50,"column":4},"end":{"line":50,"column":48}},"line":50},"19":{"name":"(anonymous_19)","decl":{"start":{"line":51,"column":18},"end":{"line":51,"column":19}},"loc":{"start":{"line":51,"column":38},"end":{"line":51,"column":73}},"line":51},"20":{"name":"(anonymous_20)","decl":{"start":{"line":52,"column":17},"end":{"line":52,"column":18}},"loc":{"start":{"line":52,"column":37},"end":{"line":52,"column":70}},"line":52},"21":{"name":"(anonymous_21)","decl":{"start":{"line":53,"column":13},"end":{"line":53,"column":14}},"loc":{"start":{"line":53,"column":33},"end":{"line":53,"column":62}},"line":53},"22":{"name":"(anonymous_22)","decl":{"start":{"line":54,"column":23},"end":{"line":54,"column":24}},"loc":{"start":{"line":54,"column":43},"end":{"line":54,"column":82}},"line":54},"23":{"name":"(anonymous_23)","decl":{"start":{"line":55,"column":15},"end":{"line":55,"column":16}},"loc":{"start":{"line":55,"column":35},"end":{"line":55,"column":66}},"line":55},"24":{"name":"(anonymous_24)","decl":{"start":{"line":56,"column":17},"end":{"line":56,"column":18}},"loc":{"start":{"line":56,"column":40},"end":{"line":56,"column":70}},"line":56},"25":{"name":"(anonymous_25)","decl":{"start":{"line":60,"column":22},"end":{"line":60,"column":23}},"loc":{"start":{"line":60,"column":38},"end":{"line":60,"column":75}},"line":60},"26":{"name":"(anonymous_26)","decl":{"start":{"line":61,"column":26},"end":{"line":61,"column":27}},"loc":{"start":{"line":61,"column":42},"end":{"line":61,"column":89}},"line":61},"27":{"name":"(anonymous_27)","decl":{"start":{"line":65,"column":30},"end":{"line":65,"column":31}},"loc":{"start":{"line":65,"column":46},"end":{"line":65,"column":91}},"line":65}},"branchMap":{},"s":{"0":0,"1":0,"2":0,"3":0,"4":0,"5":0,"6":0,"7":0,"8":0,"9":0,"10":0,"11":0,"12":0,"13":0,"14":0,"15":0,"16":0,"17":0,"18":0,"19":0,"20":0,"21":0,"22":0,"23":0,"24":0,"25":0,"26":0,"27":0,"28":0,"29":0},"f":{"0":0,"1":0,"2":0,"3":0,"4":0,"5":0,"6":0,"7":0,"8":0,"9":0,"10":0,"11":0,"12":0,"13":0,"14":0,"15":0,"16":0,"17":0,"18":0,"19":0,"20":0,"21":0,"22":0,"23":0,"24":0,"25":0,"26":0,"27":0},"b":{}}
,"/Users/kulmashev/AGCMobileFrontend/src/contexts/AuthContext.tsx": {"path":"/Users/kulmashev/AGCMobileFrontend/src/contexts/AuthContext.tsx","statementMap":{"0":{"start":{"line":26,"column":20},"end":{"line":26,"column":73}},"1":{"start":{"line":28,"column":63},"end":{"line":129,"column":1}},"2":{"start":{"line":29,"column":26},"end":{"line":29,"column":53}},"3":{"start":{"line":30,"column":32},"end":{"line":30,"column":62}},"4":{"start":{"line":31,"column":36},"end":{"line":31,"column":50}},"5":{"start":{"line":33,"column":23},"end":{"line":60,"column":8}},"6":{"start":{"line":34,"column":4},"end":{"line":59,"column":5}},"7":{"start":{"line":35,"column":23},"end":{"line":35,"column":57}},"8":{"start":{"line":36,"column":6},"end":{"line":36,"column":24}},"9":{"start":{"line":38,"column":6},"end":{"line":50,"column":7}},"10":{"start":{"line":39,"column":28},"end":{"line":39,"column":63}},"11":{"start":{"line":40,"column":8},"end":{"line":40,"column":32}},"12":{"start":{"line":43,"column":8},"end":{"line":49,"column":9}},"13":{"start":{"line":44,"column":10},"end":{"line":44,"column":68}},"14":{"start":{"line":45,"column":29},"end":{"line":45,"column":67}},"15":{"start":{"line":46,"column":10},"end":{"line":46,"column":33}},"16":{"start":{"line":48,"column":10},"end":{"line":48,"column":29}},"17":{"start":{"line":52,"column":6},"end":{"line":56,"column":7}},"18":{"start":{"line":53,"column":8},"end":{"line":53,"column":56}},"19":{"start":{"line":55,"column":8},"end":{"line":55,"column":57}},"20":{"start":{"line":57,"column":6},"end":{"line":57,"column":20}},"21":{"start":{"line":58,"column":6},"end":{"line":58,"column":23}},"22":{"start":{"line":62,"column":2},"end":{"line":76,"column":21}},"23":{"start":{"line":63,"column":22},"end":{"line":74,"column":5}},"24":{"start":{"line":64,"column":6},"end":{"line":73,"column":7}},"25":{"start":{"line":65,"column":23},"end":{"line":65,"column":58}},"26":{"start":{"line":66,"column":8},"end":{"line":68,"column":9}},"27":{"start":{"line":67,"column":10},"end":{"line":67,"column":31}},"28":{"start":{"line":70,"column":8},"end":{"line":70,"column":50}},"29":{"start":{"line":72,"column":8},"end":{"line":72,"column":28}},"30":{"start":{"line":75,"column":4},"end":{"line":75,"column":16}},"31":{"start":{"line":78,"column":19},"end":{"line":80,"column":3}},"32":{"start":{"line":79,"column":4},"end":{"line":79,"column":48}},"33":{"start":{"line":82,"column":21},"end":{"line":92,"column":3}},"34":{"start":{"line":87,"column":4},"end":{"line":87,"column":56}},"35":{"start":{"line":89,"column":4},"end":{"line":91,"column":5}},"36":{"start":{"line":90,"column":6},"end":{"line":90,"column":27}},"37":{"start":{"line":94,"column":17},"end":{"line":98,"column":3}},"38":{"start":{"line":95,"column":4},"end":{"line":95,"column":31}},"39":{"start":{"line":96,"column":4},"end":{"line":96,"column":18}},"40":{"start":{"line":97,"column":4},"end":{"line":97,"column":21}},"41":{"start":{"line":100,"column":22},"end":{"line":102,"column":3}},"42":{"start":{"line":101,"column":4},"end":{"line":101,"column":25}},"43":{"start":{"line":104,"column":24},"end":{"line":110,"column":3}},"44":{"start":{"line":105,"column":4},"end":{"line":107,"column":5}},"45":{"start":{"line":106,"column":6},"end":{"line":106,"column":46}},"46":{"start":{"line":108,"column":4},"end":{"line":108,"column":57}},"47":{"start":{"line":109,"column":4},"end":{"line":109,"column":25}},"48":{"start":{"line":112,"column":2},"end":{"line":128,"column":4}},"49":{"start":{"line":131,"column":23},"end":{"line":137,"column":1}},"50":{"start":{"line":132,"column":18},"end":{"line":132,"column":41}},"51":{"start":{"line":133,"column":2},"end":{"line":135,"column":3}},"52":{"start":{"line":134,"column":4},"end":{"line":134,"column":67}},"53":{"start":{"line":136,"column":2},"end":{"line":136,"column":17}}},"fnMap":{"0":{"name":"(anonymous_0)","decl":{"start":{"line":28,"column":63},"end":{"line":28,"column":64}},"loc":{"start":{"line":28,"column":81},"end":{"line":129,"column":1}},"line":28},"1":{"name":"(anonymous_1)","decl":{"start":{"line":33,"column":35},"end":{"line":33,"column":36}},"loc":{"start":{"line":33,"column":47},"end":{"line":60,"column":3}},"line":33},"2":{"name":"(anonymous_2)","decl":{"start":{"line":62,"column":12},"end":{"line":62,"column":13}},"loc":{"start":{"line":62,"column":18},"end":{"line":76,"column":3}},"line":62},"3":{"name":"(anonymous_3)","decl":{"start":{"line":63,"column":22},"end":{"line":63,"column":23}},"loc":{"start":{"line":63,"column":34},"end":{"line":74,"column":5}},"line":63},"4":{"name":"(anonymous_4)","decl":{"start":{"line":78,"column":19},"end":{"line":78,"column":20}},"loc":{"start":{"line":78,"column":84},"end":{"line":80,"column":3}},"line":78},"5":{"name":"(anonymous_5)","decl":{"start":{"line":82,"column":21},"end":{"line":82,"column":22}},"loc":{"start":{"line":86,"column":7},"end":{"line":92,"column":3}},"line":86},"6":{"name":"(anonymous_6)","decl":{"start":{"line":94,"column":17},"end":{"line":94,"column":18}},"loc":{"start":{"line":94,"column":29},"end":{"line":98,"column":3}},"line":94},"7":{"name":"(anonymous_7)","decl":{"start":{"line":100,"column":22},"end":{"line":100,"column":23}},"loc":{"start":{"line":100,"column":34},"end":{"line":102,"column":3}},"line":100},"8":{"name":"(anonymous_8)","decl":{"start":{"line":104,"column":24},"end":{"line":104,"column":25}},"loc":{"start":{"line":104,"column":58},"end":{"line":110,"column":3}},"line":104},"9":{"name":"(anonymous_9)","decl":{"start":{"line":131,"column":23},"end":{"line":131,"column":24}},"loc":{"start":{"line":131,"column":29},"end":{"line":137,"column":1}},"line":131}},"branchMap":{"0":{"loc":{"start":{"line":43,"column":8},"end":{"line":49,"column":9}},"type":"if","locations":[{"start":{"line":43,"column":8},"end":{"line":49,"column":9}},{"start":{"line":47,"column":15},"end":{"line":49,"column":9}}],"line":43},"1":{"loc":{"start":{"line":52,"column":6},"end":{"line":56,"column":7}},"type":"if","locations":[{"start":{"line":52,"column":6},"end":{"line":56,"column":7}},{"start":{"line":54,"column":13},"end":{"line":56,"column":7}}],"line":52},"2":{"loc":{"start":{"line":66,"column":8},"end":{"line":68,"column":9}},"type":"if","locations":[{"start":{"line":66,"column":8},"end":{"line":68,"column":9}},{"start":{},"end":{}}],"line":66},"3":{"loc":{"start":{"line":78,"column":41},"end":{"line":78,"column":79}},"type":"default-arg","locations":[{"start":{"line":78,"column":72},"end":{"line":78,"column":79}}],"line":78},"4":{"loc":{"start":{"line":85,"column":4},"end":{"line":85,"column":42}},"type":"default-arg","locations":[{"start":{"line":85,"column":35},"end":{"line":85,"column":42}}],"line":85},"5":{"loc":{"start":{"line":89,"column":4},"end":{"line":91,"column":5}},"type":"if","locations":[{"start":{"line":89,"column":4},"end":{"line":91,"column":5}},{"start":{},"end":{}}],"line":89},"6":{"loc":{"start":{"line":105,"column":4},"end":{"line":107,"column":5}},"type":"if","locations":[{"start":{"line":105,"column":4},"end":{"line":107,"column":5}},{"start":{},"end":{}}],"line":105},"7":{"loc":{"start":{"line":133,"column":2},"end":{"line":135,"column":3}},"type":"if","locations":[{"start":{"line":133,"column":2},"end":{"line":135,"column":3}},{"start":{},"end":{}}],"line":133}},"s":{"0":0,"1":0,"2":0,"3":0,"4":0,"5":0,"6":0,"7":0,"8":0,"9":0,"10":0,"11":0,"12":0,"13":0,"14":0,"15":0,"16":0,"17":0,"18":0,"19":0,"20":0,"21":0,"22":0,"23":0,"24":0,"25":0,"26":0,"27":0,"28":0,"29":0,"30":0,"31":0,"32":0,"33":0,"34":0,"35":0,"36":0,"37":0,"38":0,"39":0,"40":0,"41":0,"42":0,"43":0,"44":0,"45":0,"46":0,"47":0,"48":0,"49":0,"50":0,"51":0,"52":0,"53":0},"f":{"0":0,"1":0,"2":0,"3":0,"4":0,"5":0,"6":0,"7":0,"8":0,"9":0},"b":{"0":[0,0],"1":[0,0],"2":[0,0],"3":[0],"4":[0],"5":[0,0],"6":[0,0],"7":[0,0]}}
,"/Users/kulmashev/AGCMobileFrontend/src/screens/auth/EmailInputScreen.tsx": {"path":"/Users/kulmashev/AGCMobileFrontend/src/screens/auth/EmailInputScreen.tsx","statementMap":{"0":{"start":{"line":33,"column":49},"end":{"line":160,"column":1}},"1":{"start":{"line":34,"column":19},"end":{"line":34,"column":31}},"2":{"start":{"line":35,"column":28},"end":{"line":35,"column":40}},"3":{"start":{"line":36,"column":36},"end":{"line":36,"column":51}},"4":{"start":{"line":37,"column":23},"end":{"line":37,"column":32}},"5":{"start":{"line":39,"column":19},"end":{"line":39,"column":36}},"6":{"start":{"line":41,"column":25},"end":{"line":91,"column":3}},"7":{"start":{"line":42,"column":31},"end":{"line":42,"column":51}},"8":{"start":{"line":43,"column":4},"end":{"line":46,"column":5}},"9":{"start":{"line":44,"column":6},"end":{"line":44,"column":42}},"10":{"start":{"line":45,"column":6},"end":{"line":45,"column":13}},"11":{"start":{"line":48,"column":4},"end":{"line":48,"column":23}},"12":{"start":{"line":49,"column":4},"end":{"line":90,"column":5}},"13":{"start":{"line":50,"column":6},"end":{"line":50,"column":59}},"14":{"start":{"line":51,"column":6},"end":{"line":51,"column":59}},"15":{"start":{"line":53,"column":6},"end":{"line":53,"column":63}},"16":{"start":{"line":55,"column":6},"end":{"line":87,"column":7}},"17":{"start":{"line":56,"column":8},"end":{"line":59,"column":10}},"18":{"start":{"line":60,"column":13},"end":{"line":87,"column":7}},"19":{"start":{"line":61,"column":8},"end":{"line":71,"column":10}},"20":{"start":{"line":68,"column":29},"end":{"line":68,"column":81}},"21":{"start":{"line":72,"column":13},"end":{"line":87,"column":7}},"22":{"start":{"line":73,"column":8},"end":{"line":80,"column":10}},"23":{"start":{"line":78,"column":45},"end":{"line":78,"column":96}},"24":{"start":{"line":82,"column":8},"end":{"line":86,"column":10}},"25":{"start":{"line":89,"column":6},"end":{"line":89,"column":26}},"26":{"start":{"line":93,"column":2},"end":{"line":159,"column":4}},"27":{"start":{"line":103,"column":47},"end":{"line":103,"column":66}},"28":{"start":{"line":146,"column":18},"end":{"line":146,"column":91}},"29":{"start":{"line":162,"column":15},"end":{"line":249,"column":2}}},"fnMap":{"0":{"name":"(anonymous_0)","decl":{"start":{"line":33,"column":49},"end":{"line":33,"column":50}},"loc":{"start":{"line":33,"column":76},"end":{"line":160,"column":1}},"line":33},"1":{"name":"(anonymous_1)","decl":{"start":{"line":41,"column":25},"end":{"line":41,"column":26}},"loc":{"start":{"line":41,"column":37},"end":{"line":91,"column":3}},"line":41},"2":{"name":"(anonymous_2)","decl":{"start":{"line":68,"column":23},"end":{"line":68,"column":24}},"loc":{"start":{"line":68,"column":29},"end":{"line":68,"column":81}},"line":68},"3":{"name":"(anonymous_3)","decl":{"start":{"line":78,"column":39},"end":{"line":78,"column":40}},"loc":{"start":{"line":78,"column":45},"end":{"line":78,"column":96}},"line":78},"4":{"name":"(anonymous_4)","decl":{"start":{"line":103,"column":41},"end":{"line":103,"column":42}},"loc":{"start":{"line":103,"column":47},"end":{"line":103,"column":66}},"line":103},"5":{"name":"(anonymous_5)","decl":{"start":{"line":145,"column":25},"end":{"line":145,"column":26}},"loc":{"start":{"line":146,"column":18},"end":{"line":146,"column":91}},"line":146}},"branchMap":{"0":{"loc":{"start":{"line":43,"column":4},"end":{"line":46,"column":5}},"type":"if","locations":[{"start":{"line":43,"column":4},"end":{"line":46,"column":5}},{"start":{},"end":{}}],"line":43},"1":{"loc":{"start":{"line":50,"column":28},"end":{"line":50,"column":57}},"type":"cond-expr","locations":[{"start":{"line":50,"column":39},"end":{"line":50,"column":47}},{"start":{"line":50,"column":50},"end":{"line":50,"column":57}}],"line":50},"2":{"loc":{"start":{"line":55,"column":6},"end":{"line":87,"column":7}},"type":"if","locations":[{"start":{"line":55,"column":6},"end":{"line":87,"column":7}},{"start":{"line":60,"column":13},"end":{"line":87,"column":7}}],"line":55},"3":{"loc":{"start":{"line":60,"column":13},"end":{"line":87,"column":7}},"type":"if","locations":[{"start":{"line":60,"column":13},"end":{"line":87,"column":7}},{"start":{"line":72,"column":13},"end":{"line":87,"column":7}}],"line":60},"4":{"loc":{"start":{"line":60,"column":17},"end":{"line":60,"column":60}},"type":"binary-expr","locations":[{"start":{"line":60,"column":17},"end":{"line":60,"column":47}},{"start":{"line":60,"column":51},"end":{"line":60,"column":60}}],"line":60},"5":{"loc":{"start":{"line":72,"column":13},"end":{"line":87,"column":7}},"type":"if","locations":[{"start":{"line":72,"column":13},"end":{"line":87,"column":7}},{"start":{"line":81,"column":13},"end":{"line":87,"column":7}}],"line":72},"6":{"loc":{"start":{"line":72,"column":17},"end":{"line":72,"column":59}},"type":"binary-expr","locations":[{"start":{"line":72,"column":17},"end":{"line":72,"column":47}},{"start":{"line":72,"column":51},"end":{"line":72,"column":59}}],"line":72},"7":{"loc":{"start":{"line":84,"column":10},"end":{"line":85,"column":86}},"type":"binary-expr","locations":[{"start":{"line":84,"column":10},"end":{"line":84,"column":23}},{"start":{"line":85,"column":12},"end":{"line":85,"column":86}}],"line":84},"8":{"loc":{"start":{"line":96,"column":18},"end":{"line":96,"column":62}},"type":"cond-expr","locations":[{"start":{"line":96,"column":42},"end":{"line":96,"column":51}},{"start":{"line":96,"column":54},"end":{"line":96,"column":62}}],"line":96},"9":{"loc":{"start":{"line":106,"column":42},"end":{"line":106,"column":92}},"type":"cond-expr","locations":[{"start":{"line":106,"column":53},"end":{"line":106,"column":74}},{"start":{"line":106,"column":77},"end":{"line":106,"column":92}}],"line":106},"10":{"loc":{"start":{"line":108,"column":17},"end":{"line":110,"column":66}},"type":"cond-expr","locations":[{"start":{"line":109,"column":20},"end":{"line":109,"column":63}},{"start":{"line":110,"column":20},"end":{"line":110,"column":66}}],"line":108},"11":{"loc":{"start":{"line":132,"column":39},"end":{"line":132,"column":73}},"type":"binary-expr","locations":[{"start":{"line":132,"column":39},"end":{"line":132,"column":48}},{"start":{"line":132,"column":52},"end":{"line":132,"column":73}}],"line":132},"12":{"loc":{"start":{"line":136,"column":17},"end":{"line":140,"column":17}},"type":"cond-expr","locations":[{"start":{"line":137,"column":18},"end":{"line":137,"column":67}},{"start":{"line":139,"column":18},"end":{"line":139,"column":65}}],"line":136},"13":{"loc":{"start":{"line":146,"column":59},"end":{"line":146,"column":88}},"type":"cond-expr","locations":[{"start":{"line":146,"column":70},"end":{"line":146,"column":77}},{"start":{"line":146,"column":80},"end":{"line":146,"column":88}}],"line":146},"14":{"loc":{"start":{"line":150,"column":19},"end":{"line":150,"column":85}},"type":"cond-expr","locations":[{"start":{"line":150,"column":30},"end":{"line":150,"column":57}},{"start":{"line":150,"column":60},"end":{"line":150,"column":85}}],"line":150},"15":{"loc":{"start":{"line":151,"column":51},"end":{"line":151,"column":82}},"type":"cond-expr","locations":[{"start":{"line":151,"column":62},"end":{"line":151,"column":70}},{"start":{"line":151,"column":73},"end":{"line":151,"column":82}}],"line":151}},"s":{"0":0,"1":0,"2":0,"3":0,"4":0,"5":0,"6":0,"7":0,"8":0,"9":0,"10":0,"11":0,"12":0,"13":0,"14":0,"15":0,"16":0,"17":0,"18":0,"19":0,"20":0,"21":0,"22":0,"23":0,"24":0,"25":0,"26":0,"27":0,"28":0,"29":0},"f":{"0":0,"1":0,"2":0,"3":0,"4":0,"5":0},"b":{"0":[0,0],"1":[0,0],"2":[0,0],"3":[0,0],"4":[0,0],"5":[0,0],"6":[0,0],"7":[0,0],"8":[0,0],"9":[0,0],"10":[0,0],"11":[0,0],"12":[0,0],"13":[0,0],"14":[0,0],"15":[0,0]}}
,"/Users/kulmashev/AGCMobileFrontend/src/screens/auth/InformationScreen.tsx": {"path":"/Users/kulmashev/AGCMobileFrontend/src/screens/auth/InformationScreen.tsx","statementMap":{"0":{"start":{"line":33,"column":50},"end":{"line":212,"column":1}},"1":{"start":{"line":35,"column":26},"end":{"line":35,"column":35}},"2":{"start":{"line":37,"column":36},"end":{"line":37,"column":48}},"3":{"start":{"line":38,"column":34},"end":{"line":38,"column":46}},"4":{"start":{"line":39,"column":40},"end":{"line":39,"column":67}},"5":{"start":{"line":40,"column":40},"end":{"line":40,"column":52}},"6":{"start":{"line":41,"column":46},"end":{"line":41,"column":61}},"7":{"start":{"line":42,"column":36},"end":{"line":42,"column":51}},"8":{"start":{"line":43,"column":46},"end":{"line":43,"column":61}},"9":{"start":{"line":45,"column":25},"end":{"line":78,"column":3}},"10":{"start":{"line":46,"column":4},"end":{"line":49,"column":5}},"11":{"start":{"line":47,"column":6},"end":{"line":47,"column":62}},"12":{"start":{"line":48,"column":6},"end":{"line":48,"column":13}},"13":{"start":{"line":50,"column":4},"end":{"line":53,"column":5}},"14":{"start":{"line":51,"column":6},"end":{"line":51,"column":61}},"15":{"start":{"line":52,"column":6},"end":{"line":52,"column":13}},"16":{"start":{"line":54,"column":4},"end":{"line":57,"column":5}},"17":{"start":{"line":55,"column":6},"end":{"line":55,"column":86}},"18":{"start":{"line":56,"column":6},"end":{"line":56,"column":13}},"19":{"start":{"line":59,"column":4},"end":{"line":59,"column":23}},"20":{"start":{"line":60,"column":4},"end":{"line":77,"column":5}},"21":{"start":{"line":61,"column":6},"end":{"line":66,"column":9}},"22":{"start":{"line":67,"column":6},"end":{"line":67,"column":26}},"23":{"start":{"line":70,"column":6},"end":{"line":70,"column":51}},"24":{"start":{"line":71,"column":6},"end":{"line":74,"column":8}},"25":{"start":{"line":76,"column":6},"end":{"line":76,"column":26}},"26":{"start":{"line":80,"column":21},"end":{"line":85,"column":3}},"27":{"start":{"line":81,"column":16},"end":{"line":81,"column":55}},"28":{"start":{"line":82,"column":18},"end":{"line":82,"column":62}},"29":{"start":{"line":83,"column":17},"end":{"line":83,"column":35}},"30":{"start":{"line":84,"column":4},"end":{"line":84,"column":37}},"31":{"start":{"line":87,"column":2},"end":{"line":211,"column":4}},"32":{"start":{"line":98,"column":45},"end":{"line":98,"column":64}},"33":{"start":{"line":140,"column":68},"end":{"line":140,"column":91}},"34":{"start":{"line":152,"column":20},"end":{"line":152,"column":61}},"35":{"start":{"line":153,"column":20},"end":{"line":153,"column":51}},"36":{"start":{"line":153,"column":30},"end":{"line":153,"column":51}},"37":{"start":{"line":181,"column":29},"end":{"line":181,"column":63}},"38":{"start":{"line":214,"column":15},"end":{"line":351,"column":2}}},"fnMap":{"0":{"name":"(anonymous_0)","decl":{"start":{"line":33,"column":50},"end":{"line":33,"column":51}},"loc":{"start":{"line":33,"column":77},"end":{"line":212,"column":1}},"line":33},"1":{"name":"(anonymous_1)","decl":{"start":{"line":45,"column":25},"end":{"line":45,"column":26}},"loc":{"start":{"line":45,"column":37},"end":{"line":78,"column":3}},"line":45},"2":{"name":"(anonymous_2)","decl":{"start":{"line":80,"column":21},"end":{"line":80,"column":22}},"loc":{"start":{"line":80,"column":37},"end":{"line":85,"column":3}},"line":80},"3":{"name":"(anonymous_3)","decl":{"start":{"line":98,"column":39},"end":{"line":98,"column":40}},"loc":{"start":{"line":98,"column":45},"end":{"line":98,"column":64}},"line":98},"4":{"name":"(anonymous_4)","decl":{"start":{"line":140,"column":62},"end":{"line":140,"column":63}},"loc":{"start":{"line":140,"column":68},"end":{"line":140,"column":91}},"line":140},"5":{"name":"(anonymous_5)","decl":{"start":{"line":151,"column":28},"end":{"line":151,"column":29}},"loc":{"start":{"line":151,"column":45},"end":{"line":154,"column":19}},"line":151},"6":{"name":"(anonymous_6)","decl":{"start":{"line":181,"column":23},"end":{"line":181,"column":24}},"loc":{"start":{"line":181,"column":29},"end":{"line":181,"column":63}},"line":181}},"branchMap":{"0":{"loc":{"start":{"line":46,"column":4},"end":{"line":49,"column":5}},"type":"if","locations":[{"start":{"line":46,"column":4},"end":{"line":49,"column":5}},{"start":{},"end":{}}],"line":46},"1":{"loc":{"start":{"line":50,"column":4},"end":{"line":53,"column":5}},"type":"if","locations":[{"start":{"line":50,"column":4},"end":{"line":53,"column":5}},{"start":{},"end":{}}],"line":50},"2":{"loc":{"start":{"line":54,"column":4},"end":{"line":57,"column":5}},"type":"if","locations":[{"start":{"line":54,"column":4},"end":{"line":57,"column":5}},{"start":{},"end":{}}],"line":54},"3":{"loc":{"start":{"line":64,"column":23},"end":{"line":64,"column":83}},"type":"cond-expr","locations":[{"start":{"line":64,"column":37},"end":{"line":64,"column":76}},{"start":{"line":64,"column":79},"end":{"line":64,"column":83}}],"line":64},"4":{"loc":{"start":{"line":65,"column":22},"end":{"line":65,"column":48}},"type":"binary-expr","locations":[{"start":{"line":65,"column":22},"end":{"line":65,"column":40}},{"start":{"line":65,"column":44},"end":{"line":65,"column":48}}],"line":65},"5":{"loc":{"start":{"line":73,"column":8},"end":{"line":73,"column":92}},"type":"binary-expr","locations":[{"start":{"line":73,"column":8},"end":{"line":73,"column":36}},{"start":{"line":73,"column":40},"end":{"line":73,"column":92}}],"line":73},"6":{"loc":{"start":{"line":90,"column":18},"end":{"line":90,"column":62}},"type":"cond-expr","locations":[{"start":{"line":90,"column":42},"end":{"line":90,"column":51}},{"start":{"line":90,"column":54},"end":{"line":90,"column":62}}],"line":90},"7":{"loc":{"start":{"line":141,"column":29},"end":{"line":141,"column":84}},"type":"cond-expr","locations":[{"start":{"line":141,"column":43},"end":{"line":141,"column":59}},{"start":{"line":141,"column":62},"end":{"line":141,"column":84}}],"line":141},"8":{"loc":{"start":{"line":142,"column":19},"end":{"line":142,"column":71}},"type":"cond-expr","locations":[{"start":{"line":142,"column":33},"end":{"line":142,"column":56}},{"start":{"line":142,"column":59},"end":{"line":142,"column":71}}],"line":142},"9":{"loc":{"start":{"line":145,"column":15},"end":{"line":156,"column":15}},"type":"binary-expr","locations":[{"start":{"line":145,"column":15},"end":{"line":145,"column":29}},{"start":{"line":146,"column":16},"end":{"line":155,"column":18}}],"line":145},"10":{"loc":{"start":{"line":147,"column":25},"end":{"line":147,"column":60}},"type":"binary-expr","locations":[{"start":{"line":147,"column":25},"end":{"line":147,"column":36}},{"start":{"line":147,"column":40},"end":{"line":147,"column":60}}],"line":147},"11":{"loc":{"start":{"line":153,"column":20},"end":{"line":153,"column":51}},"type":"if","locations":[{"start":{"line":153,"column":20},"end":{"line":153,"column":51}},{"start":{},"end":{}}],"line":153},"12":{"loc":{"start":{"line":184,"column":45},"end":{"line":184,"column":85}},"type":"binary-expr","locations":[{"start":{"line":184,"column":45},"end":{"line":184,"column":59}},{"start":{"line":184,"column":63},"end":{"line":184,"column":85}}],"line":184},"13":{"loc":{"start":{"line":185,"column":17},"end":{"line":187,"column":17}},"type":"binary-expr","locations":[{"start":{"line":185,"column":17},"end":{"line":185,"column":31}},{"start":{"line":186,"column":18},"end":{"line":186,"column":85}}],"line":185},"14":{"loc":{"start":{"line":197,"column":37},"end":{"line":197,"column":71}},"type":"binary-expr","locations":[{"start":{"line":197,"column":37},"end":{"line":197,"column":46}},{"start":{"line":197,"column":50},"end":{"line":197,"column":71}}],"line":197},"15":{"loc":{"start":{"line":201,"column":15},"end":{"line":205,"column":15}},"type":"cond-expr","locations":[{"start":{"line":202,"column":16},"end":{"line":202,"column":65}},{"start":{"line":204,"column":16},"end":{"line":204,"column":63}}],"line":201}},"s":{"0":0,"1":0,"2":0,"3":0,"4":0,"5":0,"6":0,"7":0,"8":0,"9":0,"10":0,"11":0,"12":0,"13":0,"14":0,"15":0,"16":0,"17":0,"18":0,"19":0,"20":0,"21":0,"22":0,"23":0,"24":0,"25":0,"26":0,"27":0,"28":0,"29":0,"30":0,"31":0,"32":0,"33":0,"34":0,"35":0,"36":0,"37":0,"38":0},"f":{"0":0,"1":0,"2":0,"3":0,"4":0,"5":0,"6":0},"b":{"0":[0,0],"1":[0,0],"2":[0,0],"3":[0,0],"4":[0,0],"5":[0,0],"6":[0,0],"7":[0,0],"8":[0,0],"9":[0,0],"10":[0,0],"11":[0,0],"12":[0,0],"13":[0,0],"14":[0,0],"15":[0,0]}}
,"/Users/kulmashev/AGCMobileFrontend/src/screens/auth/VerificationScreen.tsx": {"path":"/Users/kulmashev/AGCMobileFrontend/src/screens/auth/VerificationScreen.tsx","statementMap":{"0":{"start":{"line":32,"column":51},"end":{"line":110,"column":1}},"1":{"start":{"line":33,"column":26},"end":{"line":33,"column":38}},"2":{"start":{"line":34,"column":26},"end":{"line":34,"column":38}},"3":{"start":{"line":35,"column":36},"end":{"line":35,"column":51}},"4":{"start":{"line":36,"column":25},"end":{"line":36,"column":34}},"5":{"start":{"line":38,"column":23},"end":{"line":58,"column":3}},"6":{"start":{"line":39,"column":4},"end":{"line":42,"column":5}},"7":{"start":{"line":40,"column":6},"end":{"line":40,"column":64}},"8":{"start":{"line":41,"column":6},"end":{"line":41,"column":13}},"9":{"start":{"line":44,"column":4},"end":{"line":44,"column":23}},"10":{"start":{"line":45,"column":4},"end":{"line":57,"column":5}},"11":{"start":{"line":46,"column":6},"end":{"line":46,"column":42}},"12":{"start":{"line":48,"column":6},"end":{"line":50,"column":7}},"13":{"start":{"line":49,"column":8},"end":{"line":49,"column":54}},"14":{"start":{"line":53,"column":6},"end":{"line":53,"column":49}},"15":{"start":{"line":54,"column":6},"end":{"line":54,"column":79}},"16":{"start":{"line":56,"column":6},"end":{"line":56,"column":26}},"17":{"start":{"line":60,"column":2},"end":{"line":109,"column":4}},"18":{"start":{"line":69,"column":47},"end":{"line":69,"column":66}},"19":{"start":{"line":112,"column":15},"end":{"line":193,"column":2}}},"fnMap":{"0":{"name":"(anonymous_0)","decl":{"start":{"line":32,"column":51},"end":{"line":32,"column":52}},"loc":{"start":{"line":32,"column":78},"end":{"line":110,"column":1}},"line":32},"1":{"name":"(anonymous_1)","decl":{"start":{"line":38,"column":23},"end":{"line":38,"column":24}},"loc":{"start":{"line":38,"column":35},"end":{"line":58,"column":3}},"line":38},"2":{"name":"(anonymous_2)","decl":{"start":{"line":69,"column":41},"end":{"line":69,"column":42}},"loc":{"start":{"line":69,"column":47},"end":{"line":69,"column":66}},"line":69}},"branchMap":{"0":{"loc":{"start":{"line":39,"column":4},"end":{"line":42,"column":5}},"type":"if","locations":[{"start":{"line":39,"column":4},"end":{"line":42,"column":5}},{"start":{},"end":{}}],"line":39},"1":{"loc":{"start":{"line":48,"column":6},"end":{"line":50,"column":7}},"type":"if","locations":[{"start":{"line":48,"column":6},"end":{"line":50,"column":7}},{"start":{},"end":{}}],"line":48},"2":{"loc":{"start":{"line":54,"column":27},"end":{"line":54,"column":77}},"type":"binary-expr","locations":[{"start":{"line":54,"column":27},"end":{"line":54,"column":40}},{"start":{"line":54,"column":44},"end":{"line":54,"column":77}}],"line":54},"3":{"loc":{"start":{"line":63,"column":18},"end":{"line":63,"column":62}},"type":"cond-expr","locations":[{"start":{"line":63,"column":42},"end":{"line":63,"column":51}},{"start":{"line":63,"column":54},"end":{"line":63,"column":62}}],"line":63},"4":{"loc":{"start":{"line":94,"column":39},"end":{"line":94,"column":73}},"type":"binary-expr","locations":[{"start":{"line":94,"column":39},"end":{"line":94,"column":48}},{"start":{"line":94,"column":52},"end":{"line":94,"column":73}}],"line":94},"5":{"loc":{"start":{"line":98,"column":17},"end":{"line":102,"column":17}},"type":"cond-expr","locations":[{"start":{"line":99,"column":18},"end":{"line":99,"column":67}},{"start":{"line":101,"column":18},"end":{"line":101,"column":63}}],"line":98}},"s":{"0":0,"1":0,"2":0,"3":0,"4":0,"5":0,"6":0,"7":0,"8":0,"9":0,"10":0,"11":0,"12":0,"13":0,"14":0,"15":0,"16":0,"17":0,"18":0,"19":0},"f":{"0":0,"1":0,"2":0},"b":{"0":[0,0],"1":[0,0],"2":[0,0],"3":[0,0],"4":[0,0],"5":[0,0]}}
,"/Users/kulmashev/AGCMobileFrontend/src/screens/auth/WelcomeScreen.tsx": {"path":"/Users/kulmashev/AGCMobileFrontend/src/screens/auth/WelcomeScreen.tsx","statementMap":{"0":{"start":{"line":14,"column":46},"end":{"line":56,"column":1}},"1":{"start":{"line":15,"column":2},"end":{"line":55,"column":4}},"2":{"start":{"line":39,"column":27},"end":{"line":39,"column":79}},"3":{"start":{"line":47,"column":27},"end":{"line":47,"column":80}},"4":{"start":{"line":58,"column":15},"end":{"line":125,"column":2}}},"fnMap":{"0":{"name":"(anonymous_0)","decl":{"start":{"line":14,"column":46},"end":{"line":14,"column":47}},"loc":{"start":{"line":14,"column":66},"end":{"line":56,"column":1}},"line":14},"1":{"name":"(anonymous_1)","decl":{"start":{"line":39,"column":21},"end":{"line":39,"column":22}},"loc":{"start":{"line":39,"column":27},"end":{"line":39,"column":79}},"line":39},"2":{"name":"(anonymous_2)","decl":{"start":{"line":47,"column":21},"end":{"line":47,"column":22}},"loc":{"start":{"line":47,"column":27},"end":{"line":47,"column":80}},"line":47}},"branchMap":{},"s":{"0":0,"1":0,"2":0,"3":0,"4":0},"f":{"0":0,"1":0,"2":0},"b":{}}
,"/Users/kulmashev/AGCMobileFrontend/src/screens/main/ChatDetailScreen.tsx": {"path":"/Users/kulmashev/AGCMobileFrontend/src/screens/main/ChatDetailScreen.tsx","statementMap":{"0":{"start":{"line":28,"column":42},"end":{"line":291,"column":1}},"1":{"start":{"line":29,"column":21},"end":{"line":29,"column":36}},"2":{"start":{"line":30,"column":16},"end":{"line":30,"column":31}},"3":{"start":{"line":31,"column":17},"end":{"line":31,"column":37}},"4":{"start":{"line":32,"column":19},"end":{"line":32,"column":28}},"5":{"start":{"line":34,"column":26},"end":{"line":34,"column":53}},"6":{"start":{"line":35,"column":34},"end":{"line":35,"column":57}},"7":{"start":{"line":36,"column":32},"end":{"line":36,"column":44}},"8":{"start":{"line":37,"column":36},"end":{"line":37,"column":50}},"9":{"start":{"line":38,"column":36},"end":{"line":38,"column":51}},"10":{"start":{"line":39,"column":22},"end":{"line":39,"column":44}},"11":{"start":{"line":42,"column":50},"end":{"line":42,"column":65}},"12":{"start":{"line":43,"column":32},"end":{"line":43,"column":58}},"13":{"start":{"line":44,"column":50},"end":{"line":44,"column":65}},"14":{"start":{"line":46,"column":24},"end":{"line":59,"column":14}},"15":{"start":{"line":47,"column":4},"end":{"line":58,"column":5}},"16":{"start":{"line":48,"column":39},"end":{"line":51,"column":8}},"17":{"start":{"line":52,"column":6},"end":{"line":52,"column":24}},"18":{"start":{"line":53,"column":6},"end":{"line":53,"column":32}},"19":{"start":{"line":55,"column":6},"end":{"line":55,"column":58}},"20":{"start":{"line":57,"column":6},"end":{"line":57,"column":26}},"21":{"start":{"line":61,"column":2},"end":{"line":63,"column":22}},"22":{"start":{"line":62,"column":4},"end":{"line":62,"column":20}},"23":{"start":{"line":65,"column":23},"end":{"line":94,"column":3}},"24":{"start":{"line":66,"column":4},"end":{"line":66,"column":30}},"25":{"start":{"line":67,"column":4},"end":{"line":93,"column":5}},"26":{"start":{"line":68,"column":26},"end":{"line":68,"column":66}},"27":{"start":{"line":71,"column":23},"end":{"line":71,"column":54}},"28":{"start":{"line":72,"column":23},"end":{"line":72,"column":67}},"29":{"start":{"line":72,"column":56},"end":{"line":72,"column":65}},"30":{"start":{"line":74,"column":34},"end":{"line":85,"column":8}},"31":{"start":{"line":75,"column":25},"end":{"line":75,"column":50}},"32":{"start":{"line":76,"column":8},"end":{"line":84,"column":10}},"33":{"start":{"line":87,"column":6},"end":{"line":87,"column":38}},"34":{"start":{"line":89,"column":6},"end":{"line":89,"column":53}},"35":{"start":{"line":90,"column":6},"end":{"line":90,"column":53}},"36":{"start":{"line":92,"column":6},"end":{"line":92,"column":33}},"37":{"start":{"line":96,"column":28},"end":{"line":99,"column":3}},"38":{"start":{"line":97,"column":4},"end":{"line":97,"column":25}},"39":{"start":{"line":98,"column":4},"end":{"line":98,"column":30}},"40":{"start":{"line":101,"column":28},"end":{"line":136,"column":3}},"41":{"start":{"line":102,"column":4},"end":{"line":102,"column":45}},"42":{"start":{"line":102,"column":38},"end":{"line":102,"column":45}},"43":{"start":{"line":104,"column":4},"end":{"line":104,"column":23}},"44":{"start":{"line":105,"column":19},"end":{"line":105,"column":29}},"45":{"start":{"line":106,"column":4},"end":{"line":135,"column":5}},"46":{"start":{"line":107,"column":35},"end":{"line":115,"column":7}},"47":{"start":{"line":118,"column":6},"end":{"line":118,"column":52}},"48":{"start":{"line":118,"column":28},"end":{"line":118,"column":50}},"49":{"start":{"line":119,"column":6},"end":{"line":119,"column":21}},"50":{"start":{"line":121,"column":6},"end":{"line":121,"column":87}},"51":{"start":{"line":122,"column":25},"end":{"line":122,"column":83}},"52":{"start":{"line":123,"column":6},"end":{"line":123,"column":60}},"53":{"start":{"line":125,"column":6},"end":{"line":125,"column":81}},"54":{"start":{"line":125,"column":28},"end":{"line":125,"column":79}},"55":{"start":{"line":125,"column":45},"end":{"line":125,"column":77}},"56":{"start":{"line":127,"column":6},"end":{"line":127,"column":52}},"57":{"start":{"line":128,"column":6},"end":{"line":128,"column":76}},"58":{"start":{"line":129,"column":6},"end":{"line":129,"column":60}},"59":{"start":{"line":131,"column":6},"end":{"line":131,"column":65}},"60":{"start":{"line":131,"column":28},"end":{"line":131,"column":63}},"61":{"start":{"line":131,"column":47},"end":{"line":131,"column":62}},"62":{"start":{"line":132,"column":6},"end":{"line":132,"column":94}},"63":{"start":{"line":134,"column":6},"end":{"line":134,"column":26}},"64":{"start":{"line":138,"column":28},"end":{"line":171,"column":3}},"65":{"start":{"line":139,"column":24},"end":{"line":139,"column":48}},"66":{"start":{"line":141,"column":4},"end":{"line":170,"column":6}},"67":{"start":{"line":173,"column":2},"end":{"line":290,"column":4}},"68":{"start":{"line":176,"column":41},"end":{"line":176,"column":60}},"69":{"start":{"line":201,"column":41},"end":{"line":201,"column":78}},"70":{"start":{"line":244,"column":30},"end":{"line":244,"column":56}},"71":{"start":{"line":250,"column":47},"end":{"line":250,"column":73}},"72":{"start":{"line":263,"column":18},"end":{"line":282,"column":25}},"73":{"start":{"line":293,"column":15},"end":{"line":489,"column":2}}},"fnMap":{"0":{"name":"(anonymous_0)","decl":{"start":{"line":28,"column":42},"end":{"line":28,"column":43}},"loc":{"start":{"line":28,"column":48},"end":{"line":291,"column":1}},"line":28},"1":{"name":"(anonymous_1)","decl":{"start":{"line":46,"column":36},"end":{"line":46,"column":37}},"loc":{"start":{"line":46,"column":48},"end":{"line":59,"column":3}},"line":46},"2":{"name":"(anonymous_2)","decl":{"start":{"line":61,"column":12},"end":{"line":61,"column":13}},"loc":{"start":{"line":61,"column":18},"end":{"line":63,"column":3}},"line":61},"3":{"name":"(anonymous_3)","decl":{"start":{"line":65,"column":23},"end":{"line":65,"column":24}},"loc":{"start":{"line":65,"column":35},"end":{"line":94,"column":3}},"line":65},"4":{"name":"(anonymous_4)","decl":{"start":{"line":72,"column":44},"end":{"line":72,"column":45}},"loc":{"start":{"line":72,"column":56},"end":{"line":72,"column":65}},"line":72},"5":{"name":"(anonymous_5)","decl":{"start":{"line":74,"column":50},"end":{"line":74,"column":51}},"loc":{"start":{"line":74,"column":67},"end":{"line":85,"column":7}},"line":74},"6":{"name":"(anonymous_6)","decl":{"start":{"line":96,"column":28},"end":{"line":96,"column":29}},"loc":{"start":{"line":96,"column":40},"end":{"line":99,"column":3}},"line":96},"7":{"name":"(anonymous_7)","decl":{"start":{"line":101,"column":28},"end":{"line":101,"column":29}},"loc":{"start":{"line":101,"column":40},"end":{"line":136,"column":3}},"line":101},"8":{"name":"(anonymous_8)","decl":{"start":{"line":118,"column":18},"end":{"line":118,"column":19}},"loc":{"start":{"line":118,"column":28},"end":{"line":118,"column":50}},"line":118},"9":{"name":"(anonymous_9)","decl":{"start":{"line":125,"column":18},"end":{"line":125,"column":19}},"loc":{"start":{"line":125,"column":28},"end":{"line":125,"column":79}},"line":125},"10":{"name":"(anonymous_10)","decl":{"start":{"line":125,"column":37},"end":{"line":125,"column":38}},"loc":{"start":{"line":125,"column":45},"end":{"line":125,"column":77}},"line":125},"11":{"name":"(anonymous_11)","decl":{"start":{"line":131,"column":18},"end":{"line":131,"column":19}},"loc":{"start":{"line":131,"column":28},"end":{"line":131,"column":63}},"line":131},"12":{"name":"(anonymous_12)","decl":{"start":{"line":131,"column":40},"end":{"line":131,"column":41}},"loc":{"start":{"line":131,"column":47},"end":{"line":131,"column":62}},"line":131},"13":{"name":"(anonymous_13)","decl":{"start":{"line":138,"column":28},"end":{"line":138,"column":29}},"loc":{"start":{"line":138,"column":61},"end":{"line":171,"column":3}},"line":138},"14":{"name":"(anonymous_14)","decl":{"start":{"line":176,"column":35},"end":{"line":176,"column":36}},"loc":{"start":{"line":176,"column":41},"end":{"line":176,"column":60}},"line":176},"15":{"name":"(anonymous_15)","decl":{"start":{"line":201,"column":24},"end":{"line":201,"column":25}},"loc":{"start":{"line":201,"column":41},"end":{"line":201,"column":78}},"line":201},"16":{"name":"(anonymous_16)","decl":{"start":{"line":244,"column":24},"end":{"line":244,"column":25}},"loc":{"start":{"line":244,"column":30},"end":{"line":244,"column":56}},"line":244},"17":{"name":"(anonymous_17)","decl":{"start":{"line":250,"column":41},"end":{"line":250,"column":42}},"loc":{"start":{"line":250,"column":47},"end":{"line":250,"column":73}},"line":250},"18":{"name":"(anonymous_18)","decl":{"start":{"line":262,"column":29},"end":{"line":262,"column":30}},"loc":{"start":{"line":263,"column":18},"end":{"line":282,"column":25}},"line":263}},"branchMap":{"0":{"loc":{"start":{"line":78,"column":16},"end":{"line":78,"column":62}},"type":"binary-expr","locations":[{"start":{"line":78,"column":16},"end":{"line":78,"column":35}},{"start":{"line":78,"column":39},"end":{"line":78,"column":50}},{"start":{"line":78,"column":54},"end":{"line":78,"column":62}}],"line":78},"1":{"loc":{"start":{"line":79,"column":24},"end":{"line":83,"column":18}},"type":"cond-expr","locations":[{"start":{"line":79,"column":35},"end":{"line":83,"column":11}},{"start":{"line":83,"column":14},"end":{"line":83,"column":18}}],"line":79},"2":{"loc":{"start":{"line":80,"column":24},"end":{"line":80,"column":83}},"type":"binary-expr","locations":[{"start":{"line":80,"column":24},"end":{"line":80,"column":43}},{"start":{"line":80,"column":47},"end":{"line":80,"column":75}},{"start":{"line":80,"column":79},"end":{"line":80,"column":83}}],"line":80},"3":{"loc":{"start":{"line":81,"column":23},"end":{"line":81,"column":49}},"type":"binary-expr","locations":[{"start":{"line":81,"column":23},"end":{"line":81,"column":41}},{"start":{"line":81,"column":45},"end":{"line":81,"column":49}}],"line":81},"4":{"loc":{"start":{"line":82,"column":20},"end":{"line":82,"column":43}},"type":"binary-expr","locations":[{"start":{"line":82,"column":20},"end":{"line":82,"column":35}},{"start":{"line":82,"column":39},"end":{"line":82,"column":43}}],"line":82},"5":{"loc":{"start":{"line":102,"column":4},"end":{"line":102,"column":45}},"type":"if","locations":[{"start":{"line":102,"column":4},"end":{"line":102,"column":45}},{"start":{},"end":{}}],"line":102},"6":{"loc":{"start":{"line":102,"column":8},"end":{"line":102,"column":36}},"type":"binary-expr","locations":[{"start":{"line":102,"column":8},"end":{"line":102,"column":23}},{"start":{"line":102,"column":27},"end":{"line":102,"column":36}}],"line":102},"7":{"loc":{"start":{"line":110,"column":16},"end":{"line":110,"column":30}},"type":"binary-expr","locations":[{"start":{"line":110,"column":16},"end":{"line":110,"column":24}},{"start":{"line":110,"column":28},"end":{"line":110,"column":30}}],"line":110},"8":{"loc":{"start":{"line":125,"column":45},"end":{"line":125,"column":77}},"type":"cond-expr","locations":[{"start":{"line":125,"column":63},"end":{"line":125,"column":73}},{"start":{"line":125,"column":76},"end":{"line":125,"column":77}}],"line":125},"9":{"loc":{"start":{"line":132,"column":28},"end":{"line":132,"column":92}},"type":"binary-expr","locations":[{"start":{"line":132,"column":28},"end":{"line":132,"column":56}},{"start":{"line":132,"column":60},"end":{"line":132,"column":92}}],"line":132},"10":{"loc":{"start":{"line":145,"column":10},"end":{"line":145,"column":80}},"type":"cond-expr","locations":[{"start":{"line":145,"column":24},"end":{"line":145,"column":49}},{"start":{"line":145,"column":52},"end":{"line":145,"column":80}}],"line":145},"11":{"loc":{"start":{"line":148,"column":9},"end":{"line":150,"column":9}},"type":"binary-expr","locations":[{"start":{"line":148,"column":9},"end":{"line":148,"column":21}},{"start":{"line":149,"column":10},"end":{"line":149,"column":92}}],"line":148},"12":{"loc":{"start":{"line":149,"column":43},"end":{"line":149,"column":84}},"type":"binary-expr","locations":[{"start":{"line":149,"column":43},"end":{"line":149,"column":74}},{"start":{"line":149,"column":78},"end":{"line":149,"column":84}}],"line":149},"13":{"loc":{"start":{"line":154,"column":12},"end":{"line":154,"column":76}},"type":"cond-expr","locations":[{"start":{"line":154,"column":26},"end":{"line":154,"column":48}},{"start":{"line":154,"column":51},"end":{"line":154,"column":76}}],"line":154},"14":{"loc":{"start":{"line":160,"column":14},"end":{"line":160,"column":74}},"type":"cond-expr","locations":[{"start":{"line":160,"column":28},"end":{"line":160,"column":48}},{"start":{"line":160,"column":51},"end":{"line":160,"column":74}}],"line":160},"15":{"loc":{"start":{"line":180,"column":44},"end":{"line":180,"column":83}},"type":"binary-expr","locations":[{"start":{"line":180,"column":44},"end":{"line":180,"column":63}},{"start":{"line":180,"column":67},"end":{"line":180,"column":83}}],"line":180},"16":{"loc":{"start":{"line":181,"column":11},"end":{"line":183,"column":11}},"type":"binary-expr","locations":[{"start":{"line":181,"column":11},"end":{"line":181,"column":33}},{"start":{"line":182,"column":12},"end":{"line":182,"column":99}}],"line":181},"17":{"loc":{"start":{"line":182,"column":49},"end":{"line":182,"column":83}},"type":"binary-expr","locations":[{"start":{"line":182,"column":49},"end":{"line":182,"column":77}},{"start":{"line":182,"column":81},"end":{"line":182,"column":83}}],"line":182},"18":{"loc":{"start":{"line":185,"column":9},"end":{"line":189,"column":9}},"type":"binary-expr","locations":[{"start":{"line":185,"column":9},"end":{"line":185,"column":31}},{"start":{"line":186,"column":10},"end":{"line":188,"column":29}}],"line":185},"19":{"loc":{"start":{"line":192,"column":7},"end":{"line":210,"column":7}},"type":"cond-expr","locations":[{"start":{"line":193,"column":8},"end":{"line":195,"column":15}},{"start":{"line":197,"column":8},"end":{"line":209,"column":10}}],"line":192},"20":{"loc":{"start":{"line":201,"column":41},"end":{"line":201,"column":78}},"type":"binary-expr","locations":[{"start":{"line":201,"column":41},"end":{"line":201,"column":60}},{"start":{"line":201,"column":64},"end":{"line":201,"column":78}}],"line":201},"21":{"loc":{"start":{"line":213,"column":18},"end":{"line":213,"column":62}},"type":"cond-expr","locations":[{"start":{"line":213,"column":42},"end":{"line":213,"column":51}},{"start":{"line":213,"column":54},"end":{"line":213,"column":62}}],"line":213},"22":{"loc":{"start":{"line":214,"column":32},"end":{"line":214,"column":61}},"type":"cond-expr","locations":[{"start":{"line":214,"column":56},"end":{"line":214,"column":57}},{"start":{"line":214,"column":60},"end":{"line":214,"column":61}}],"line":214},"23":{"loc":{"start":{"line":226,"column":39},"end":{"line":226,"column":98}},"type":"binary-expr","locations":[{"start":{"line":226,"column":40},"end":{"line":226,"column":55}},{"start":{"line":226,"column":59},"end":{"line":226,"column":68}},{"start":{"line":226,"column":73},"end":{"line":226,"column":98}}],"line":226},"24":{"loc":{"start":{"line":228,"column":22},"end":{"line":228,"column":50}},"type":"binary-expr","locations":[{"start":{"line":228,"column":22},"end":{"line":228,"column":37}},{"start":{"line":228,"column":41},"end":{"line":228,"column":50}}],"line":228},"25":{"loc":{"start":{"line":230,"column":13},"end":{"line":234,"column":13}},"type":"cond-expr","locations":[{"start":{"line":231,"column":14},"end":{"line":231,"column":76}},{"start":{"line":233,"column":14},"end":{"line":233,"column":76}}],"line":230},"26":{"loc":{"start":{"line":254,"column":13},"end":{"line":285,"column":13}},"type":"cond-expr","locations":[{"start":{"line":255,"column":14},"end":{"line":259,"column":16}},{"start":{"line":261,"column":14},"end":{"line":284,"column":27}}],"line":254},"27":{"loc":{"start":{"line":265,"column":23},"end":{"line":273,"column":23}},"type":"cond-expr","locations":[{"start":{"line":266,"column":24},"end":{"line":270,"column":26}},{"start":{"line":272,"column":24},"end":{"line":272,"column":89}}],"line":265},"28":{"loc":{"start":{"line":277,"column":25},"end":{"line":277,"column":66}},"type":"binary-expr","locations":[{"start":{"line":277,"column":25},"end":{"line":277,"column":56}},{"start":{"line":277,"column":60},"end":{"line":277,"column":66}}],"line":277},"29":{"loc":{"start":{"line":278,"column":25},"end":{"line":278,"column":61}},"type":"binary-expr","locations":[{"start":{"line":278,"column":25},"end":{"line":278,"column":55}},{"start":{"line":278,"column":59},"end":{"line":278,"column":61}}],"line":278}},"s":{"0":0,"1":0,"2":0,"3":0,"4":0,"5":0,"6":0,"7":0,"8":0,"9":0,"10":0,"11":0,"12":0,"13":0,"14":0,"15":0,"16":0,"17":0,"18":0,"19":0,"20":0,"21":0,"22":0,"23":0,"24":0,"25":0,"26":0,"27":0,"28":0,"29":0,"30":0,"31":0,"32":0,"33":0,"34":0,"35":0,"36":0,"37":0,"38":0,"39":0,"40":0,"41":0,"42":0,"43":0,"44":0,"45":0,"46":0,"47":0,"48":0,"49":0,"50":0,"51":0,"52":0,"53":0,"54":0,"55":0,"56":0,"57":0,"58":0,"59":0,"60":0,"61":0,"62":0,"63":0,"64":0,"65":0,"66":0,"67":0,"68":0,"69":0,"70":0,"71":0,"72":0,"73":0},"f":{"0":0,"1":0,"2":0,"3":0,"4":0,"5":0,"6":0,"7":0,"8":0,"9":0,"10":0,"11":0,"12":0,"13":0,"14":0,"15":0,"16":0,"17":0,"18":0},"b":{"0":[0,0,0],"1":[0,0],"2":[0,0,0],"3":[0,0],"4":[0,0],"5":[0,0],"6":[0,0],"7":[0,0],"8":[0,0],"9":[0,0],"10":[0,0],"11":[0,0],"12":[0,0],"13":[0,0],"14":[0,0],"15":[0,0],"16":[0,0],"17":[0,0],"18":[0,0],"19":[0,0],"20":[0,0],"21":[0,0],"22":[0,0],"23":[0,0,0],"24":[0,0],"25":[0,0],"26":[0,0],"27":[0,0],"28":[0,0],"29":[0,0]}}
,"/Users/kulmashev/AGCMobileFrontend/src/screens/main/ChatsScreen.tsx": {"path":"/Users/kulmashev/AGCMobileFrontend/src/screens/main/ChatsScreen.tsx","statementMap":{"0":{"start":{"line":34,"column":37},"end":{"line":490,"column":1}},"1":{"start":{"line":35,"column":21},"end":{"line":35,"column":52}},"2":{"start":{"line":36,"column":19},"end":{"line":36,"column":28}},"3":{"start":{"line":37,"column":28},"end":{"line":37,"column":52}},"4":{"start":{"line":38,"column":36},"end":{"line":38,"column":50}},"5":{"start":{"line":39,"column":42},"end":{"line":39,"column":57}},"6":{"start":{"line":40,"column":36},"end":{"line":40,"column":60}},"7":{"start":{"line":41,"column":40},"end":{"line":41,"column":52}},"8":{"start":{"line":44,"column":58},"end":{"line":44,"column":73}},"9":{"start":{"line":45,"column":32},"end":{"line":45,"column":54}},"10":{"start":{"line":46,"column":50},"end":{"line":46,"column":70}},"11":{"start":{"line":47,"column":36},"end":{"line":47,"column":48}},"12":{"start":{"line":48,"column":38},"end":{"line":48,"column":53}},"13":{"start":{"line":51,"column":56},"end":{"line":51,"column":71}},"14":{"start":{"line":52,"column":28},"end":{"line":52,"column":51}},"15":{"start":{"line":53,"column":46},"end":{"line":53,"column":61}},"16":{"start":{"line":55,"column":21},"end":{"line":65,"column":3}},"17":{"start":{"line":56,"column":4},"end":{"line":64,"column":5}},"18":{"start":{"line":57,"column":19},"end":{"line":57,"column":74}},"19":{"start":{"line":58,"column":6},"end":{"line":58,"column":21}},"20":{"start":{"line":60,"column":6},"end":{"line":60,"column":51}},"21":{"start":{"line":62,"column":6},"end":{"line":62,"column":26}},"22":{"start":{"line":63,"column":6},"end":{"line":63,"column":29}},"23":{"start":{"line":67,"column":23},"end":{"line":74,"column":3}},"24":{"start":{"line":68,"column":4},"end":{"line":73,"column":5}},"25":{"start":{"line":69,"column":19},"end":{"line":69,"column":53}},"26":{"start":{"line":70,"column":6},"end":{"line":70,"column":23}},"27":{"start":{"line":72,"column":6},"end":{"line":72,"column":53}},"28":{"start":{"line":76,"column":21},"end":{"line":116,"column":3}},"29":{"start":{"line":77,"column":4},"end":{"line":77,"column":28}},"30":{"start":{"line":78,"column":4},"end":{"line":115,"column":5}},"31":{"start":{"line":79,"column":6},"end":{"line":79,"column":59}},"32":{"start":{"line":82,"column":19},"end":{"line":82,"column":50}},"33":{"start":{"line":83,"column":6},"end":{"line":83,"column":56}},"34":{"start":{"line":86,"column":28},"end":{"line":86,"column":65}},"35":{"start":{"line":86,"column":47},"end":{"line":86,"column":64}},"36":{"start":{"line":91,"column":61},"end":{"line":102,"column":8}},"37":{"start":{"line":92,"column":28},"end":{"line":92,"column":101}},"38":{"start":{"line":93,"column":23},"end":{"line":93,"column":60}},"39":{"start":{"line":94,"column":8},"end":{"line":101,"column":42}},"40":{"start":{"line":104,"column":6},"end":{"line":104,"column":78}},"41":{"start":{"line":105,"column":6},"end":{"line":105,"column":29}},"42":{"start":{"line":107,"column":6},"end":{"line":109,"column":7}},"43":{"start":{"line":108,"column":8},"end":{"line":108,"column":53}},"44":{"start":{"line":111,"column":6},"end":{"line":111,"column":51}},"45":{"start":{"line":112,"column":6},"end":{"line":112,"column":51}},"46":{"start":{"line":114,"column":6},"end":{"line":114,"column":31}},"47":{"start":{"line":118,"column":20},"end":{"line":121,"column":3}},"48":{"start":{"line":119,"column":4},"end":{"line":119,"column":26}},"49":{"start":{"line":120,"column":4},"end":{"line":120,"column":17}},"50":{"start":{"line":123,"column":2},"end":{"line":127,"column":4}},"51":{"start":{"line":125,"column":6},"end":{"line":125,"column":19}},"52":{"start":{"line":130,"column":24},"end":{"line":141,"column":4}},"53":{"start":{"line":132,"column":4},"end":{"line":132,"column":69}},"54":{"start":{"line":132,"column":56},"end":{"line":132,"column":69}},"55":{"start":{"line":133,"column":4},"end":{"line":133,"column":69}},"56":{"start":{"line":133,"column":56},"end":{"line":133,"column":69}},"57":{"start":{"line":136,"column":4},"end":{"line":139,"column":5}},"58":{"start":{"line":137,"column":20},"end":{"line":137,"column":45}},"59":{"start":{"line":138,"column":6},"end":{"line":138,"column":63}},"60":{"start":{"line":140,"column":4},"end":{"line":140,"column":16}},"61":{"start":{"line":143,"column":31},"end":{"line":146,"column":3}},"62":{"start":{"line":144,"column":4},"end":{"line":144,"column":23}},"63":{"start":{"line":145,"column":4},"end":{"line":145,"column":33}},"64":{"start":{"line":148,"column":35},"end":{"line":165,"column":3}},"65":{"start":{"line":149,"column":4},"end":{"line":149,"column":24}},"66":{"start":{"line":150,"column":4},"end":{"line":164,"column":5}},"67":{"start":{"line":152,"column":22},"end":{"line":155,"column":8}},"68":{"start":{"line":156,"column":6},"end":{"line":156,"column":36}},"69":{"start":{"line":157,"column":6},"end":{"line":157,"column":64}},"70":{"start":{"line":159,"column":6},"end":{"line":159,"column":61}},"71":{"start":{"line":160,"column":26},"end":{"line":160,"column":81}},"72":{"start":{"line":161,"column":6},"end":{"line":161,"column":40}},"73":{"start":{"line":163,"column":6},"end":{"line":163,"column":27}},"74":{"start":{"line":167,"column":32},"end":{"line":170,"column":3}},"75":{"start":{"line":168,"column":4},"end":{"line":168,"column":25}},"76":{"start":{"line":169,"column":4},"end":{"line":169,"column":34}},"77":{"start":{"line":172,"column":32},"end":{"line":199,"column":3}},"78":{"start":{"line":173,"column":4},"end":{"line":176,"column":5}},"79":{"start":{"line":174,"column":6},"end":{"line":174,"column":53}},"80":{"start":{"line":175,"column":6},"end":{"line":175,"column":13}},"81":{"start":{"line":177,"column":4},"end":{"line":180,"column":5}},"82":{"start":{"line":178,"column":6},"end":{"line":178,"column":56}},"83":{"start":{"line":179,"column":6},"end":{"line":179,"column":13}},"84":{"start":{"line":182,"column":4},"end":{"line":182,"column":24}},"85":{"start":{"line":183,"column":4},"end":{"line":198,"column":5}},"86":{"start":{"line":184,"column":22},"end":{"line":188,"column":8}},"87":{"start":{"line":189,"column":6},"end":{"line":189,"column":37}},"88":{"start":{"line":190,"column":6},"end":{"line":190,"column":23}},"89":{"start":{"line":191,"column":6},"end":{"line":191,"column":30}},"90":{"start":{"line":192,"column":6},"end":{"line":192,"column":64}},"91":{"start":{"line":194,"column":6},"end":{"line":194,"column":58}},"92":{"start":{"line":195,"column":6},"end":{"line":195,"column":90}},"93":{"start":{"line":197,"column":6},"end":{"line":197,"column":27}},"94":{"start":{"line":201,"column":25},"end":{"line":245,"column":3}},"95":{"start":{"line":203,"column":22},"end":{"line":203,"column":78}},"96":{"start":{"line":205,"column":22},"end":{"line":205,"column":57}},"97":{"start":{"line":207,"column":4},"end":{"line":244,"column":6}},"98":{"start":{"line":210,"column":23},"end":{"line":210,"column":77}},"99":{"start":{"line":247,"column":21},"end":{"line":261,"column":3}},"100":{"start":{"line":248,"column":4},"end":{"line":260,"column":11}},"101":{"start":{"line":250,"column":8},"end":{"line":258,"column":27}},"102":{"start":{"line":253,"column":25},"end":{"line":253,"column":42}},"103":{"start":{"line":263,"column":23},"end":{"line":274,"column":3}},"104":{"start":{"line":264,"column":4},"end":{"line":273,"column":11}},"105":{"start":{"line":277,"column":20},"end":{"line":277,"column":44}},"106":{"start":{"line":279,"column":30},"end":{"line":305,"column":3}},"107":{"start":{"line":282,"column":25},"end":{"line":282,"column":46}},"108":{"start":{"line":283,"column":22},"end":{"line":283,"column":59}},"109":{"start":{"line":285,"column":4},"end":{"line":285,"column":49}},"110":{"start":{"line":285,"column":37},"end":{"line":285,"column":49}},"111":{"start":{"line":287,"column":4},"end":{"line":304,"column":6}},"112":{"start":{"line":308,"column":32},"end":{"line":362,"column":3}},"113":{"start":{"line":309,"column":4},"end":{"line":361,"column":12}},"114":{"start":{"line":323,"column":16},"end":{"line":348,"column":35}},"115":{"start":{"line":326,"column":33},"end":{"line":326,"column":70}},"116":{"start":{"line":355,"column":27},"end":{"line":355,"column":56}},"117":{"start":{"line":365,"column":33},"end":{"line":443,"column":3}},"118":{"start":{"line":366,"column":4},"end":{"line":442,"column":12}},"119":{"start":{"line":379,"column":16},"end":{"line":398,"column":35}},"120":{"start":{"line":385,"column":33},"end":{"line":385,"column":63}},"121":{"start":{"line":418,"column":16},"end":{"line":418,"column":47}},"122":{"start":{"line":419,"column":16},"end":{"line":419,"column":33}},"123":{"start":{"line":420,"column":16},"end":{"line":420,"column":40}},"124":{"start":{"line":445,"column":2},"end":{"line":489,"column":4}},"125":{"start":{"line":463,"column":34},"end":{"line":463,"column":41}},"126":{"start":{"line":492,"column":15},"end":{"line":706,"column":2}}},"fnMap":{"0":{"name":"(anonymous_0)","decl":{"start":{"line":34,"column":37},"end":{"line":34,"column":38}},"loc":{"start":{"line":34,"column":43},"end":{"line":490,"column":1}},"line":34},"1":{"name":"(anonymous_1)","decl":{"start":{"line":55,"column":21},"end":{"line":55,"column":22}},"loc":{"start":{"line":55,"column":33},"end":{"line":65,"column":3}},"line":55},"2":{"name":"(anonymous_2)","decl":{"start":{"line":67,"column":23},"end":{"line":67,"column":24}},"loc":{"start":{"line":67,"column":35},"end":{"line":74,"column":3}},"line":67},"3":{"name":"(anonymous_3)","decl":{"start":{"line":76,"column":21},"end":{"line":76,"column":22}},"loc":{"start":{"line":76,"column":33},"end":{"line":116,"column":3}},"line":76},"4":{"name":"(anonymous_4)","decl":{"start":{"line":86,"column":40},"end":{"line":86,"column":41}},"loc":{"start":{"line":86,"column":47},"end":{"line":86,"column":64}},"line":86},"5":{"name":"(anonymous_5)","decl":{"start":{"line":91,"column":79},"end":{"line":91,"column":80}},"loc":{"start":{"line":91,"column":91},"end":{"line":102,"column":7}},"line":91},"6":{"name":"(anonymous_6)","decl":{"start":{"line":118,"column":20},"end":{"line":118,"column":21}},"loc":{"start":{"line":118,"column":26},"end":{"line":121,"column":3}},"line":118},"7":{"name":"(anonymous_7)","decl":{"start":{"line":124,"column":16},"end":{"line":124,"column":17}},"loc":{"start":{"line":124,"column":22},"end":{"line":126,"column":5}},"line":124},"8":{"name":"(anonymous_8)","decl":{"start":{"line":130,"column":37},"end":{"line":130,"column":38}},"loc":{"start":{"line":130,"column":47},"end":{"line":141,"column":3}},"line":130},"9":{"name":"(anonymous_9)","decl":{"start":{"line":143,"column":31},"end":{"line":143,"column":32}},"loc":{"start":{"line":143,"column":43},"end":{"line":146,"column":3}},"line":143},"10":{"name":"(anonymous_10)","decl":{"start":{"line":148,"column":35},"end":{"line":148,"column":36}},"loc":{"start":{"line":148,"column":68},"end":{"line":165,"column":3}},"line":148},"11":{"name":"(anonymous_11)","decl":{"start":{"line":167,"column":32},"end":{"line":167,"column":33}},"loc":{"start":{"line":167,"column":44},"end":{"line":170,"column":3}},"line":167},"12":{"name":"(anonymous_12)","decl":{"start":{"line":172,"column":32},"end":{"line":172,"column":33}},"loc":{"start":{"line":172,"column":44},"end":{"line":199,"column":3}},"line":172},"13":{"name":"(anonymous_13)","decl":{"start":{"line":201,"column":25},"end":{"line":201,"column":26}},"loc":{"start":{"line":201,"column":59},"end":{"line":245,"column":3}},"line":201},"14":{"name":"(anonymous_14)","decl":{"start":{"line":210,"column":17},"end":{"l
[...]
ne":51,"column":36},"end":{"line":51,"column":37}},"loc":{"start":{"line":51,"column":64},"end":{"line":61,"column":1}},"line":51}},"branchMap":{"0":{"loc":{"start":{"line":7,"column":2},"end":{"line":19,"column":3}},"type":"if","locations":[{"start":{"line":7,"column":2},"end":{"line":19,"column":3}},{"start":{},"end":{}}],"line":7},"1":{"loc":{"start":{"line":9,"column":4},"end":{"line":11,"column":5}},"type":"if","locations":[{"start":{"line":9,"column":4},"end":{"line":11,"column":5}},{"start":{},"end":{}}],"line":9},"2":{"loc":{"start":{"line":12,"column":4},"end":{"line":14,"column":5}},"type":"if","locations":[{"start":{"line":12,"column":4},"end":{"line":14,"column":5}},{"start":{},"end":{}}],"line":12},"3":{"loc":{"start":{"line":16,"column":4},"end":{"line":18,"column":5}},"type":"if","locations":[{"start":{"line":16,"column":4},"end":{"line":18,"column":5}},{"start":{},"end":{}}],"line":16},"4":{"loc":{"start":{"line":21,"column":2},"end":{"line":23,"column":3}},"type":"if","locations":[{"start":{"line":21,"column":2},"end":{"line":23,"column":3}},{"start":{},"end":{}}],"line":21},"5":{"loc":{"start":{"line":32,"column":2},"end":{"line":34,"column":3}},"type":"if","locations":[{"start":{"line":32,"column":2},"end":{"line":34,"column":3}},{"start":{},"end":{}}],"line":32},"6":{"loc":{"start":{"line":33,"column":11},"end":{"line":33,"column":58}},"type":"binary-expr","locations":[{"start":{"line":33,"column":11},"end":{"line":33,"column":26}},{"start":{"line":33,"column":30},"end":{"line":33,"column":58}}],"line":33},"7":{"loc":{"start":{"line":42,"column":2},"end":{"line":44,"column":3}},"type":"if","locations":[{"start":{"line":42,"column":2},"end":{"line":44,"column":3}},{"start":{},"end":{}}],"line":42},"8":{"loc":{"start":{"line":52,"column":2},"end":{"line":54,"column":3}},"type":"if","locations":[{"start":{"line":52,"column":2},"end":{"line":54,"column":3}},{"start":{},"end":{}}],"line":52},"9":{"loc":{"start":{"line":56,"column":2},"end":{"line":58,"column":3}},"type":"if","locations":[{"start":{"line":56,"column":2},"end":{"line":58,"column":3}},{"start":{},"end":{}}],"line":56}},"s":{"0":0,"1":0,"2":0,"3":0,"4":0,"5":0,"6":0,"7":0,"8":0,"9":0,"10":0,"11":0,"12":0,"13":0,"14":0,"15":0,"16":0,"17":0,"18":0,"19":0,"20":0,"21":0,"22":0,"23":0,"24":0},"f":{"0":0,"1":0,"2":0,"3":0},"b":{"0":[0,0],"1":[0,0],"2":[0,0],"3":[0,0],"4":[0,0],"5":[0,0],"6":[0,0],"7":[0,0],"8":[0,0],"9":[0,0]}}
,"/Users/kulmashev/AGCMobileFrontend/src/utils/errorUtils.ts": {"path":"/Users/kulmashev/AGCMobileFrontend/src/utils/errorUtils.ts","statementMap":{"0":{"start":{"line":4,"column":35},"end":{"line":21,"column":1}},"1":{"start":{"line":5,"column":2},"end":{"line":7,"column":3}},"2":{"start":{"line":6,"column":4},"end":{"line":6,"column":17}},"3":{"start":{"line":9,"column":2},"end":{"line":11,"column":3}},"4":{"start":{"line":10,"column":4},"end":{"line":10,"column":58}},"5":{"start":{"line":13,"column":2},"end":{"line":18,"column":3}},"6":{"start":{"line":14,"column":26},"end":{"line":14,"column":80}},"7":{"start":{"line":15,"column":4},"end":{"line":17,"column":5}},"8":{"start":{"line":16,"column":6},"end":{"line":16,"column":42}},"9":{"start":{"line":20,"column":2},"end":{"line":20,"column":15}},"10":{"start":{"line":23,"column":27},"end":{"line":30,"column":1}},"11":{"start":{"line":24,"column":2},"end":{"line":27,"column":3}},"12":{"start":{"line":25,"column":4},"end":{"line":25,"column":62}},"13":{"start":{"line":26,"column":4},"end":{"line":26,"column":11}},"14":{"start":{"line":29,"column":2},"end":{"line":29,"column":37}}},"fnMap":{"0":{"name":"(anonymous_0)","decl":{"start":{"line":4,"column":35},"end":{"line":4,"column":36}},"loc":{"start":{"line":4,"column":64},"end":{"line":21,"column":1}},"line":4},"1":{"name":"(anonymous_1)","decl":{"start":{"line":23,"column":27},"end":{"line":23,"column":28}},"loc":{"start":{"line":23,"column":64},"end":{"line":30,"column":1}},"line":23}},"branchMap":{"0":{"loc":{"start":{"line":5,"column":2},"end":{"line":7,"column":3}},"type":"if","locations":[{"start":{"line":5,"column":2},"end":{"line":7,"column":3}},{"start":{},"end":{}}],"line":5},"1":{"loc":{"start":{"line":9,"column":2},"end":{"line":11,"column":3}},"type":"if","locations":[{"start":{"line":9,"column":2},"end":{"line":11,"column":3}},{"start":{},"end":{}}],"line":9},"2":{"loc":{"start":{"line":13,"column":2},"end":{"line":18,"column":3}},"type":"if","locations":[{"start":{"line":13,"column":2},"end":{"line":18,"column":3}},{"start":{},"end":{}}],"line":13},"3":{"loc":{"start":{"line":15,"column":4},"end":{"line":17,"column":5}},"type":"if","locations":[{"start":{"line":15,"column":4},"end":{"line":17,"column":5}},{"start":{},"end":{}}],"line":15},"4":{"loc":{"start":{"line":24,"column":2},"end":{"line":27,"column":3}},"type":"if","locations":[{"start":{"line":24,"column":2},"end":{"line":27,"column":3}},{"start":{},"end":{}}],"line":24}},"s":{"0":0,"1":0,"2":0,"3":0,"4":0,"5":0,"6":0,"7":0,"8":0,"9":0,"10":0,"11":0,"12":0,"13":0,"14":0},"f":{"0":0,"1":0},"b":{"0":[0,0],"1":[0,0],"2":[0,0],"3":[0,0],"4":[0,0]}}
,"/Users/kulmashev/AGCMobileFrontend/src/utils/extractResults.ts": {"path":"/Users/kulmashev/AGCMobileFrontend/src/utils/extractResults.ts","statementMap":{"0":{"start":{"line":5,"column":30},"end":{"line":13,"column":1}},"1":{"start":{"line":6,"column":2},"end":{"line":8,"column":3}},"2":{"start":{"line":7,"column":4},"end":{"line":7,"column":16}},"3":{"start":{"line":9,"column":2},"end":{"line":11,"column":3}},"4":{"start":{"line":10,"column":4},"end":{"line":10,"column":24}},"5":{"start":{"line":12,"column":2},"end":{"line":12,"column":12}}},"fnMap":{"0":{"name":"(anonymous_0)","decl":{"start":{"line":5,"column":30},"end":{"line":5,"column":31}},"loc":{"start":{"line":5,"column":53},"end":{"line":13,"column":1}},"line":5}},"branchMap":{"0":{"loc":{"start":{"line":6,"column":2},"end":{"line":8,"column":3}},"type":"if","locations":[{"start":{"line":6,"column":2},"end":{"line":8,"column":3}},{"start":{},"end":{}}],"line":6},"1":{"loc":{"start":{"line":9,"column":2},"end":{"line":11,"column":3}},"type":"if","locations":[{"start":{"line":9,"column":2},"end":{"line":11,"column":3}},{"start":{},"end":{}}],"line":9},"2":{"loc":{"start":{"line":9,"column":6},"end":{"line":9,"column":90}},"type":"binary-expr","locations":[{"start":{"line":9,"column":6},"end":{"line":9,"column":10}},{"start":{"line":9,"column":14},"end":{"line":9,"column":38}},{"start":{"line":9,"column":42},"end":{"line":9,"column":59}},{"start":{"line":9,"column":63},"end":{"line":9,"column":90}}],"line":9}},"s":{"0":0,"1":0,"2":0,"3":0,"4":0,"5":0},"f":{"0":0},"b":{"0":[0,0],"1":[0,0],"2":[0,0,0,0]}}
,"/Users/kulmashev/AGCMobileFrontend/src/utils/logger.ts": {"path":"/Users/kulmashev/AGCMobileFrontend/src/utils/logger.ts","statementMap":{"0":{"start":{"line":7,"column":15},"end":{"line":7,"column":22}},"1":{"start":{"line":9,"column":22},"end":{"line":60,"column":1}},"2":{"start":{"line":14,"column":4},"end":{"line":16,"column":5}},"3":{"start":{"line":15,"column":6},"end":{"line":15,"column":36}},"4":{"start":{"line":23,"column":4},"end":{"line":25,"column":5}},"5":{"start":{"line":24,"column":6},"end":{"line":24,"column":40}},"6":{"start":{"line":32,"column":4},"end":{"line":34,"column":5}},"7":{"start":{"line":33,"column":6},"end":{"line":33,"column":38}},"8":{"start":{"line":41,"column":4},"end":{"line":46,"column":5}},"9":{"start":{"line":42,"column":6},"end":{"line":42,"column":38}},"10":{"start":{"line":53,"column":4},"end":{"line":58,"column":5}},"11":{"start":{"line":54,"column":6},"end":{"line":54,"column":40}}},"fnMap":{"0":{"name":"(anonymous_0)","decl":{"start":{"line":13,"column":7},"end":{"line":13,"column":8}},"loc":{"start":{"line":13,"column":33},"end":{"line":17,"column":3}},"line":13},"1":{"name":"(anonymous_1)","decl":{"start":{"line":22,"column":9},"end":{"line":22,"column":10}},"loc":{"start":{"line":22,"column":35},"end":{"line":26,"column":3}},"line":22},"2":{"name":"(anonymous_2)","decl":{"start":{"line":31,"column":8},"end":{"line":31,"column":9}},"loc":{"start":{"line":31,"column":34},"end":{"line":35,"column":3}},"line":31},"3":{"name":"(anonymous_3)","decl":{"start":{"line":40,"column":8},"end":{"line":40,"column":9}},"loc":{"start":{"line":40,"column":34},"end":{"line":47,"column":3}},"line":40},"4":{"name":"(anonymous_4)","decl":{"start":{"line":52,"column":9},"end":{"line":52,"column":10}},"loc":{"start":{"line":52,"column":35},"end":{"line":59,"column":3}},"line":52}},"branchMap":{"0":{"loc":{"start":{"line":14,"column":4},"end":{"line":16,"column":5}},"type":"if","locations":[{"start":{"line":14,"column":4},"end":{"line":16,"column":5}},{"start":{},"end":{}}],"line":14},"1":{"loc":{"start":{"line":23,"column":4},"end":{"line":25,"column":5}},"type":"if","locations":[{"start":{"line":23,"column":4},"end":{"line":25,"column":5}},{"start":{},"end":{}}],"line":23},"2":{"loc":{"start":{"line":32,"column":4},"end":{"line":34,"column":5}},"type":"if","locations":[{"start":{"line":32,"column":4},"end":{"line":34,"column":5}},{"start":{},"end":{}}],"line":32},"3":{"loc":{"start":{"line":41,"column":4},"end":{"line":46,"column":5}},"type":"if","locations":[{"start":{"line":41,"column":4},"end":{"line":46,"column":5}},{"start":{"line":43,"column":11},"end":{"line":46,"column":5}}],"line":41},"4":{"loc":{"start":{"line":53,"column":4},"end":{"line":58,"column":5}},"type":"if","locations":[{"start":{"line":53,"column":4},"end":{"line":58,"column":5}},{"start":{"line":55,"column":11},"end":{"line":58,"column":5}}],"line":53}},"s":{"0":0,"1":0,"2":0,"3":0,"4":0,"5":0,"6":0,"7":0,"8":0,"9":0,"10":0,"11":0},"f":{"0":0,"1":0,"2":0,"3":0,"4":0},"b":{"0":[0,0],"1":[0,0],"2":[0,0],"3":[0,0],"4":[0,0]}}
,"/Users/kulmashev/AGCMobileFrontend/src/utils/secureUrl.ts": {"path":"/Users/kulmashev/AGCMobileFrontend/src/utils/secureUrl.ts","statementMap":{"0":{"start":{"line":7,"column":23},"end":{"line":7,"column":51}},"1":{"start":{"line":16,"column":30},"end":{"line":31,"column":1}},"2":{"start":{"line":17,"column":4},"end":{"line":17,"column":31}},"3":{"start":{"line":17,"column":14},"end":{"line":17,"column":31}},"4":{"start":{"line":20,"column":4},"end":{"line":22,"column":5}},"5":{"start":{"line":21,"column":8},"end":{"line":21,"column":41}},"6":{"start":{"line":25,"column":4},"end":{"line":27,"column":5}},"7":{"start":{"line":26,"column":8},"end":{"line":26,"column":50}},"8":{"start":{"line":30,"column":4},"end":{"line":30,"column":15}}},"fnMap":{"0":{"name":"(anonymous_0)","decl":{"start":{"line":16,"column":30},"end":{"line":16,"column":31}},"loc":{"start":{"line":16,"column":86},"end":{"line":31,"column":1}},"line":16}},"branchMap":{"0":{"loc":{"start":{"line":17,"column":4},"end":{"line":17,"column":31}},"type":"if","locations":[{"start":{"line":17,"column":4},"end":{"line":17,"column":31}},{"start":{},"end":{}}],"line":17},"1":{"loc":{"start":{"line":20,"column":4},"end":{"line":22,"column":5}},"type":"if","locations":[{"start":{"line":20,"column":4},"end":{"line":22,"column":5}},{"start":{},"end":{}}],"line":20},"2":{"loc":{"start":{"line":25,"column":4},"end":{"line":27,"column":5}},"type":"if","locations":[{"start":{"line":25,"column":4},"end":{"line":27,"column":5}},{"start":{},"end":{}}],"line":25}},"s":{"0":0,"1":0,"2":0,"3":0,"4":0,"5":0,"6":0,"7":0,"8":0},"f":{"0":0},"b":{"0":[0,0],"1":[0,0],"2":[0,0]}}
,"/Users/kulmashev/AGCMobileFrontend/src/utils/validation.ts": {"path":"/Users/kulmashev/AGCMobileFrontend/src/utils/validation.ts","statementMap":{"0":{"start":{"line":9,"column":29},"end":{"line":28,"column":1}},"1":{"start":{"line":10,"column":2},"end":{"line":12,"column":3}},"2":{"start":{"line":11,"column":4},"end":{"line":11,"column":65}},"3":{"start":{"line":15,"column":21},"end":{"line":15,"column":45}},"4":{"start":{"line":18,"column":2},"end":{"line":20,"column":3}},"5":{"start":{"line":19,"column":4},"end":{"line":19,"column":80}},"6":{"start":{"line":23,"column":2},"end":{"line":25,"column":3}},"7":{"start":{"line":24,"column":4},"end":{"line":24,"column":65}},"8":{"start":{"line":27,"column":2},"end":{"line":27,"column":27}},"9":{"start":{"line":33,"column":40},"end":{"line":51,"column":1}},"10":{"start":{"line":37,"column":2},"end":{"line":39,"column":3}},"11":{"start":{"line":38,"column":4},"end":{"line":38,"column":70}},"12":{"start":{"line":41,"column":2},"end":{"line":43,"column":3}},"13":{"start":{"line":42,"column":4},"end":{"line":42,"column":86}},"14":{"start":{"line":46,"column":2},"end":{"line":48,"column":3}},"15":{"start":{"line":47,"column":4},"end":{"line":47,"column":71}},"16":{"start":{"line":50,"column":2},"end":{"line":50,"column":27}},"17":{"start":{"line":56,"column":29},"end":{"line":67,"column":1}},"18":{"start":{"line":57,"column":2},"end":{"line":59,"column":3}},"19":{"start":{"line":58,"column":4},"end":{"line":58,"column":58}},"20":{"start":{"line":61,"column":21},"end":{"line":61,"column":49}},"21":{"start":{"line":62,"column":2},"end":{"line":64,"column":3}},"22":{"start":{"line":63,"column":4},"end":{"line":63,"column":61}},"23":{"start":{"line":66,"column":2},"end":{"line":66,"column":27}},"24":{"start":{"line":72,"column":32},"end":{"line":83,"column":1}},"25":{"start":{"line":76,"column":23},"end":{"line":76,"column":46}},"26":{"start":{"line":78,"column":2},"end":{"line":80,"column":3}},"27":{"start":{"line":79,"column":4},"end":{"line":79,"column":83}},"28":{"start":{"line":82,"column":2},"end":{"line":82,"column":27}},"29":{"start":{"line":88,"column":32},"end":{"line":98,"column":1}},"30":{"start":{"line":92,"column":2},"end":{"line":95,"column":3}},"31":{"start":{"line":93,"column":21},"end":{"line":93,"column":72}},"32":{"start":{"line":93,"column":45},"end":{"line":93,"column":60}},"33":{"start":{"line":94,"column":4},"end":{"line":94,"column":75}},"34":{"start":{"line":97,"column":2},"end":{"line":97,"column":27}},"35":{"start":{"line":103,"column":32},"end":{"line":112,"column":1}},"36":{"start":{"line":107,"column":2},"end":{"line":109,"column":3}},"37":{"start":{"line":108,"column":4},"end":{"line":108,"column":65}},"38":{"start":{"line":111,"column":2},"end":{"line":111,"column":27}}},"fnMap":{"0":{"name":"(anonymous_0)","decl":{"start":{"line":9,"column":29},"end":{"line":9,"column":30}},"loc":{"start":{"line":9,"column":86},"end":{"line":28,"column":1}},"line":9},"1":{"name":"(anonymous_1)","decl":{"start":{"line":33,"column":40},"end":{"line":33,"column":41}},"loc":{"start":{"line":36,"column":43},"end":{"line":51,"column":1}},"line":36},"2":{"name":"(anonymous_2)","decl":{"start":{"line":56,"column":29},"end":{"line":56,"column":30}},"loc":{"start":{"line":56,"column":86},"end":{"line":67,"column":1}},"line":56},"3":{"name":"(anonymous_3)","decl":{"start":{"line":72,"column":32},"end":{"line":72,"column":33}},"loc":{"start":{"line":75,"column":43},"end":{"line":83,"column":1}},"line":75},"4":{"name":"(anonymous_4)","decl":{"start":{"line":88,"column":32},"end":{"line":88,"column":33}},"loc":{"start":{"line":91,"column":43},"end":{"line":98,"column":1}},"line":91},"5":{"name":"(anonymous_5)","decl":{"start":{"line":93,"column":38},"end":{"line":93,"column":39}},"loc":{"start":{"line":93,"column":45},"end":{"line":93,"column":60}},"line":93},"6":{"name":"(anonymous_6)","decl":{"start":{"line":103,"column":32},"end":{"line":103,"column":33}},"loc":{"start":{"line":106,"column":43},"end":{"line":112,"column":1}},"line":106}},"branchMap":{"0":{"loc":{"start":{"line":10,"column":2},"end":{"line":12,"column":3}},"type":"if","locations":[{"start":{"line":10,"column":2},"end":{"line":12,"column":3}},{"start":{},"end":{}}],"line":10},"1":{"loc":{"start":{"line":10,"column":6},"end":{"line":10,"column":29}},"type":"binary-expr","locations":[{"start":{"line":10,"column":6},"end":{"line":10,"column":12}},{"start":{"line":10,"column":16},"end":{"line":10,"column":29}}],"line":10},"2":{"loc":{"start":{"line":18,"column":2},"end":{"line":20,"column":3}},"type":"if","locations":[{"start":{"line":18,"column":2},"end":{"line":20,"column":3}},{"start":{},"end":{}}],"line":18},"3":{"loc":{"start":{"line":23,"column":2},"end":{"line":25,"column":3}},"type":"if","locations":[{"start":{"line":23,"column":2},"end":{"line":25,"column":3}},{"start":{},"end":{}}],"line":23},"4":{"loc":{"start":{"line":35,"column":2},"end":{"line":35,"column":23}},"type":"default-arg","locations":[{"start":{"line":35,"column":22},"end":{"line":35,"column":23}}],"line":35},"5":{"loc":{"start":{"line":37,"column":2},"end":{"line":39,"column":3}},"type":"if","locations":[{"start":{"line":37,"column":2},"end":{"line":39,"column":3}},{"start":{},"end":{}}],"line":37},"6":{"loc":{"start":{"line":37,"column":6},"end":{"line":37,"column":27}},"type":"binary-expr","locations":[{"start":{"line":37,"column":6},"end":{"line":37,"column":11}},{"start":{"line":37,"column":15},"end":{"line":37,"column":27}}],"line":37},"7":{"loc":{"start":{"line":41,"column":2},"end":{"line":43,"column":3}},"type":"if","locations":[{"start":{"line":41,"column":2},"end":{"line":43,"column":3}},{"start":{},"end":{}}],"line":41},"8":{"loc":{"start":{"line":46,"column":2},"end":{"line":48,"column":3}},"type":"if","locations":[{"start":{"line":46,"column":2},"end":{"line":48,"column":3}},{"start":{},"end":{}}],"line":46},"9":{"loc":{"start":{"line":57,"column":2},"end":{"line":59,"column":3}},"type":"if","locations":[{"start":{"line":57,"column":2},"end":{"line":59,"column":3}},{"start":{},"end":{}}],"line":57},"10":{"loc":{"start":{"line":57,"column":6},"end":{"line":57,"column":29}},"type":"binary-expr","locations":[{"start":{"line":57,"column":6},"end":{"line":57,"column":12}},{"start":{"line":57,"column":16},"end":{"line":57,"column":29}}],"line":57},"11":{"loc":{"start":{"line":62,"column":2},"end":{"line":64,"column":3}},"type":"if","locations":[{"start":{"line":62,"column":2},"end":{"line":64,"column":3}},{"start":{},"end":{}}],"line":62},"12":{"loc":{"start":{"line":74,"column":2},"end":{"line":74,"column":23}},"type":"default-arg","locations":[{"start":{"line":74,"column":22},"end":{"line":74,"column":23}}],"line":74},"13":{"loc":{"start":{"line":78,"column":2},"end":{"line":80,"column":3}},"type":"if","locations":[{"start":{"line":78,"column":2},"end":{"line":80,"column":3}},{"start":{},"end":{}}],"line":78},"14":{"loc":{"start":{"line":90,"column":2},"end":{"line":90,"column":68}},"type":"default-arg","locations":[{"start":{"line":90,"column":27},"end":{"line":90,"column":68}}],"line":90},"15":{"loc":{"start":{"line":92,"column":2},"end":{"line":95,"column":3}},"type":"if","locations":[{"start":{"line":92,"column":2},"end":{"line":95,"column":3}},{"start":{},"end":{}}],"line":92},"16":{"loc":{"start":{"line":105,"column":2},"end":{"line":105,"column":29}},"type":"default-arg","locations":[{"start":{"line":105,"column":22},"end":{"line":105,"column":29}}],"line":105},"17":{"loc":{"start":{"line":107,"column":2},"end":{"line":109,"column":3}},"type":"if","locations":[{"start":{"line":107,"column":2},"end":{"line":109,"column":3}},{"start":{},"end":{}}],"line":107},"18":{"loc":{"start":{"line":107,"column":6},"end":{"line":107,"column":29}},"type":"binary-expr","locations":[{"start":{"line":107,"column":6},"end":{"line":107,"column":12}},{"start":{"line":107,"column":16},"end":{"line":107,"column":29}}],"line":107}},"s":{"0":1,"1":3,"2":0,"3":3,"4":3,"5":1,"6":2,"7":0,"8":2,"9":1,"10":0,"11":0,"12":0,"13":0,"14":0,"15":0,"16":0,"17":1,"18":2,"19":0,"20":2,"21":2,"22":1,"23":1,"24":1,"25":0,"26":0,"27":0,"28":0,"29":1,"30":0,"31":0,"32":0,"33":0,"34":0,"35":1,"36":3,"37":2,"38":1},"f":{"0":3,"1":0,"2":2,"3":0,"4":0,"5":0,"6":3},"b":{"0":[0,3],"1":[3,3],"2":[1,2],"3":[0,2],"4":[0],"5":[0,0],"6":[0,0],"7":[0,0],"8":[0,0],"9":[0,2],"10":[2,2],"11":[1,1],"12":[0],"13":[0,0],"14":[0],"15":[0,0],"16":[3],"17":[2,1],"18":[3,2]},"_coverageSchema":"1a1c01bbd47fc00a2c39e90264f33305004495a9","hash":"eff08766012adacee4ae77885f3835ac13bbd6aa"}
}
